     0.365369990468025E-01     0.131242835777812E-03     0.174587237834930E+01     0.130887638079002E-03
     0.456712506711483E-01     0.533957034349442E-03     0.272018980979919E+01     0.531955214682966E-03
     0.548054985702038E-01     0.950880057644099E-03     0.322979807853699E+01     0.946558080613613E-03
     0.639397501945496E-01     0.133149523753673E-02     0.354405474662781E+01     0.132455932907760E-02
     0.730739980936050E-01     0.168841506820172E-02     0.376822853088379E+01     0.167875643819571E-02
     0.822082534432411E-01     0.200261827558279E-02     0.391684365272522E+01     0.199032435193658E-02
     0.913425013422966E-01     0.230519892647862E-02     0.403544902801514E+01     0.229047983884811E-02
     0.100476749241352E+00     0.258822739124298E-02     0.412364578247070E+01     0.257148360833526E-02
     0.109610997140408E+00     0.286371959373355E-02     0.419452142715454E+01     0.284552993252873E-02
     0.118745252490044E+00     0.312537560239434E-02     0.424163246154785E+01     0.310610095039010E-02
     0.127879500389099E+00     0.341099454089999E-02     0.428773164749146E+01     0.339036714285612E-02
     0.137013748288155E+00     0.373917841352522E-02     0.433717823028564E+01     0.371685135178268E-02
     0.146147996187210E+00     0.411200011149049E-02     0.437904262542725E+01     0.408771354705095E-02
     0.155282244086266E+00     0.459030596539378E-02     0.444107866287231E+01     0.456389458850026E-02
     0.164416506886482E+00     0.519009865820408E-02     0.451373910903931E+01     0.516157178208232E-02
     0.173550754785538E+00     0.595200853422284E-02     0.460822105407715E+01     0.592155754566193E-02
     0.182685002684593E+00     0.687295850366354E-02     0.471372127532959E+01     0.684034777805209E-02
     0.191819250583649E+00     0.795807410031557E-02     0.482756471633911E+01     0.792283006012440E-02
     0.200953498482704E+00     0.924279261380434E-02     0.496360397338867E+01     0.920498836785555E-02
     0.210087746381760E+00     0.106939626857638E-01     0.509101152420044E+01     0.106545798480511E-01
     0.219221994280815E+00     0.123144630342722E-01     0.522554063796997E+01     0.122742280364037E-01
     0.228356257081032E+00     0.140289086848497E-01     0.536039161682129E+01     0.139888636767864E-01
     0.237490504980087E+00     0.157650429755449E-01     0.548662424087524E+01     0.157259479165077E-01
     0.246624752879143E+00     0.175862852483988E-01     0.560377454757690E+01     0.175483692437410E-01
     0.255759000778198E+00     0.196321066468954E-01     0.572880935668945E+01     0.195966288447380E-01
     0.264893263578415E+00     0.219736769795418E-01     0.586129331588745E+01     0.219425726681948E-01
     0.274027496576309E+00     0.245990231633186E-01     0.599246168136597E+01     0.245746709406376E-01
     0.283161759376526E+00     0.274750441312790E-01     0.613059139251709E+01     0.274597052484751E-01
     0.292295992374420E+00     0.304430816322565E-01     0.626923036575317E+01     0.304386317729950E-01
     0.301430255174637E+00     0.334246009588242E-01     0.639526033401489E+01     0.334324054419994E-01
     0.310564488172531E+00     0.365370921790600E-01     0.650837564468384E+01     0.365597046911716E-01
     0.319698750972748E+00     0.399580001831055E-01     0.664079332351685E+01     0.399991720914841E-01
     0.328833013772964E+00     0.436048321425915E-01     0.675918769836426E+01     0.436683334410191E-01
     0.337967246770859E+00     0.476132966578007E-01     0.689199304580688E+01     0.477043576538563E-01
     0.347101509571075E+00     0.518368594348431E-01     0.701199483871460E+01     0.519601628184319E-01
     0.356235742568970E+00     0.560587085783482E-01     0.713831567764282E+01     0.562173202633858E-01
     0.365370005369186E+00     0.602521821856499E-01     0.724232578277588E+01     0.604486353695393E-01
     0.374504238367081E+00     0.647830665111542E-01     0.736205482482910E+01     0.650233998894691E-01
     0.383638501167297E+00     0.696056485176086E-01     0.747245073318481E+01     0.698965862393379E-01
     0.392772763967514E+00     0.747377425432205E-01     0.759543085098267E+01     0.750871151685715E-01
     0.401906996965408E+00     0.801543593406677E-01     0.770420169830322E+01     0.805699676275253E-01
     0.411041259765625E+00     0.857409983873367E-01     0.781978750228882E+01     0.862298235297203E-01
     0.420175492763519E+00     0.908450037240982E-01     0.791980981826782E+01     0.914051085710526E-01
     0.429309755563736E+00     0.964366197586060E-01     0.802235889434814E+01     0.970792472362518E-01
     0.438443988561630E+00     0.102431111037731E+00     0.812117481231689E+01     0.103167355060577E+00
     0.447578251361847E+00     0.108751781284809E+00     0.823029518127441E+01     0.109592705965042E+00
     0.456712514162064E+00     0.115143232047558E+00     0.833308410644531E+01     0.116096585988998E+00
     0.465846747159958E+00     0.121381498873234E+00     0.843020153045654E+01     0.122450001537800E+00
     0.474981009960175E+00     0.127804756164551E+00     0.852340412139893E+01     0.128998175263405E+00
     0.484115242958069E+00     0.134631901979446E+00     0.861551475524902E+01     0.135964050889015E+00
     0.493249505758286E+00     0.141766577959061E+00     0.871154689788818E+01     0.143251240253448E+00
     0.502383768558502E+00     0.149064138531685E+00     0.880263423919678E+01     0.150713726878166E+00
     0.511518001556396E+00     0.156132161617279E+00     0.889332199096680E+01     0.157946899533272E+00
     0.520652234554291E+00     0.163350969552994E+00     0.897926235198975E+01     0.165341660380363E+00
     0.529786527156830E+00     0.170962780714035E+00     0.905913352966309E+01     0.173148408532143E+00
     0.538920760154724E+00     0.178901240229607E+00     0.915363788604736E+01     0.181298390030861E+00
     0.548054993152618E+00     0.187121480703354E+00     0.923397350311279E+01     0.189745947718620E+00
     0.557189226150513E+00     0.194867461919785E+00     0.931544876098633E+01     0.197715044021606E+00
     0.566323518753052E+00     0.202691480517387E+00     0.938924598693848E+01     0.205773383378983E+00
     0.575457751750946E+00     0.211125776171684E+00     0.946891689300537E+01     0.214469566941261E+00
     0.584591984748840E+00     0.219779446721077E+00     0.954859352111816E+01     0.223401710391045E+00
     0.593726277351379E+00     0.228529289364815E+00     0.962664604187012E+01     0.232443749904633E+00
     0.602860510349274E+00     0.236821293830872E+00     0.970300006866455E+01     0.241022393107414E+00
     0.611994743347168E+00     0.245529517531395E+00     0.977344989776611E+01     0.250040501356125E+00
     0.621128976345062E+00     0.254301846027374E+00     0.984083366394043E+01     0.259136676788330E+00
     0.630263268947601E+00     0.263445585966110E+00     0.991916370391846E+01     0.268628060817719E+00
     0.639397501945496E+00     0.272447347640991E+00     0.997953414916992E+01     0.277983129024506E+00
     0.648531734943390E+00     0.281204283237457E+00     0.100453777313232E+02     0.287094205617905E+00
     0.657666027545929E+00     0.290249735116959E+00     0.101149425506592E+02     0.296516507863998E+00
     0.666800260543823E+00     0.299264073371887E+00     0.101761236190796E+02     0.305917084217072E+00
     0.675934493541718E+00     0.308585762977600E+00     0.102394647598267E+02     0.315649449825287E+00
     0.685068726539612E+00     0.317722886800766E+00     0.102939281463623E+02     0.325199693441391E+00
     0.694203019142151E+00     0.326996445655823E+00     0.103525466918945E+02     0.334904849529266E+00
     0.703337252140045E+00     0.336249470710754E+00     0.104162874221802E+02     0.344599574804306E+00
     0.712471485137939E+00     0.345451384782791E+00     0.104642219543457E+02     0.354251831769943E+00
     0.721605777740479E+00     0.355286300182343E+00     0.105306987762451E+02     0.364579647779465E+00
     0.730740010738373E+00     0.364612579345703E+00     0.105784387588501E+02     0.374386429786682E+00
     0.739874243736267E+00     0.374278634786606E+00     0.106381883621216E+02     0.384561747312546E+00
     0.749008476734161E+00     0.383706837892532E+00     0.106897439956665E+02     0.394498944282532E+00
     0.758142769336700E+00     0.393363922834396E+00     0.107319135665894E+02     0.404689133167267E+00
     0.767277002334595E+00     0.403353840112686E+00     0.107847118377686E+02     0.415243238210678E+00
     0.776411235332489E+00     0.412871003150940E+00     0.108360824584961E+02     0.425310552120209E+00
     0.785545527935028E+00     0.422931313514709E+00     0.108841753005981E+02     0.435965687036514E+00
     0.794679760932922E+00     0.432583868503571E+00     0.109344301223755E+02     0.446200639009476E+00
     0.803813993930817E+00     0.442514151334763E+00     0.109810819625854E+02     0.456743866205215E+00
     0.812948226928711E+00     0.452717900276184E+00     0.110216598510742E+02     0.467590183019638E+00
     0.822082519531250E+00     0.462540268898010E+00     0.110698137283325E+02     0.478044092655182E+00
     0.831216752529144E+00     0.472763210535049E+00     0.111166114807129E+02     0.488938599824905E+00
     0.840350985527039E+00     0.482556104660034E+00     0.111564216613770E+02     0.499386757612228E+00
     0.849485278129578E+00     0.492873728275299E+00     0.112001342773438E+02     0.510409414768219E+00
     0.858619511127472E+00     0.503154516220093E+00     0.112451725006104E+02     0.521406114101410E+00
     0.867753744125366E+00     0.513177156448364E+00     0.112829875946045E+02     0.532140433788300E+00
     0.876887977123260E+00     0.523552179336548E+00     0.113213005065918E+02     0.543266713619232E+00
     0.886022269725800E+00     0.533587515354156E+00     0.113586645126343E+02     0.554041504859924E+00
     0.895156502723694E+00     0.544005751609802E+00     0.114007520675659E+02     0.565241694450378E+00
     0.904290735721588E+00     0.554575681686401E+00     0.114419040679932E+02     0.576620340347290E+00
     0.913425028324127E+00     0.564732670783997E+00     0.114763250350952E+02     0.587567746639252E+00
     0.922559261322021E+00     0.575095117092133E+00     0.115052967071533E+02     0.598751842975616E+00
     0.931693494319916E+00     0.585344433784485E+00     0.115403995513916E+02     0.609827220439911E+00
     0.940827727317810E+00     0.596013605594635E+00     0.115826587677002E+02     0.621371448040009E+00
     0.949962019920349E+00     0.606472313404083E+00     0.116180810928345E+02     0.632702946662903E+00
     0.959096252918243E+00     0.616854429244995E+00     0.116497106552124E+02     0.643966317176819E+00
     0.968230485916138E+00     0.627496719360352E+00     0.116874170303345E+02     0.655526518821716E+00
     0.977364778518677E+00     0.637731909751892E+00     0.117134895324707E+02     0.666659414768219E+00
     0.986499011516571E+00     0.648349285125732E+00     0.117436113357544E+02     0.678223013877869E+00
     0.995633244514465E+00     0.659117758274078E+00     0.117835855484009E+02     0.689966797828674E+00
     0.100476753711700E+01     0.669519662857056E+00     0.118128404617310E+02     0.701325356960297E+00
     0.101390171051025E+01     0.680061161518097E+00     0.118386278152466E+02     0.712852776050568E+00
     0.102303600311279E+01     0.690572440624237E+00     0.118714256286621E+02     0.724360704421997E+00
     0.103217029571533E+01     0.701167702674866E+00     0.118948545455933E+02     0.735976874828339E+00
     0.104130446910858E+01     0.711822390556335E+00     0.119297552108765E+02     0.747673988342285E+00
     0.105043876171112E+01     0.722387254238129E+00     0.119592561721802E+02     0.759287714958191E+00
     0.105957305431366E+01     0.733003914356232E+00     0.119851140975952E+02     0.770973861217499E+00
     0.106870722770691E+01     0.743425250053406E+00     0.120123949050903E+02     0.782460272312164E+00
     0.107784152030945E+01     0.754111111164093E+00     0.120335741043091E+02     0.794254302978516E+00
     0.108697569370270E+01     0.764744818210602E+00     0.120599479675293E+02     0.806006431579590E+00
     0.109610998630524E+01     0.775294244289398E+00     0.120876398086548E+02     0.817681074142456E+00
     0.110524427890778E+01     0.785892546176910E+00     0.121129655838013E+02     0.829425692558289E+00
     0.111437845230103E+01     0.796463251113892E+00     0.121414394378662E+02     0.841155409812927E+00
     0.112351274490356E+01     0.807071268558502E+00     0.121625719070435E+02     0.852942585945129E+00
     0.113264703750610E+01     0.817591071128845E+00     0.121829452514648E+02     0.864647924900055E+00
     0.114178121089935E+01     0.828288197517395E+00     0.122096118927002E+02     0.876566588878632E+00
     0.115091550350189E+01     0.838856339454651E+00     0.122385892868042E+02     0.888356924057007E+00
     0.116004979610443E+01     0.849195361137390E+00     0.122574748992920E+02     0.899908185005188E+00
     0.116918396949768E+01     0.859934151172638E+00     0.122810239791870E+02     0.911922097206116E+00
     0.117831826210022E+01     0.870336234569550E+00     0.122970237731934E+02     0.923574864864349E+00
     0.118745255470276E+01     0.880812704563141E+00     0.123230733871460E+02     0.935327470302582E+00
     0.119658672809601E+01     0.891388356685638E+00     0.123446846008301E+02     0.947207152843475E+00
     0.120572102069855E+01     0.901708424091339E+00     0.123578777313232E+02     0.958815515041351E+00
     0.121485519409180E+01     0.912145435810089E+00     0.123798503875732E+02     0.970571756362915E+00
     0.122398948669434E+01     0.922787666320801E+00     0.124019775390625E+02     0.982575476169586E+00
     0.123312377929688E+01     0.933084547519684E+00     0.124196434020996E+02     0.994205534458160E+00
     0.124225795269012E+01     0.943524599075317E+00     0.124444246292114E+02     0.100601327419281E+01
     0.125139224529266E+01     0.953716397285461E+00     0.124581489562988E+02     0.101755595207214E+01
     0.126052653789520E+01     0.964135825634003E+00     0.124730806350708E+02     0.102937316894531E+01
     0.126966071128845E+01     0.974560141563416E+00     0.124962120056152E+02     0.104121148586273E+01
     0.127879500389099E+01     0.984782040119171E+00     0.125099201202393E+02     0.105283641815186E+01
     0.128792929649353E+01     0.995151102542877E+00     0.125332689285278E+02     0.106464445590973E+01
     0.129706346988678E+01     0.100531196594238E+01     0.125474805831909E+02     0.107623159885406E+01
     0.130619776248932E+01     0.101545119285583E+01     0.125626869201660E+02     0.108780980110168E+01
     0.131533205509186E+01     0.102581536769867E+01     0.125794677734375E+02     0.109966111183167E+01
     0.132446622848511E+01     0.103577423095703E+01     0.125909271240234E+02     0.111106467247009E+01
     0.133360052108765E+01     0.104608082771301E+01     0.126141920089722E+02     0.112288236618042E+01
     0.134273469448090E+01     0.105607688426971E+01     0.126283216476440E+02     0.113435959815979E+01
     0.135186898708344E+01     0.106609201431274E+01     0.126397695541382E+02     0.114587485790253E+01
     0.136100327968597E+01     0.107632899284363E+01     0.126580724716187E+02     0.115766167640686E+01
     0.137013745307922E+01     0.108619248867035E+01     0.126720056533813E+02     0.116903376579285E+01
     0.137927174568176E+01     0.109615790843964E+01     0.126858205795288E+02     0.118053877353668E+01
     0.138840603828430E+01     0.110608708858490E+01     0.126965942382812E+02     0.119201755523682E+01
     0.139754021167755E+01     0.111577332019806E+01     0.127074871063232E+02     0.120323133468628E+01
     0.140667450428009E+01     0.112564313411713E+01     0.127182493209839E+02     0.121467280387878E+01
     0.141580879688263E+01     0.113566434383392E+01     0.127382164001465E+02     0.122630548477173E+01
     0.142494297027588E+01     0.114526236057281E+01     0.127427043914795E+02     0.123746311664581E+01
     0.143407726287842E+01     0.115500617027283E+01     0.127552375793457E+02     0.124880480766296E+01
     0.144321155548096E+01     0.116462051868439E+01     0.127669506072998E+02     0.126001083850861E+01
     0.145234572887421E+01     0.117448377609253E+01     0.127823390960693E+02     0.127152287960052E+01
     0.146148002147675E+01     0.118405306339264E+01     0.127936706542969E+02     0.128270709514618E+01
     0.147061419487000E+01     0.119358682632446E+01     0.128072557449341E+02     0.129386544227600E+01
     0.147974848747253E+01     0.120316052436829E+01     0.128170824050903E+02     0.130508506298065E+01
     0.148888278007507E+01     0.121251535415649E+01     0.128227157592773E+02     0.131606352329254E+01
     0.149801695346832E+01     0.122195100784302E+01     0.128376502990723E+02     0.132715106010437E+01
     0.150715124607086E+01     0.123144292831421E+01     0.128441104888916E+02     0.133832061290741E+01
     0.151628553867340E+01     0.124084711074829E+01     0.128591814041138E+02     0.134940135478973E+01
     0.152541971206665E+01     0.125006341934204E+01     0.128674640655518E+02     0.136027550697327E+01
     0.153455400466919E+01     0.125941681861877E+01     0.128773765563965E+02     0.137132692337036E+01
     0.154368829727173E+01     0.126770544052124E+01     0.128811016082764E+02     0.138113200664520E+01
     0.155282247066498E+01     0.127488422393799E+01     0.128892993927002E+02     0.138963401317596E+01
     0.156195676326752E+01     0.128216814994812E+01     0.128974885940552E+02     0.139827013015747E+01
     0.157109105587006E+01     0.128908455371857E+01     0.128967075347900E+02     0.140647852420807E+01
     0.158022522926331E+01     0.129593515396118E+01     0.129079837799072E+02     0.141461694240570E+01
     0.158935952186584E+01     0.130264842510223E+01     0.129089622497559E+02     0.142260110378265E+01
     0.159849369525909E+01     0.130905854701996E+01     0.129146976470947E+02     0.143023121356964E+01
     0.160762798786163E+01     0.131548047065735E+01     0.129206666946411E+02     0.143788337707520E+01
     0.161676228046417E+01     0.132189369201660E+01     0.129283819198608E+02     0.144553172588348E+01
     0.162589645385742E+01     0.132808244228363E+01     0.129325017929077E+02     0.145291984081268E+01
     0.163503074645996E+01     0.133438456058502E+01     0.129375734329224E+02     0.146045005321503E+01
     0.164416503906250E+01     0.134046351909637E+01     0.129471521377563E+02     0.146772086620331E+01
     0.165329921245575E+01     0.134641921520233E+01     0.129488134384155E+02     0.147484993934631E+01
     0.166243350505829E+01     0.135247945785522E+01     0.129499225616455E+02     0.148211181163788E+01
     0.167156779766083E+01     0.135825693607330E+01     0.129526987075806E+02     0.148904037475586E+01
     0.168070197105408E+01     0.136427164077759E+01     0.129651327133179E+02     0.149625992774963E+01
     0.168983626365662E+01     0.137009036540985E+01     0.129694080352783E+02     0.150325071811676E+01
     0.169897055625916E+01     0.137577927112579E+01     0.129691820144653E+02     0.151009202003479E+01
     0.170810472965240E+01     0.138146066665649E+01     0.129717311859131E+02     0.151692950725555E+01
     0.171723902225494E+01     0.138714993000031E+01     0.129778194427490E+02     0.152378308773041E+01
     0.172637319564819E+01     0.139263868331909E+01     0.129793291091919E+02     0.153040063381195E+01
     0.173550748825073E+01     0.139830017089844E+01     0.129872817993164E+02     0.153723239898682E+01
     0.174464178085327E+01     0.140363407135010E+01     0.129830036163330E+02     0.154367470741272E+01
     0.175377595424652E+01     0.140918660163879E+01     0.129894218444824E+02     0.155038642883301E+01
     0.176291024684906E+01     0.141451919078827E+01     0.129911994934082E+02     0.155683803558350E+01
     0.177204453945160E+01     0.141981518268585E+01     0.129949378967285E+02     0.156325042247772E+01
     0.178117871284485E+01     0.142518293857574E+01     0.129951190948486E+02     0.156975555419922E+01
     0.179031300544739E+01     0.143039190769196E+01     0.129996623992920E+02     0.157607352733612E+01
     0.179944729804993E+01     0.143562543392181E+01     0.130018978118896E+02     0.158242654800415E+01
     0.180858147144318E+01     0.144084048271179E+01     0.130035762786865E+02     0.158876252174377E+01
     0.181771576404572E+01     0.144592142105103E+01     0.130084238052368E+02     0.159494054317474E+01
     0.182685005664825E+01     0.145112168788910E+01     0.130101356506348E+02     0.160126912593842E+01
     0.183598423004150E+01     0.145602726936340E+01     0.130090427398682E+02     0.160724389553070E+01
     0.184511852264404E+01     0.146107685565948E+01     0.130098733901978E+02     0.161339879035950E+01
     0.185425269603729E+01     0.146612989902496E+01     0.130154495239258E+02     0.161956334114075E+01
     0.186338698863983E+01     0.147100591659546E+01     0.130141391754150E+02     0.162551689147949E+01
     0.187252128124237E+01     0.147586882114410E+01     0.130150279998779E+02     0.163145864009857E+01
     0.188165545463562E+01     0.148077285289764E+01     0.130134124755859E+02     0.163745629787445E+01
     0.189078974723816E+01     0.148552405834198E+01     0.130143461227417E+02     0.164327108860016E+01
     0.189992403984070E+01     0.149035871028900E+01     0.130122232437134E+02     0.164919316768646E+01
     0.190905821323395E+01     0.149513053894043E+01     0.130187139511108E+02     0.165504252910614E+01
     0.191819250583649E+01     0.149984049797058E+01     0.130201616287231E+02     0.166082084178925E+01
     0.192732679843903E+01     0.150461316108704E+01     0.130225667953491E+02     0.166668081283569E+01
     0.193646097183228E+01     0.150909805297852E+01     0.130165004730225E+02     0.167219209671021E+01
     0.194559526443481E+01     0.151382470130920E+01     0.130216770172119E+02     0.167800438404083E+01
     0.195472955703735E+01     0.151835215091705E+01     0.130148687362671E+02     0.168357694149017E+01
     0.196386373043060E+01     0.152292907238007E+01     0.130214719772339E+02     0.168921399116516E+01
     0.197299802303314E+01     0.152749562263489E+01     0.130213613510132E+02     0.169484281539917E+01
     0.198213219642639E+01     0.153188669681549E+01     0.130149192810059E+02     0.170026016235352E+01
     0.199126648902893E+01     0.153637778759003E+01     0.130174121856689E+02     0.170580470561981E+01
     0.200040078163147E+01     0.154086136817932E+01     0.130180892944336E+02     0.171134424209595E+01
     0.200953507423401E+01     0.154529488086700E+01     0.130222721099854E+02     0.171682608127594E+01
     0.201866936683655E+01     0.154959440231323E+01     0.130197515487671E+02     0.172214651107788E+01
     0.202780342102051E+01     0.155406677722931E+01     0.130230827331543E+02     0.172768521308899E+01
     0.203693771362305E+01     0.155828034877777E+01     0.130218496322632E+02     0.173290729522705E+01
     0.204607200622559E+01     0.156261515617371E+01     0.130216245651245E+02     0.173828387260437E+01
     0.205520629882812E+01     0.156680297851562E+01     0.130144386291504E+02     0.174348235130310E+01
     0.206434059143066E+01     0.157106173038483E+01     0.130191831588745E+02     0.174877214431763E+01
     0.207347464561462E+01     0.157521998882294E+01     0.130170030593872E+02     0.175394153594971E+01
     0.208260893821716E+01     0.157939720153809E+01     0.130098686218262E+02     0.175913858413696E+01
     0.209174323081970E+01     0.158337604999542E+01     0.130080490112305E+02     0.176409220695496E+01
     0.210087752342224E+01     0.158768928050995E+01     0.130166368484497E+02     0.176946580410004E+01
     0.211001181602478E+01     0.159163796901703E+01     0.130101985931396E+02     0.177438974380493E+01
     0.211914610862732E+01     0.159547531604767E+01     0.130092954635620E+02     0.177917766571045E+01
     0.212828016281128E+01     0.159929227828979E+01     0.130090742111206E+02     0.178394353389740E+01
     0.213741445541382E+01     0.160299074649811E+01     0.130046234130859E+02     0.178856527805328E+01
     0.214654874801636E+01     0.160663115978241E+01     0.130026903152466E+02     0.179311704635620E+01
     0.215568304061890E+01     0.161029481887817E+01     0.130067863464355E+02     0.179770088195801E+01
     0.216481733322144E+01     0.161379826068878E+01     0.130003767013550E+02     0.180208742618561E+01
     0.217395138740540E+01     0.161738014221191E+01     0.130006332397461E+02     0.180657529830933E+01
     0.218308568000793E+01     0.162078189849854E+01     0.130006427764893E+02     0.181084001064301E+01
     0.219221997261047E+01     0.162425303459167E+01     0.129985179901123E+02     0.181519472599030E+01
     0.220135426521301E+01     0.162760424613953E+01     0.129935560226440E+02     0.181940197944641E+01
     0.221048855781555E+01     0.163096547126770E+01     0.129937314987183E+02     0.182362401485443E+01
     0.221962285041809E+01     0.163425946235657E+01     0.129915609359741E+02     0.182776439189911E+01
     0.222875690460205E+01     0.163755869865417E+01     0.129925212860107E+02     0.183191406726837E+01
     0.223789119720459E+01     0.164076137542725E+01     0.129885587692261E+02     0.183594489097595E+01
     0.224702548980713E+01     0.164400613307953E+01     0.129874668121338E+02     0.184003102779388E+01
     0.225615978240967E+01     0.164715957641602E+01     0.129869623184204E+02     0.184400475025177E+01
     0.226529407501221E+01     0.165027332305908E+01     0.129833002090454E+02     0.184793090820312E+01
     0.227442836761475E+01     0.165344095230103E+01     0.129820327758789E+02     0.185192739963531E+01
     0.228356242179871E+01     0.165649795532227E+01     0.129812822341919E+02     0.185578644275665E+01
     0.229269671440125E+01     0.165949118137360E+01     0.129775285720825E+02     0.185956788063049E+01
     0.230183100700378E+01     0.166249120235443E+01     0.129722003936768E+02     0.186335992813110E+01
     0.231096529960632E+01     0.166547250747681E+01     0.129704570770264E+02     0.186713027954102E+01
     0.232009959220886E+01     0.166840922832489E+01     0.129666299819946E+02     0.187084674835205E+01
     0.232923364639282E+01     0.167139554023743E+01     0.129679889678955E+02     0.187462770938873E+01
     0.233836793899536E+01     0.167432570457458E+01     0.129693851470947E+02     0.187834012508392E+01
     0.234750223159790E+01     0.167718052864075E+01     0.129643983840942E+02     0.188195919990540E+01
     0.235663652420044E+01     0.168003380298615E+01     0.129609012603760E+02     0.188557851314545E+01
     0.236577081680298E+01     0.168292343616486E+01     0.129627990722656E+02     0.188924598693848E+01
     0.237490510940552E+01     0.168565249443054E+01     0.129595508575439E+02     0.189271163940430E+01
     0.238403916358948E+01     0.168846809864044E+01     0.129586200714111E+02     0.189628911018372E+01
     0.239317345619202E+01     0.169123888015747E+01     0.129554204940796E+02     0.189981198310852E+01
     0.240230774879456E+01     0.169388401508331E+01     0.129474735260010E+02     0.190317702293396E+01
     0.241144204139709E+01     0.169661176204681E+01     0.129497842788696E+02     0.190664863586426E+01
     0.242057633399963E+01     0.169917249679565E+01     0.129396905899048E+02     0.190991032123566E+01
     0.242971038818359E+01     0.170186185836792E+01     0.129382514953613E+02     0.191333699226379E+01
     0.243884468078613E+01     0.170457780361176E+01     0.129417476654053E+02     0.191679942607880E+01
     0.244797897338867E+01     0.170717275142670E+01     0.129360618591309E+02     0.192010974884033E+01
     0.245711326599121E+01     0.170970439910889E+01     0.129329366683960E+02     0.192334079742432E+01
     0.246624755859375E+01     0.171223878860474E+01     0.129294986724854E+02     0.192657756805420E+01
     0.247538185119629E+01     0.171473598480225E+01     0.129236707687378E+02     0.192976856231689E+01
     0.248451590538025E+01     0.171732616424561E+01     0.129231195449829E+02     0.193307960033417E+01
     0.249365019798279E+01     0.171989190578461E+01     0.129258966445923E+02     0.193636155128479E+01
     0.250278449058533E+01     0.172232401371002E+01     0.129221000671387E+02     0.193947410583496E+01
     0.251191878318787E+01     0.172470009326935E+01     0.129138860702515E+02     0.194251704216003E+01
     0.252105307579041E+01     0.172724401950836E+01     0.129162521362305E+02     0.194577610492706E+01
     0.253018736839294E+01     0.172959411144257E+01     0.129102783203125E+02     0.194878876209259E+01
     0.253932142257690E+01     0.173206532001495E+01     0.129119863510132E+02     0.195195817947388E+01
     0.254845571517944E+01     0.173433184623718E+01     0.129028835296631E+02     0.195486676692963E+01
     0.255759000778198E+01     0.173670518398285E+01     0.129003448486328E+02     0.195791387557983E+01
     0.256672430038452E+01     0.173906350135803E+01     0.129012212753296E+02     0.196094310283661E+01
     0.257585859298706E+01     0.174139475822449E+01     0.128984155654907E+02     0.196393942832947E+01
     0.258499264717102E+01     0.174371969699860E+01     0.128962221145630E+02     0.196692919731140E+01
     0.259412693977356E+01     0.174594795703888E+01     0.128912324905396E+02     0.196979618072510E+01
     0.260326123237610E+01     0.174807083606720E+01     0.128799743652344E+02     0.197252917289734E+01
     0.261239552497864E+01     0.175037491321564E+01     0.128791885375977E+02     0.197549641132355E+01
     0.262152981758118E+01     0.175269055366516E+01     0.128827180862427E+02     0.197847986221313E+01
     0.263066411018372E+01     0.175476753711700E+01     0.128702936172485E+02     0.198115813732147E+01
     0.263979816436768E+01     0.175697565078735E+01     0.128689947128296E+02     0.198400616645813E+01
     0.264893245697021E+01     0.175913882255554E+01     0.128669099807739E+02     0.198679745197296E+01
     0.265806674957275E+01     0.176138389110565E+01     0.128696279525757E+02     0.198969614505768E+01
     0.266720104217529E+01     0.176337170600891E+01     0.128564634323120E+02     0.199226474761963E+01
     0.267633533477783E+01     0.176551771163940E+01     0.128542861938477E+02     0.199503803253174E+01
     0.268546938896179E+01     0.176764774322510E+01     0.128522920608521E+02     0.199779224395752E+01
     0.269460368156433E+01     0.176979410648346E+01     0.128546810150146E+02     0.200056886672974E+01
     0.270373797416687E+01     0.177176928520203E+01     0.128456401824951E+02     0.200312590599060E+01
     0.271287226676941E+01     0.177386045455933E+01     0.128449907302856E+02     0.200583362579346E+01
     0.272200655937195E+01     0.177589905261993E+01     0.128415632247925E+02     0.200847506523132E+01
     0.273114085197449E+01     0.177792179584503E+01     0.128381319046021E+02     0.201109719276428E+01
     0.274027490615845E+01     0.177983176708221E+01     0.128289852142334E+02     0.201357483863831E+01
     0.274940919876099E+01     0.178180456161499E+01     0.128263263702393E+02     0.201613426208496E+01
     0.275854349136353E+01     0.178384792804718E+01     0.128279600143433E+02     0.201878643035889E+01
     0.276767778396606E+01     0.178583800792694E+01     0.128269920349121E+02     0.202137112617493E+01
     0.277681207656860E+01     0.178770267963409E+01     0.128175144195557E+02     0.202379441261292E+01
     0.278594636917114E+01     0.178956794738770E+01     0.128103265762329E+02     0.202621960639954E+01
     0.279508042335510E+01     0.179159379005432E+01     0.128141441345215E+02     0.202885389328003E+01
     0.280421471595764E+01     0.179346048831940E+01     0.128099422454834E+02     0.203128314018250E+01
     0.281334900856018E+01     0.179530680179596E+01     0.128035945892334E+02     0.203368687629700E+01
     0.282248330116272E+01     0.179709148406982E+01     0.127966432571411E+02     0.203601169586182E+01
     0.283161759376526E+01     0.179893207550049E+01     0.127919578552246E+02     0.203841018676758E+01
     0.284075164794922E+01     0.180076956748962E+01     0.127881517410278E+02     0.204080581665039E+01
     0.284988594055176E+01     0.180269265174866E+01     0.127895936965942E+02     0.204331374168396E+01
     0.285902023315430E+01     0.180449330806732E+01     0.127858085632324E+02     0.204566335678101E+01
     0.286815452575684E+01     0.180624997615814E+01     0.127818183898926E+02     0.204795646667480E+01
     0.287728881835938E+01     0.180796134471893E+01     0.127739496231079E+02     0.205019211769104E+01
     0.288642311096191E+01     0.180977618694305E+01     0.127716398239136E+02     0.205256366729736E+01
     0.289555716514587E+01     0.181150960922241E+01     0.127678108215332E+02     0.205482959747314E+01
     0.290469145774841E+01     0.181321156024933E+01     0.127623519897461E+02     0.205705571174622E+01
     0.291382575035095E+01     0.181500160694122E+01     0.127614622116089E+02     0.205939793586731E+01
     0.292296004295349E+01     0.181670761108398E+01     0.127584705352783E+02     0.206163120269775E+01
     0.293209433555603E+01     0.181834495067596E+01     0.127506513595581E+02     0.206377577781677E+01
     0.294122838973999E+01     0.182006072998047E+01     0.127495212554932E+02     0.206602382659912E+01
     0.295036268234253E+01     0.182173073291779E+01     0.127461977005005E+02     0.206821274757385E+01
     0.295949697494507E+01     0.182336390018463E+01     0.127408971786499E+02     0.207035446166992E+01
     0.296863126754761E+01     0.182505369186401E+01     0.127384529113770E+02     0.207257175445557E+01
     0.297776556015015E+01     0.182666599750519E+01     0.127332401275635E+02     0.207468795776367E+01
     0.298689985275269E+01     0.182831871509552E+01     0.127334842681885E+02     0.207685828208923E+01
     0.299603390693665E+01     0.182984948158264E+01     0.127239179611206E+02     0.207886958122253E+01
     0.300516819953918E+01     0.183152389526367E+01     0.127257699966431E+02     0.208107018470764E+01
     0.301430249214172E+01     0.183302950859070E+01     0.127160377502441E+02     0.208305001258850E+01
     0.302343678474426E+01     0.183459806442261E+01     0.127117004394531E+02     0.208511352539062E+01
     0.303257107734680E+01     0.183616936206818E+01     0.127091989517212E+02     0.208718132972717E+01
     0.304170513153076E+01     0.183771324157715E+01     0.127051591873169E+02     0.208921408653259E+01
     0.305083942413330E+01     0.183918452262878E+01     0.126972494125366E+02     0.209115242958069E+01
     0.305997371673584E+01     0.184077131748199E+01     0.126971054077148E+02     0.209324288368225E+01
     0.306910800933838E+01     0.184221160411835E+01     0.126888875961304E+02     0.209514212608337E+01
     0.307824230194092E+01     0.184373116493225E+01     0.126860237121582E+02     0.209714603424072E+01
     0.308737659454346E+01     0.184521293640137E+01     0.126817750930786E+02     0.209910106658936E+01
     0.309651064872742E+01     0.184675300121307E+01     0.126808786392212E+02     0.210113382339478E+01
     0.310564494132996E+01     0.184817612171173E+01     0.126741476058960E+02     0.210301327705383E+01
     0.311477923393250E+01     0.184962010383606E+01     0.126707649230957E+02     0.210492110252380E+01
     0.312391352653503E+01     0.185107421875000E+01     0.126672945022583E+02     0.210684275627136E+01
     0.313304781913757E+01     0.185249841213226E+01     0.126628742218018E+02     0.210872578620911E+01
     0.314218211174011E+01     0.185385310649872E+01     0.126540479660034E+02     0.211051845550537E+01
     0.315131616592407E+01     0.185540008544922E+01     0.126590433120728E+02     0.211256504058838E+01
     0.316045045852661E+01     0.185676741600037E+01     0.126526727676392E+02     0.211437511444092E+01
     0.316958475112915E+01     0.185809326171875E+01     0.126443462371826E+02     0.211613154411316E+01
     0.317871904373169E+01     0.185951054096222E+01     0.126429672241211E+02     0.211800909042358E+01
     0.318785333633423E+01     0.186087131500244E+01     0.126384029388428E+02     0.211981272697449E+01
     0.319698739051819E+01     0.186224436759949E+01     0.126357831954956E+02     0.212163352966309E+01
     0.320612168312073E+01     0.186349868774414E+01     0.126257781982422E+02     0.212329792976379E+01
     0.321525597572327E+01     0.186481690406799E+01     0.126206054687500E+02     0.212504744529724E+01
     0.322439026832581E+01     0.186615467071533E+01     0.126171236038208E+02     0.212682342529297E+01
     0.323352456092834E+01     0.186754190921783E+01     0.126166267395020E+02     0.212866568565369E+01
     0.324265885353088E+01     0.186886882781982E+01     0.126144199371338E+02     0.213042879104614E+01
     0.325179290771484E+01     0.187012672424316E+01     0.126074514389038E+02     0.213210105895996E+01
     0.326092720031738E+01     0.187134492397308E+01     0.126002626419067E+02     0.213372135162354E+01
     0.327006149291992E+01     0.187262344360352E+01     0.125961341857910E+02     0.213542199134827E+01
     0.327919578552246E+01     0.187392878532410E+01     0.125934400558472E+02     0.213715910911560E+01
     0.328833007812500E+01     0.187518095970154E+01     0.125888586044312E+02     0.213882637023926E+01
     0.329746413230896E+01     0.187648117542267E+01     0.125877637863159E+02     0.214055800437927E+01
     0.330659842491150E+01     0.187773144245148E+01     0.125847654342651E+02     0.214222383499146E+01
     0.331573271751404E+01     0.187897491455078E+01     0.125819330215454E+02     0.214388132095337E+01
     0.332486701011658E+01     0.188013339042664E+01     0.125732173919678E+02     0.214542627334595E+01
     0.333400130271912E+01     0.188138878345490E+01     0.125726022720337E+02     0.214710092544556E+01
     0.334313559532166E+01     0.188258755207062E+01     0.125675506591797E+02     0.214870071411133E+01
     0.335226964950562E+01     0.188372242450714E+01     0.125591859817505E+02     0.215021610260010E+01
     0.336140394210815E+01     0.188483965396881E+01     0.125512371063232E+02     0.215170860290527E+01
     0.337053823471069E+01     0.188610911369324E+01     0.125532159805298E+02     0.215340423583984E+01
     0.337967252731323E+01     0.188717281818390E+01     0.125425786972046E+02     0.215482640266418E+01
     0.338880681991577E+01     0.188845348358154E+01     0.125458803176880E+02     0.215653824806213E+01
     0.339794111251831E+01     0.188958501815796E+01     0.125411252975464E+02     0.215805196762085E+01
     0.340707516670227E+01     0.189060175418854E+01     0.125295858383179E+02     0.215941286087036E+01
     0.341620945930481E+01     0.189173543453217E+01     0.125252618789673E+02     0.216093039512634E+01
     0.342534375190735E+01     0.189291799068451E+01     0.125245056152344E+02     0.216251373291016E+01
     0.343447804450989E+01     0.189405536651611E+01     0.125221500396729E+02     0.216403722763062E+01
     0.344361233711243E+01     0.189511704444885E+01     0.125141878128052E+02     0.216546034812927E+01
     0.345274639129639E+01     0.189620733261108E+01     0.125096826553345E+02     0.216692209243774E+01
     0.346188068389893E+01     0.189727294445038E+01     0.125042238235474E+02     0.216835141181946E+01
     0.347101497650146E+01     0.189832913875580E+01     0.124988422393799E+02     0.216976857185364E+01
     0.348014926910400E+01     0.189949548244476E+01     0.125008516311646E+02     0.217133331298828E+01
     0.348928356170654E+01     0.190047752857208E+01     0.124910974502563E+02     0.217265248298645E+01
     0.349841785430908E+01     0.190154206752777E+01     0.124867982864380E+02     0.217408204078674E+01
     0.350755190849304E+01     0.190260672569275E+01     0.124839229583740E+02     0.217551255226135E+01
     0.351668620109558E+01     0.190361475944519E+01     0.124778690338135E+02     0.217686748504639E+01
     0.352582049369812E+01     0.190472865104675E+01     0.124789237976074E+02     0.217836499214172E+01
     0.353495478630066E+01     0.190572214126587E+01     0.124720659255981E+02     0.217970156669617E+01
     0.354408907890320E+01     0.190672814846039E+01     0.124667491912842E+02     0.218105530738831E+01
     0.355322313308716E+01     0.190768206119537E+01     0.124598226547241E+02     0.218233966827393E+01
     0.356235742568970E+01     0.190865170955658E+01     0.124537992477417E+02     0.218364548683167E+01
     0.357149171829224E+01     0.190975105762482E+01     0.124576044082642E+02     0.218512582778931E+01
     0.358062601089478E+01     0.191063928604126E+01     0.124461126327515E+02     0.218632316589355E+01
     0.358976030349731E+01     0.191172325611115E+01     0.124492626190186E+02     0.218778395652771E+01
     0.359889459609985E+01     0.191255939006805E+01     0.124361648559570E+02     0.218891215324402E+01
     0.360802865028381E+01     0.191354310512543E+01     0.124323596954346E+02     0.219023919105530E+01
     0.361716294288635E+01     0.191449868679047E+01     0.124282464981079E+02     0.219152855873108E+01
     0.362629723548889E+01     0.191544127464294E+01     0.124236440658569E+02     0.219280099868774E+01
     0.363543152809143E+01     0.191636991500854E+01     0.124188013076782E+02     0.219405531883240E+01
     0.364456582069397E+01     0.191732323169708E+01     0.124156942367554E+02     0.219534277915955E+01
     0.365370011329651E+01     0.191824150085449E+01     0.124110326766968E+02     0.219658374786377E+01
     0.366283416748047E+01     0.191912543773651E+01     0.124048118591309E+02     0.219777894020081E+01
     0.367196846008301E+01     0.192007124423981E+01     0.124024648666382E+02     0.219905781745911E+01
     0.368110275268555E+01     0.192096948623657E+01     0.123977918624878E+02     0.220027279853821E+01
     0.369023704528809E+01     0.192185342311859E+01     0.123921804428101E+02     0.220146918296814E+01
     0.369937133789062E+01     0.192282927036285E+01     0.123933353424072E+02     0.220278978347778E+01
     0.370850539207458E+01     0.192366147041321E+01     0.123854713439941E+02     0.220391702651978E+01
     0.371763968467712E+01     0.192452156543732E+01     0.123795232772827E+02     0.220508217811584E+01
     0.372677397727966E+01     0.192546761035919E+01     0.123813486099243E+02     0.220636391639709E+01
     0.373590826988220E+01     0.192621505260468E+01     0.123693628311157E+02     0.220737767219543E+01
     0.374504256248474E+01     0.192712056636810E+01     0.123677825927734E+02     0.220860528945923E+01
     0.375417685508728E+01     0.192793369293213E+01     0.123613471984863E+02     0.220970845222473E+01
     0.376331090927124E+01     0.192884469032288E+01     0.123612451553345E+02     0.221094417572021E+01
     0.377244520187378E+01     0.192967402935028E+01     0.123564453125000E+02     0.221207022666931E+01
     0.378157949447632E+01     0.193046367168427E+01     0.123495063781738E+02     0.221314263343811E+01
     0.379071378707886E+01     0.193127584457397E+01     0.123444528579712E+02     0.221424579620361E+01
     0.379984807968140E+01     0.193218624591827E+01     0.123468341827393E+02     0.221548247337341E+01
     0.380898213386536E+01     0.193286085128784E+01     0.123333711624146E+02     0.221640014648438E+01
     0.381811642646790E+01     0.193374192714691E+01     0.123334932327271E+02     0.221759772300720E+01
     0.382725071907043E+01     0.193452548980713E+01     0.123281192779541E+02     0.221866345405579E+01
     0.383638501167297E+01     0.193533205986023E+01     0.123248119354248E+02     0.221976089477539E+01
     0.384551930427551E+01     0.193615674972534E+01     0.123232583999634E+02     0.222088313102722E+01
     0.385465359687805E+01     0.193680465221405E+01     0.123111085891724E+02     0.222176599502563E+01
     0.386378765106201E+01     0.193767249584198E+01     0.123127212524414E+02     0.222294735908508E+01
     0.387292194366455E+01     0.193842899799347E+01     0.123094539642334E+02     0.222397804260254E+01
     0.388205623626709E+01     0.193907344341278E+01     0.122988204956055E+02     0.222485661506653E+01
     0.389119052886963E+01     0.193990659713745E+01     0.123005037307739E+02     0.222599220275879E+01
     0.390032482147217E+01     0.194054388999939E+01     0.122910652160645E+02     0.222686147689819E+01
     0.390945911407471E+01     0.194126176834106E+01     0.122868871688843E+02     0.222784066200256E+01
     0.391859316825867E+01     0.194203495979309E+01     0.122875194549561E+02     0.222889542579651E+01
     0.392772746086121E+01     0.194262218475342E+01     0.122765541076660E+02     0.222969770431519E+01
     0.393686175346375E+01     0.194335126876831E+01     0.122744073867798E+02     0.223069262504578E+01
     0.394599604606628E+01     0.194406974315643E+01     0.122723808288574E+02     0.223167371749878E+01
     0.395513033866882E+01     0.194470953941345E+01     0.122660970687866E+02     0.223254799842834E+01
     0.396426439285278E+01     0.194544947147369E+01     0.122669382095337E+02     0.223355889320374E+01
     0.397339868545532E+01     0.194608032703400E+01     0.122598981857300E+02     0.223442125320435E+01
     0.398253297805786E+01     0.194676780700684E+01     0.122581338882446E+02     0.223536133766174E+01
     0.399166727066040E+01     0.194737386703491E+01     0.122511396408081E+02     0.223619031906128E+01
     0.400080156326294E+01     0.194795358181000E+01     0.122428846359253E+02     0.223698425292969E+01
     0.400993585586548E+01     0.194861030578613E+01     0.122398166656494E+02     0.223788261413574E+01
     0.401907014846802E+01     0.194922327995300E+01     0.122347545623779E+02     0.223872208595276E+01
     0.402820444107056E+01     0.194996607303619E+01     0.122384004592896E+02     0.223973846435547E+01
     0.403733873367310E+01     0.195056474208832E+01     0.122331323623657E+02     0.224055862426758E+01
     0.404647254943848E+01     0.195112991333008E+01     0.122258672714233E+02     0.224133324623108E+01
     0.405560684204102E+01     0.195180630683899E+01     0.122264375686646E+02     0.224226021766663E+01
     0.406474113464355E+01     0.195238709449768E+01     0.122210245132446E+02     0.224305629730225E+01
     0.407387542724609E+01     0.195301008224487E+01     0.122189331054688E+02     0.224391078948975E+01
     0.408300971984863E+01     0.195354461669922E+01     0.122107124328613E+02     0.224464392662048E+01
     0.409214401245117E+01     0.195406997203827E+01     0.122028083801270E+02     0.224536538124084E+01
     0.410127830505371E+01     0.195477378368378E+01     0.122075176239014E+02     0.224633073806763E+01
     0.411041259765625E+01     0.195519959926605E+01     0.121935930252075E+02     0.224691605567932E+01
     0.411954689025879E+01     0.195580494403839E+01     0.121914196014404E+02     0.224774718284607E+01
     0.412868118286133E+01     0.195633578300476E+01     0.121856670379639E+02     0.224847674369812E+01
     0.413781547546387E+01     0.195701909065247E+01     0.121900758743286E+02     0.224941468238831E+01
     0.414694929122925E+01     0.195756900310516E+01     0.121860380172729E+02     0.225017070770264E+01
     0.415608358383179E+01     0.195807480812073E+01     0.121786880493164E+02     0.225086617469788E+01
     0.416521787643433E+01     0.195856273174286E+01     0.121715555191040E+02     0.225153732299805E+01
     0.417435216903687E+01     0.195914924144745E+01     0.121707477569580E+02     0.225234389305115E+01
     0.418348646163940E+01     0.195973646640778E+01     0.121708793640137E+02     0.225315165519714E+01
     0.419262075424194E+01     0.196016967296600E+01     0.121603155136108E+02     0.225374817848206E+01
     0.420175504684448E+01     0.196077442169189E+01     0.121625728607178E+02     0.225458049774170E+01
     0.421088933944702E+01     0.196129214763641E+01     0.121585054397583E+02     0.225529336929321E+01
     0.422002363204956E+01     0.196168160438538E+01     0.121460418701172E+02     0.225583052635193E+01
     0.422915792465210E+01     0.196218347549438E+01     0.121420974731445E+02     0.225652194023132E+01
     0.423829221725464E+01     0.196281051635742E+01     0.121467905044556E+02     0.225738549232483E+01
     0.424742603302002E+01     0.196324515342712E+01     0.121376981735229E+02     0.225798463821411E+01
     0.425656032562256E+01     0.196375191211700E+01     0.121350021362305E+02     0.225868320465088E+01
     0.426569461822510E+01     0.196428287029266E+01     0.121337795257568E+02     0.225941562652588E+01
     0.427482891082764E+01     0.196473979949951E+01     0.121282529830933E+02     0.226004600524902E+01
     0.428396320343018E+01     0.196524763107300E+01     0.121260204315186E+02     0.226074671745300E+01
     0.429309749603271E+01     0.196569275856018E+01     0.121197471618652E+02     0.226136112213135E+01
     0.430223178863525E+01     0.196613776683807E+01     0.121142854690552E+02     0.226197576522827E+01
     0.431136608123779E+01     0.196663975715637E+01     0.121130914688110E+02     0.226266884803772E+01
     0.432050037384033E+01     0.196713340282440E+01     0.121118736267090E+02     0.226335048675537E+01
     0.432963466644287E+01     0.196753895282745E+01     0.121040449142456E+02     0.226391124725342E+01
     0.433876895904541E+01     0.196794688701630E+01     0.120971536636353E+02     0.226447510719299E+01
     0.434790277481079E+01     0.196844613552094E+01     0.120966873168945E+02     0.226516509056091E+01
     0.435703706741333E+01     0.196878063678741E+01     0.120865173339844E+02     0.226562809944153E+01
     0.436617136001587E+01     0.196934342384338E+01     0.120905380249023E+02     0.226640582084656E+01
     0.437530565261841E+01     0.196978759765625E+01     0.120877933502197E+02     0.226702022552490E+01
     0.438443994522095E+01     0.197016632556915E+01     0.120791091918945E+02     0.226754450798035E+01
     0.439357423782349E+01     0.197051775455475E+01     0.120712814331055E+02     0.226803135871887E+01
     0.440270853042603E+01     0.197105813026428E+01     0.120744285583496E+02     0.226877903938293E+01
     0.441184282302856E+01     0.197146725654602E+01     0.120706691741943E+02     0.226934552192688E+01
     0.442097711563110E+01     0.197187924385071E+01     0.120661134719849E+02     0.226991605758667E+01
     0.443011140823364E+01     0.197227001190186E+01     0.120608816146851E+02     0.227045750617981E+01
     0.443924570083618E+01     0.197261977195740E+01     0.120537004470825E+02     0.227094244956970E+01
     0.444837951660156E+01     0.197299158573151E+01     0.120480442047119E+02     0.227145814895630E+01
     0.445751380920410E+01     0.197338724136353E+01     0.120440378189087E+02     0.227200675010681E+01
     0.446664810180664E+01     0.197382318973541E+01     0.120428485870361E+02     0.227261090278625E+01
     0.447578239440918E+01     0.197417473793030E+01     0.120363769531250E+02     0.227309894561768E+01
     0.448491668701172E+01     0.197459113597870E+01     0.120345621109009E+02     0.227367639541626E+01
     0.449405097961426E+01     0.197500550746918E+01     0.120326290130615E+02     0.227425122261047E+01
     0.450318527221680E+01     0.197538900375366E+01     0.120287590026855E+02     0.227478361129761E+01
     0.451231956481934E+01     0.197579920291901E+01     0.120276632308960E+02     0.227535295486450E+01
     0.452145385742188E+01     0.197614479064941E+01     0.120225830078125E+02     0.227583289146423E+01
     0.453058815002441E+01     0.197642850875854E+01     0.120135965347290E+02     0.227622771263123E+01
     0.453972244262695E+01     0.197690451145172E+01     0.120171051025391E+02     0.227688837051392E+01
     0.454885673522949E+01     0.197725999355316E+01     0.120129547119141E+02     0.227738237380981E+01
     0.455799055099487E+01     0.197754836082458E+01     0.120046806335449E+02     0.227778363227844E+01
     0.456712484359741E+01     0.197795224189758E+01     0.120044298171997E+02     0.227834463119507E+01
     0.457625913619995E+01     0.197830832004547E+01     0.120006990432739E+02     0.227884006500244E+01
     0.458539342880249E+01     0.197856330871582E+01     0.119915180206299E+02     0.227919507026672E+01
     0.459452772140503E+01     0.197890067100525E+01     0.119876470565796E+02     0.227966475486755E+01
     0.460366201400757E+01     0.197933244705200E+01     0.119892959594727E+02     0.228026485443115E+01
     0.461279630661011E+01     0.197966730594635E+01     0.119861421585083E+02     0.228073096275330E+01
     0.462193059921265E+01     0.198000359535217E+01     0.119824514389038E+02     0.228119921684265E+01
     0.463106489181519E+01     0.198023259639740E+01     0.119727478027344E+02     0.228151869773865E+01
     0.464019918441772E+01     0.198053514957428E+01     0.119676532745361E+02     0.228194022178650E+01
     0.464933347702026E+01     0.198088133335114E+01     0.119653453826904E+02     0.228242230415344E+01
     0.465846729278564E+01     0.198117423057556E+01     0.119602022171021E+02     0.228283071517944E+01
     0.466760158538818E+01     0.198160111904144E+01     0.119637212753296E+02     0.228342485427856E+01
     0.467673587799072E+01     0.198191106319427E+01     0.119596233367920E+02     0.228385710716248E+01
     0.468587017059326E+01     0.198223316669464E+01     0.119576940536499E+02     0.228430604934692E+01
     0.469500446319580E+01     0.198255169391632E+01     0.119549236297607E+02     0.228475046157837E+01
     0.470413875579834E+01     0.198281216621399E+01     0.119485979080200E+02     0.228511381149292E+01
     0.471327304840088E+01     0.198309659957886E+01     0.119435081481934E+02     0.228551077842712E+01
     0.472240734100342E+01     0.198331451416016E+01     0.119349870681763E+02     0.228581547737122E+01
     0.473154163360596E+01     0.198359489440918E+01     0.119307489395142E+02     0.228620696067810E+01
     0.474067592620850E+01     0.198394203186035E+01     0.119306707382202E+02     0.228669118881226E+01
     0.474981021881104E+01     0.198420870304108E+01     0.119260435104370E+02     0.228706359863281E+01
     0.475894403457642E+01     0.198450577259064E+01     0.119232807159424E+02     0.228747844696045E+01
     0.476807832717896E+01     0.198476278781891E+01     0.119185504913330E+02     0.228783774375916E+01
     0.477721261978149E+01     0.198511171340942E+01     0.119191932678223E+02     0.228832507133484E+01
     0.478634691238403E+01     0.198538684844971E+01     0.119159746170044E+02     0.228870964050293E+01
     0.479548120498657E+01     0.198560285568237E+01     0.119086875915527E+02     0.228901171684265E+01
     0.480461549758911E+01     0.198591077327728E+01     0.119081525802612E+02     0.228944206237793E+01
     0.481374979019165E+01     0.198616886138916E+01     0.119039297103882E+02     0.228980302810669E+01
     0.482288408279419E+01     0.198636150360107E+01     0.118958196640015E+02     0.229007315635681E+01
     0.483201837539673E+01     0.198663103580475E+01     0.118929424285889E+02     0.229045009613037E+01
     0.484115266799927E+01     0.198694562911987E+01     0.118933610916138E+02     0.229088997840881E+01
     0.485028696060181E+01     0.198712348937988E+01     0.118850002288818E+02     0.229113936424255E+01
     0.485942077636719E+01     0.198745310306549E+01     0.118870954513550E+02     0.229160046577454E+01
     0.486855506896973E+01     0.198767066001892E+01     0.118810873031616E+02     0.229190516471863E+01
     0.487768936157227E+01     0.198789846897125E+01     0.118767356872559E+02     0.229222440719604E+01
     0.488682365417480E+01     0.198818695545197E+01     0.118765325546265E+02     0.229262828826904E+01
     0.489595794677734E+01     0.198830485343933E+01     0.118653182983398E+02     0.229279422760010E+01
     0.490509223937988E+01     0.198854207992554E+01     0.118616275787354E+02     0.229312682151794E+01
     0.491422653198242E+01     0.198888528347015E+01     0.118658456802368E+02     0.229360723495483E+01
     0.492336082458496E+01     0.198903656005859E+01     0.118564844131470E+02     0.229381942749023E+01
     0.493249511718750E+01     0.198921704292297E+01     0.118503179550171E+02     0.229407286643982E+01
     0.494162940979004E+01     0.198954772949219E+01     0.118533630371094E+02     0.229453611373901E+01
     0.495076370239258E+01     0.198974978923798E+01     0.118483886718750E+02     0.229481959342957E+01
     0.495989751815796E+01     0.198990237712860E+01     0.118409690856934E+02     0.229503417015076E+01
     0.496903181076050E+01     0.199008524417877E+01     0.118356523513794E+02     0.229529118537903E+01
     0.497816610336304E+01     0.199033868312836E+01     0.118342227935791E+02     0.229564642906189E+01
     0.498730039596558E+01     0.199057185649872E+01     0.118316850662231E+02     0.229597377777100E+01
     0.499643468856812E+01     0.199075603485107E+01     0.118266935348511E+02     0.229623246192932E+01
     0.500556898117065E+01     0.199099564552307E+01     0.118254308700562E+02     0.229656863212585E+01
     0.501470327377319E+01     0.199112880229950E+01     0.118180837631226E+02     0.229675626754761E+01
     0.502383756637573E+01     0.199145019054413E+01     0.118226976394653E+02     0.229720711708069E+01
     0.503297185897827E+01     0.199163651466370E+01     0.118179035186768E+02     0.229746913909912E+01
     0.504210615158081E+01     0.199180912971497E+01     0.118131313323975E+02     0.229771184921265E+01
     0.505124044418335E+01     0.199191653728485E+01     0.118040304183960E+02     0.229786324501038E+01
     0.506037473678589E+01     0.199214041233063E+01     0.118027305603027E+02     0.229817795753479E+01
     0.506950855255127E+01     0.199238824844360E+01     0.118030796051025E+02     0.229852604866028E+01
     0.507864284515381E+01     0.199253940582275E+01     0.117973327636719E+02     0.229873895645142E+01
     0.508777713775635E+01     0.199275922775269E+01     0.117966613769531E+02     0.229904794692993E+01
     0.509691143035889E+01     0.199282550811768E+01     0.117857742309570E+02     0.229914188385010E+01
     0.510604572296143E+01     0.199309360980988E+01     0.117876882553101E+02     0.229951882362366E+01
     0.511518001556396E+01     0.199330973625183E+01     0.117876996994019E+02     0.229982280731201E+01
     0.512431430816650E+01     0.199336624145508E+01     0.117763614654541E+02     0.229990291595459E+01
     0.513344860076904E+01     0.199352920055389E+01     0.117723608016968E+02     0.230013227462769E+01
     0.514258289337158E+01     0.199376511573792E+01     0.117729396820068E+02     0.230046439170837E+01
     0.515171718597412E+01     0.199384272098541E+01     0.117646684646606E+02     0.230057406425476E+01
     0.516085147857666E+01     0.199408149719238E+01     0.117661466598511E+02     0.230090999603271E+01
     0.516998529434204E+01     0.199427509307861E+01     0.117663164138794E+02     0.230118274688721E+01
     0.517911958694458E+01     0.199440896511078E+01     0.117612276077271E+02     0.230137133598328E+01
     0.518825387954712E+01     0.199446880817413E+01     0.117525835037231E+02     0.230145621299744E+01
     0.519738817214966E+01     0.199469971656799E+01     0.117549867630005E+02     0.230178141593933E+01
     0.520652246475220E+01     0.199478745460510E+01     0.117480430603027E+02     0.230190539360046E+01
     0.521565675735474E+01     0.199496746063232E+01     0.117478227615356E+02     0.230215907096863E+01
     0.522479104995728E+01     0.199510502815247E+01     0.117447080612183E+02     0.230235314369202E+01
     0.523392534255981E+01     0.199525666236877E+01     0.117430429458618E+02     0.230256700515747E+01
     0.524305963516235E+01     0.199538373947144E+01     0.117396535873413E+02     0.230274629592896E+01
     0.525219392776489E+01     0.199547946453094E+01     0.117338838577271E+02     0.230288147926331E+01
     0.526132822036743E+01     0.199551928043365E+01     0.117257404327393E+02     0.230293822288513E+01
     0.527046203613281E+01     0.199576210975647E+01     0.117302742004395E+02     0.230328035354614E+01
     0.527959632873535E+01     0.199589073657990E+01     0.117277603149414E+02     0.230346202850342E+01
     0.528873062133789E+01     0.199596250057220E+01     0.117210855484009E+02     0.230356359481812E+01
     0.529786491394043E+01     0.199613642692566E+01     0.117224388122559E+02     0.230380892753601E+01
     0.530699920654297E+01     0.199620175361633E+01     0.117156295776367E+02     0.230390143394470E+01
     0.531613349914551E+01     0.199623668193817E+01     0.117076425552368E+02     0.230395126342773E+01
     0.532526779174805E+01     0.199643921852112E+01     0.117105016708374E+02     0.230423688888550E+01
     0.533440208435059E+01     0.199653649330139E+01     0.117064905166626E+02     0.230437445640564E+01
     0.534353637695312E+01     0.199654722213745E+01     0.116978340148926E+02     0.230439019203186E+01
     0.535267066955566E+01     0.199672257900238E+01     0.116985616683960E+02     0.230463767051697E+01
     0.536180496215820E+01     0.199685966968536E+01     0.116982631683350E+02     0.230483126640320E+01
     0.537093877792358E+01     0.199697983264923E+01     0.116968564987183E+02     0.230500125885010E+01
     0.538007307052612E+01     0.199699068069458E+01     0.116877107620239E+02     0.230501699447632E+01
     0.538920736312866E+01     0.199711108207703E+01     0.116861515045166E+02     0.230518698692322E+01
     0.539834165573120E+01     0.199727833271027E+01     0.116888427734375E+02     0.230542349815369E+01
     0.540747594833374E+01     0.199726378917694E+01     0.116781225204468E+02     0.230540323257446E+01
     0.541661024093628E+01     0.199732387065887E+01     0.116736421585083E+02     0.230548858642578E+01
     0.542574453353882E+01     0.199743163585663E+01     0.116715707778931E+02     0.230564093589783E+01
     0.543487882614136E+01     0.199759352207184E+01     0.116734924316406E+02     0.230586957931519E+01
     0.544401311874390E+01     0.199771893024445E+01     0.116742372512817E+02     0.230604696273804E+01
     0.545314741134644E+01     0.199769580364227E+01     0.116631402969360E+02     0.230601477622986E+01
     0.546228170394897E+01     0.199778378009796E+01     0.116606035232544E+02     0.230613923072815E+01
     0.547141551971436E+01     0.199781894683838E+01     0.116554756164551E+02     0.230618929862976E+01
     0.548054981231689E+01     0.199802267551422E+01     0.116604099273682E+02     0.230647706985474E+01
     0.548968410491943E+01     0.199808740615845E+01     0.116565675735474E+02     0.230656886100769E+01
     0.549881839752197E+01     0.199816513061523E+01     0.116541786193848E+02     0.230667901039124E+01
     0.550795269012451E+01     0.199818050861359E+01     0.116469583511353E+02     0.230670118331909E+01
     0.551708698272705E+01     0.199829912185669E+01     0.116475229263306E+02     0.230686902999878E+01
     0.552622127532959E+01     0.199830973148346E+01     0.116407861709595E+02     0.230688405036926E+01
     0.553535556793213E+01     0.199842631816864E+01     0.116411514282227E+02     0.230704927444458E+01
     0.554448986053467E+01     0.199849951267242E+01     0.116389360427856E+02     0.230715298652649E+01
     0.555362415313721E+01     0.199859261512756E+01     0.116387491226196E+02     0.230728483200073E+01
     0.556275844573975E+01     0.199862456321716E+01     0.116330089569092E+02     0.230733036994934E+01
     0.557189273834229E+01     0.199865090847015E+01     0.116276741027832E+02     0.230736780166626E+01
     0.558102655410767E+01     0.199874579906464E+01     0.116275854110718E+02     0.230750203132629E+01
     0.559016084671021E+01     0.199875140190125E+01     0.116209449768066E+02     0.230751037597656E+01
     0.559929513931274E+01     0.199887537956238E+01     0.116231307983398E+02     0.230768585205078E+01
     0.560842943191528E+01     0.199880373477936E+01     0.116122741699219E+02     0.230758500099182E+01
     0.561756372451782E+01     0.199897599220276E+01     0.116172285079956E+02     0.230782866477966E+01
     0.562669801712036E+01     0.199898207187653E+01     0.116108531951904E+02     0.230783724784851E+01
     0.563583230972290E+01     0.199905025959015E+01     0.116095352172852E+02     0.230793404579163E+01
     0.564496660232544E+01     0.199913835525513E+01     0.116103696823120E+02     0.230805921554565E+01
     0.565410089492798E+01     0.199916958808899E+01     0.116060867309570E+02     0.230810356140137E+01
     0.566323518753052E+01     0.199921798706055E+01     0.116035881042480E+02     0.230817222595215E+01
     0.567236948013306E+01     0.199918174743652E+01     0.115949468612671E+02     0.230812096595764E+01
     0.568150329589844E+01     0.199920034408569E+01     0.115908432006836E+02     0.230814743041992E+01
     0.569063758850098E+01     0.199934923648834E+01     0.115959777832031E+02     0.230835843086243E+01
     0.569977188110352E+01     0.199930918216705E+01     0.115871791839600E+02     0.230830168724060E+01
     0.570890617370605E+01     0.199932682514191E+01     0.115831050872803E+02     0.230832695960999E+01
     0.571804046630859E+01     0.199943590164185E+01     0.115854835510254E+02     0.230848169326782E+01
     0.572717475891113E+01     0.199936103820801E+01     0.115758438110352E+02     0.230837559700012E+01
     0.573630905151367E+01     0.199942207336426E+01     0.115746030807495E+02     0.230846214294434E+01
     0.574544334411621E+01     0.199945259094238E+01     0.115717906951904E+02     0.230850553512573E+01
     0.575457763671875E+01     0.199947512149811E+01     0.115686979293823E+02     0.230853748321533E+01
     0.576371192932129E+01     0.199949097633362E+01     0.115653343200684E+02     0.230855989456177E+01
     0.577284622192383E+01     0.199960541725159E+01     0.115682659149170E+02     0.230872225761414E+01
     0.578198003768921E+01     0.199963939189911E+01     0.115662155151367E+02     0.230877065658569E+01
     0.579111433029175E+01     0.199967885017395E+01     0.115650186538696E+02     0.230882668495178E+01
     0.580024862289429E+01     0.199968898296356E+01     0.115611934661865E+02     0.230884099006653E+01
     0.580938291549683E+01     0.199972772598267E+01     0.115601654052734E+02     0.230889606475830E+01
     0.581851720809937E+01     0.199963486194611E+01     0.115491905212402E+02     0.230876421928406E+01
     0.582765150070190E+01     0.199966466426849E+01     0.115470981597900E+02     0.230880641937256E+01
     0.583678579330444E+01     0.199971914291382E+01     0.115467691421509E+02     0.230888366699219E+01
     0.584592008590698E+01     0.199969351291656E+01     0.115415954589844E+02     0.230884718894958E+01
     0.585505437850952E+01     0.199968910217285E+01     0.115378885269165E+02     0.230884099006653E+01
     0.586418867111206E+01     0.199975609779358E+01     0.115384693145752E+02     0.230893611907959E+01
     0.587332296371460E+01     0.199975371360779E+01     0.115348587036133E+02     0.230893254280090E+01
     0.588245677947998E+01     0.199972057342529E+01     0.115297794342041E+02     0.230888557434082E+01
     0.589159107208252E+01     0.199979281425476E+01     0.115309333801270E+02     0.230898809432983E+01
     0.590072536468506E+01     0.199973356723785E+01     0.115241889953613E+02     0.230890393257141E+01
     0.590985965728760E+01     0.199980700016022E+01     0.115256776809692E+02     0.230900788307190E+01
     0.591899394989014E+01     0.199985337257385E+01     0.115266027450562E+02     0.230907392501831E+01
     0.592812824249268E+01     0.199979794025421E+01     0.115191555023193E+02     0.230899500846863E+01
     0.593726253509521E+01     0.199985074996948E+01     0.115204954147339E+02     0.230907011032104E+01
     0.594639682769775E+01     0.199980783462524E+01     0.115144281387329E+02     0.230900883674622E+01
     0.595553112030029E+01     0.199972856044769E+01     0.115071620941162E+02     0.230889630317688E+01
     0.596466541290283E+01     0.199979662895203E+01     0.115085096359253E+02     0.230899262428284E+01
     0.597379970550537E+01     0.199980425834656E+01     0.115066442489624E+02     0.230900335311890E+01
     0.598293352127075E+01     0.199984169006348E+01     0.115075569152832E+02     0.230905652046204E+01
     0.599206781387329E+01     0.199978935718536E+01     0.115010919570923E+02     0.230898189544678E+01
     0.600120210647583E+01     0.199969744682312E+01     0.114934711456299E+02     0.230885100364685E+01
     0.601033639907837E+01     0.199970149993896E+01     0.114914903640747E+02     0.230885672569275E+01
     0.601947069168091E+01     0.199972057342529E+01     0.114904098510742E+02     0.230888342857361E+01
     0.602860498428345E+01     0.199978220462799E+01     0.114927825927734E+02     0.230897116661072E+01
     0.603773927688599E+01     0.199973571300507E+01     0.114875211715698E+02     0.230890464782715E+01
     0.604687356948853E+01     0.199974966049194E+01     0.114869928359985E+02     0.230892443656921E+01
     0.605600786209106E+01     0.199970710277557E+01     0.114822435379028E+02     0.230886340141296E+01
     0.606514215469360E+01     0.199971795082092E+01     0.114816160202026E+02     0.230887866020203E+01
     0.607427644729614E+01     0.199968433380127E+01     0.114777126312256E+02     0.230883073806763E+01
     0.608341026306152E+01     0.199970424175262E+01     0.114783515930176E+02     0.230885887145996E+01
     0.609254455566406E+01     0.199968588352203E+01     0.114758462905884E+02     0.230883264541626E+01
     0.610167884826660E+01     0.199954998493195E+01     0.114651832580566E+02     0.230863857269287E+01
     0.611081314086914E+01     0.199964785575867E+01     0.114710969924927E+02     0.230877780914307E+01
     0.611994743347168E+01     0.199962615966797E+01     0.114686450958252E+02     0.230874681472778E+01
     0.612908172607422E+01     0.199946451187134E+01     0.114565687179565E+02     0.230851626396179E+01
     0.613821601867676E+01     0.199955368041992E+01     0.114612455368042E+02     0.230864286422729E+01
     0.614735031127930E+01     0.199949383735657E+01     0.114560527801514E+02     0.230855727195740E+01
     0.615648460388184E+01     0.199950289726257E+01     0.114563512802124E+02     0.230856990814209E+01
     0.616561889648438E+01     0.199937844276428E+01     0.114472608566284E+02     0.230839228630066E+01
     0.617475318908691E+01     0.199942111968994E+01     0.114492502212524E+02     0.230845284461975E+01
     0.618388748168945E+01     0.199943089485168E+01     0.114502801895142E+02     0.230846667289734E+01
     0.619302129745483E+01     0.199933385848999E+01     0.114423513412476E+02     0.230832767486572E+01
     0.620215559005737E+01     0.199927711486816E+01     0.114382848739624E+02     0.230824661254883E+01
     0.621128988265991E+01     0.199924492835999E+01     0.114358320236206E+02     0.230820035934448E+01
     0.622042417526245E+01     0.199915719032288E+01     0.114304828643799E+02     0.230807495117188E+01
     0.622955846786499E+01     0.199926114082336E+01     0.114375934600830E+02     0.230822300910950E+01
     0.623869276046753E+01     0.199916970729828E+01     0.114303512573242E+02     0.230809187889099E+01
     0.624782705307007E+01     0.199914395809174E+01     0.114287462234497E+02     0.230805492401123E+01
     0.625696134567261E+01     0.199908065795898E+01     0.114244623184204E+02     0.230796432495117E+01
     0.626609563827515E+01     0.199900913238525E+01     0.114199733734131E+02     0.230786180496216E+01
     0.627522993087769E+01     0.199896323680878E+01     0.114171705245972E+02     0.230779576301575E+01
     0.628436422348022E+01     0.199895930290222E+01     0.114170579910278E+02     0.230778980255127E+01
     0.629349803924561E+01     0.199892926216125E+01     0.114154891967773E+02     0.230774664878845E+01
     0.630263233184814E+01     0.199884581565857E+01     0.114103460311890E+02     0.230762720108032E+01
     0.631176662445068E+01     0.199878561496735E+01     0.114069557189941E+02     0.230754089355469E+01
     0.632090091705322E+01     0.199879658222198E+01     0.114082536697388E+02     0.230755591392517E+01
     0.633003520965576E+01     0.199866926670074E+01     0.114007053375244E+02     0.230737352371216E+01
     0.633916950225830E+01     0.199866497516632E+01     0.114007377624512E+02     0.230736732482910E+01
     0.634830379486084E+01     0.199865388870239E+01     0.114009771347046E+02     0.230735087394714E+01
     0.635743808746338E+01     0.199854326248169E+01     0.113943901062012E+02     0.230719232559204E+01
     0.636657238006592E+01     0.199853157997131E+01     0.113944253921509E+02     0.230717539787292E+01
     0.637570667266846E+01     0.199847483634949E+01     0.113916807174683E+02     0.230709385871887E+01
     0.638484096527100E+01     0.199839210510254E+01     0.113872642517090E+02     0.230697512626648E+01
     0.639397478103638E+01     0.199838447570801E+01     0.113879537582397E+02     0.230696392059326E+01
     0.640310907363892E+01     0.199830043315887E+01     0.113834161758423E+02     0.230684304237366E+01
     0.641224336624146E+01     0.199821901321411E+01     0.113793907165527E+02     0.230672645568848E+01
     0.642137765884399E+01     0.199821090698242E+01     0.113801698684692E+02     0.230671429634094E+01
     0.643051195144653E+01     0.199815762042999E+01     0.113781213760376E+02     0.230663752555847E+01
     0.643964624404907E+01     0.199813520908356E+01     0.113790378570557E+02     0.230660533905029E+01
     0.644878053665161E+01     0.199805486202240E+01     0.113746232986450E+02     0.230648946762085E+01
     0.645791482925415E+01     0.199795985221863E+01     0.113694219589233E+02     0.230635309219360E+01
     0.646704912185669E+01     0.199793744087219E+01     0.113701820373535E+02     0.230632090568542E+01
     0.647618341445923E+01     0.199786198139191E+01     0.113666009902954E+02     0.230621218681335E+01
     0.648531770706177E+01     0.199777388572693E+01     0.113622055053711E+02     0.230608558654785E+01
     0.649445152282715E+01     0.199775862693787E+01     0.113641777038574E+02     0.230606341362000E+01
     0.650358581542969E+01     0.199767911434174E+01     0.113603553771973E+02     0.230594921112061E+01
     0.651272010803223E+01     0.199759995937347E+01     0.113567781448364E+02     0.230583524703979E+01
     0.652185440063477E+01     0.199749112129211E+01     0.113511152267456E+02     0.230567908287048E+01
     0.653098869323730E+01     0.199740648269653E+01     0.113475837707520E+02     0.230555748939514E+01
     0.654012298583984E+01     0.199737977981567E+01     0.113481063842773E+02     0.230551838874817E+01
     0.654925727844238E+01     0.199725437164307E+01     0.113419456481934E+02     0.230533838272095E+01
     0.655839157104492E+01     0.199713170528412E+01     0.113367986679077E+02     0.230516219139099E+01
     0.656752586364746E+01     0.199712145328522E+01     0.113376817703247E+02     0.230514693260193E+01
     0.657666015625000E+01     0.199712312221527E+01     0.113411226272583E+02     0.230514883995056E+01
     0.658579444885254E+01     0.199691224098206E+01     0.113294172286987E+02     0.230484604835510E+01
     0.659492826461792E+01     0.199689340591431E+01     0.113299760818481E+02     0.230481863021851E+01
     0.660406255722046E+01     0.199687302112579E+01     0.113314113616943E+02     0.230478882789612E+01
     0.661319684982300E+01     0.199668717384338E+01     0.113221426010132E+02     0.230452203750610E+01
     0.662233114242554E+01     0.199661755561829E+01     0.113200750350952E+02     0.230442142486572E+01
     0.663146543502808E+01     0.199666094779968E+01     0.113259391784668E+02     0.230448317527771E+01
     0.664059972763062E+01     0.199645888805389E+01     0.113151273727417E+02     0.230419278144836E+01
     0.664973402023315E+01     0.199648332595825E+01     0.113192644119263E+02     0.230422735214233E+01
     0.665886831283569E+01     0.199633991718292E+01     0.113124179840088E+02     0.230402112007141E+01
     0.666800260543823E+01     0.199627840518951E+01     0.113112840652466E+02     0.230393218994141E+01
     0.667713689804077E+01     0.199613022804260E+01     0.113051605224609E+02     0.230371928215027E+01
     0.668627119064331E+01     0.199609982967377E+01     0.113056116104126E+02     0.230367517471313E+01
     0.669540548324585E+01     0.199606847763062E+01     0.113068885803223E+02     0.230362915992737E+01
     0.670453929901123E+01     0.199593639373779E+01     0.113011140823364E+02     0.230343914031982E+01
     0.671367359161377E+01     0.199589812755585E+01     0.113020315170288E+02     0.230338406562805E+01
     0.672280788421631E+01     0.199574697017670E+01     0.112951602935791E+02     0.230316638946533E+01
     0.673194217681885E+01     0.199572205543518E+01     0.112969722747803E+02     0.230312991142273E+01
     0.674107646942139E+01     0.199559354782104E+01     0.112915935516357E+02     0.230294513702393E+01
     0.675021076202393E+01     0.199545490741730E+01     0.112863960266113E+02     0.230274558067322E+01
     0.675934505462646E+01     0.199548184871674E+01     0.112920627593994E+02     0.230278348922729E+01
     0.676847934722900E+01     0.199537026882172E+01     0.112876968383789E+02     0.230262231826782E+01
     0.677761363983154E+01     0.199520599842072E+01     0.112803354263306E+02     0.230238628387451E+01
     0.678674793243408E+01     0.199519646167755E+01     0.112838678359985E+02     0.230237174034119E+01
     0.679588222503662E+01     0.199506735801697E+01     0.112783575057983E+02     0.230218577384949E+01
     0.680501604080200E+01     0.199489271640778E+01     0.112712774276733E+02     0.230193448066711E+01
     0.681415033340454E+01     0.199492180347443E+01     0.112771854400635E+02     0.230197548866272E+01
     0.682328462600708E+01     0.199481618404388E+01     0.112738018035889E+02     0.230182313919067E+01
     0.683241891860962E+01     0.199470388889313E+01     0.112699480056763E+02     0.230166125297546E+01
     0.684155321121216E+01     0.199461388587952E+01     0.112679910659790E+02     0.230153107643127E+01
     0.685068750381470E+01     0.199454498291016E+01     0.112681913375854E+02     0.230143165588379E+01
     0.685982179641724E+01     0.199441993236542E+01     0.112633094787598E+02     0.230125117301941E+01
     0.686895608901978E+01     0.199425053596497E+01     0.112561826705933E+02     0.230100703239441E+01
     0.687809038162231E+01     0.199417364597321E+01     0.112550239562988E+02     0.230089592933655E+01
     0.688722467422485E+01     0.199414503574371E+01     0.112580385208130E+02     0.230085420608521E+01
     0.689635896682739E+01     0.199403440952301E+01     0.112549180984497E+02     0.230069446563721E+01
     0.690549278259277E+01     0.199381732940674E+01     0.112450189590454E+02     0.230038189888000E+01
     0.691462707519531E+01     0.199382889270782E+01     0.112497539520264E+02     0.230039763450623E+01
     0.692376136779785E+01     0.199367809295654E+01     0.112438707351685E+02     0.230018019676208E+01
     0.693289566040039E+01     0.199353456497192E+01     0.112391614913940E+02     0.229997324943542E+01
     0.694202995300293E+01     0.199349319934845E+01     0.112407579421997E+02     0.229991269111633E+01
     0.695116424560547E+01     0.199338972568512E+01     0.112384185791016E+02     0.229976344108582E+01
     0.696029853820801E+01     0.199329876899719E+01     0.112370538711548E+02     0.229963183403015E+01
     0.696943283081055E+01     0.199320924282074E+01     0.112362623214722E+02     0.229950237274170E+01
     0.697856712341309E+01     0.199310493469238E+01     0.112340965270996E+02     0.229935145378113E+01
     0.698770141601562E+01     0.199300587177277E+01     0.112322092056274E+02     0.229920864105225E+01
     0.699683570861816E+01     0.199285972118378E+01     0.112266702651978E+02     0.229899740219116E+01
     0.700596952438354E+01     0.199268591403961E+01     0.112203016281128E+02     0.229874658584595E+01
     0.701510381698608E+01     0.199256384372711E+01     0.112173700332642E+02     0.229857039451599E+01
     0.702423810958862E+01     0.199251472949982E+01     0.112185773849487E+02     0.229849886894226E+01
     0.703337240219116E+01     0.199238073825836E+01     0.112146959304810E+02     0.229830527305603E+01
     0.704250669479370E+01     0.199231207370758E+01     0.112152118682861E+02     0.229820537567139E+01
     0.705164098739624E+01     0.199223697185516E+01     0.112161684036255E+02     0.229809689521790E+01
     0.706077527999878E+01     0.199210107326508E+01     0.112116508483887E+02     0.229790019989014E+01
     0.706990957260132E+01     0.199198353290558E+01     0.112088832855225E+02     0.229773044586182E+01
     0.707904386520386E+01     0.199181485176086E+01     0.112028274536133E+02     0.229748702049255E+01
     0.708817815780640E+01     0.199171125888824E+01     0.112011194229126E+02     0.229733705520630E+01
     0.709731245040894E+01     0.199155068397522E+01     0.111962862014771E+02     0.229710483551025E+01
     0.710644626617432E+01     0.199148428440094E+01     0.111966819763184E+02     0.229700851440430E+01
     0.711558055877686E+01     0.199144935607910E+01     0.112009820938110E+02     0.229695773124695E+01
     0.712471485137939E+01     0.199132084846497E+01     0.111973905563354E+02     0.229677152633667E+01
     0.713384914398193E+01     0.199108684062958E+01     0.111872386932373E+02     0.229643368721008E+01
     0.714298343658447E+01     0.199106514453888E+01     0.111910305023193E+02     0.229640150070190E+01
     0.715211772918701E+01     0.199086976051331E+01     0.111834964752197E+02     0.229611921310425E+01
     0.716125202178955E+01     0.199082052707672E+01     0.111857604980469E+02     0.229604768753052E+01
     0.717038631439209E+01     0.199062359333038E+01     0.111785011291504E+02     0.229576301574707E+01
     0.717952060699463E+01     0.199050152301788E+01     0.111761817932129E+02     0.229558658599854E+01
     0.718865489959717E+01     0.199042963981628E+01     0.111765317916870E+02     0.229548215866089E+01
     0.719778919219971E+01     0.199030625820160E+01     0.111740760803223E+02     0.229530334472656E+01
     0.720692348480225E+01     0.199025189876556E+01     0.111773462295532E+02     0.229522418975830E+01
     0.721605730056763E+01     0.199001812934875E+01     0.111670551300049E+02     0.229488658905029E+01
     0.722519159317017E+01     0.199001097679138E+01     0.111731796264648E+02     0.229487538337708E+01
     0.723432588577271E+01     0.198984241485596E+01     0.111668939590454E+02     0.229463148117065E+01
     0.724346017837524E+01     0.198971927165985E+01     0.111647033691406E+02     0.229445314407349E+01
     0.725259447097778E+01     0.198952162265778E+01     0.111579685211182E+02     0.229416728019714E+01
     0.726172876358032E+01     0.198944270610809E+01     0.111582956314087E+02     0.229405260086060E+01
     0.727086305618286E+01     0.198932206630707E+01     0.111562366485596E+02     0.229387784004211E+01
     0.727999734878540E+01     0.198926460742950E+01     0.111597051620483E+02     0.229379415512085E+01
     0.728913164138794E+01     0.198900365829468E+01     0.111480369567871E+02     0.229341721534729E+01
     0.729826593399048E+01     0.198890161514282E+01     0.111469907760620E+02     0.229326891899109E+01
