     0.182425007224083E-01     0.242994423024356E-02     0.610674142837524E+01     0.242438889108598E-02
     0.273637492209673E-01     0.537028070539236E-02     0.757659006118774E+01     0.535574927926064E-02
     0.364850014448166E-01     0.678645865991712E-02     0.795906114578247E+01     0.676750065758824E-02
     0.456062518060207E-01     0.744281476363540E-02     0.805592632293701E+01     0.741664040833712E-02
     0.547274984419346E-01     0.778204761445522E-02     0.806909084320068E+01     0.774919567629695E-02
     0.638487488031387E-01     0.797684583812952E-02     0.805276966094971E+01     0.793874356895685E-02
     0.729700028896332E-01     0.810135900974274E-02     0.802465152740479E+01     0.805920735001564E-02
     0.820912495255470E-01     0.817898660898209E-02     0.798497819900513E+01     0.813372619450092E-02
     0.912125036120415E-01     0.823198910802603E-02     0.793938922882080E+01     0.818447023630142E-02
     0.100333750247955E+00     0.825829245150089E-02     0.788285636901855E+01     0.820940360426903E-02
     0.109454996883869E+00     0.824797432869673E-02     0.780622720718384E+01     0.819864682853222E-02
     0.118576250970364E+00     0.821949541568756E-02     0.771513128280640E+01     0.817017909139395E-02
     0.127697497606277E+00     0.819215364754200E-02     0.761368894577026E+01     0.814279448240995E-02
     0.136818751692772E+00     0.817953143268824E-02     0.749931907653809E+01     0.812992546707392E-02
     0.145940005779266E+00     0.817205570638180E-02     0.734741735458374E+01     0.812201388180256E-02
     0.155061244964600E+00     0.826602429151535E-02     0.719344282150269E+01     0.821544323116541E-02
     0.164182499051094E+00     0.849678367376328E-02     0.702540636062622E+01     0.844560284167528E-02
     0.173303753137589E+00     0.893400795757771E-02     0.686506128311157E+01     0.888220686465502E-02
     0.182425007224083E+00     0.961168296635151E-02     0.674961233139038E+01     0.955888256430626E-02
     0.191546246409416E+00     0.104694347828627E-01     0.666607332229614E+01     0.104153156280518E-01
     0.200667500495911E+00     0.114681283012033E-01     0.661140155792236E+01     0.114129949361086E-01
     0.209788754582405E+00     0.126011315733194E-01     0.657788372039795E+01     0.125456443056464E-01
     0.218909993767738E+00     0.139078702777624E-01     0.656769752502441E+01     0.138521064072847E-01
     0.228031247854233E+00     0.154064735397696E-01     0.656816911697388E+01     0.153509499505162E-01
     0.237152501940727E+00     0.171171240508556E-01     0.659080410003662E+01     0.170629825443029E-01
     0.246273756027222E+00     0.190252885222435E-01     0.663590002059937E+01     0.189734678715467E-01
     0.255394995212555E+00     0.211069062352180E-01     0.668824863433838E+01     0.210588667541742E-01
     0.264516264200211E+00     0.233718957751989E-01     0.674846124649048E+01     0.233288016170263E-01
     0.273637503385544E+00     0.258254576474428E-01     0.681353235244751E+01     0.257888771593571E-01
     0.282758742570877E+00     0.284818336367607E-01     0.689327239990234E+01     0.284538604319096E-01
     0.291880011558533E+00     0.313230827450752E-01     0.697294759750366E+01     0.313061140477657E-01
     0.301001250743866E+00     0.343525670468807E-01     0.705290365219116E+01     0.343491919338703E-01
     0.310122489929199E+00     0.375869646668434E-01     0.714391756057739E+01     0.376000292599201E-01
     0.319243758916855E+00     0.410041920840740E-01     0.723017454147339E+01     0.410363376140594E-01
     0.328364998102188E+00     0.446201339364052E-01     0.732257604598999E+01     0.446751043200493E-01
     0.337486237287521E+00     0.484275594353676E-01     0.741450881958008E+01     0.485093109309673E-01
     0.346607506275177E+00     0.524403378367424E-01     0.751343631744385E+01     0.525531210005283E-01
     0.355728745460510E+00     0.566438697278500E-01     0.761006593704224E+01     0.567920841276646E-01
     0.364850014448166E+00     0.610350742936134E-01     0.770506525039673E+01     0.612232536077499E-01
     0.373971253633499E+00     0.656179338693619E-01     0.780213117599487E+01     0.658513680100441E-01
     0.383092492818832E+00     0.703848004341125E-01     0.789328575134277E+01     0.706691965460777E-01
     0.392213761806488E+00     0.753478333353996E-01     0.798688411712646E+01     0.756893604993820E-01
     0.401335000991821E+00     0.804975405335426E-01     0.807970237731934E+01     0.809024721384048E-01
     0.410456240177155E+00     0.858427137136459E-01     0.817720890045166E+01     0.863176807761192E-01
     0.419577509164810E+00     0.913547426462173E-01     0.826463603973389E+01     0.919066220521927E-01
     0.428698748350143E+00     0.970531925559044E-01     0.835430335998535E+01     0.976897627115250E-01
     0.437819987535477E+00     0.102947153151035E+00     0.844779491424561E+01     0.103676773607731E+00
     0.446941256523132E+00     0.109012998640537E+00     0.853738403320312E+01     0.109843403100967E+00
     0.456062495708466E+00     0.115258634090424E+00     0.862920188903809E+01     0.116198800504208E+00
     0.465183764696121E+00     0.121669888496399E+00     0.871555709838867E+01     0.122728534042835E+00
     0.474305003881454E+00     0.128253445029259E+00     0.880402946472168E+01     0.129440844058990E+00
     0.483426243066788E+00     0.135012805461884E+00     0.889169597625732E+01     0.136338099837303E+00
     0.492547512054443E+00     0.141917869448662E+00     0.896946525573730E+01     0.143390685319901E+00
     0.501668751239777E+00     0.149015247821808E+00     0.905809688568115E+01     0.150647729635239E+00
     0.510789990425110E+00     0.156238347291946E+00     0.913248062133789E+01     0.158039703965187E+00
     0.519911229610443E+00     0.163642451167107E+00     0.921732234954834E+01     0.165625452995300E+00
     0.529032528400421E+00     0.171196818351746E+00     0.929819679260254E+01     0.173373118042946E+00
     0.538153767585754E+00     0.178883090615273E+00     0.936926841735840E+01     0.181263700127602E+00
     0.547275006771088E+00     0.186730936169624E+00     0.944534492492676E+01     0.189329296350479E+00
     0.556396245956421E+00     0.194741681218147E+00     0.952742576599121E+01     0.197570994496346E+00
     0.565517485141754E+00     0.202884018421173E+00     0.960445117950439E+01     0.205955967307091E+00
     0.574638724327087E+00     0.211155906319618E+00     0.967519283294678E+01     0.214485585689545E+00
     0.583760023117065E+00     0.219566732645035E+00     0.974697303771973E+01     0.223166733980179E+00
     0.592881262302399E+00     0.228101059794426E+00     0.981393814086914E+01     0.231985524296761E+00
     0.602002501487732E+00     0.236784905195236E+00     0.989030456542969E+01     0.240968957543373E+00
     0.611123740673065E+00     0.245566129684448E+00     0.995308780670166E+01     0.250063151121140E+00
     0.620244979858398E+00     0.254392445087433E+00     0.100201063156128E+02     0.259214937686920E+00
     0.629366278648376E+00     0.263231128454208E+00     0.100865163803101E+02     0.268390119075775E+00
     0.638487517833710E+00     0.272122114896774E+00     0.101535100936890E+02     0.277630329132080E+00
     0.647608757019043E+00     0.281037211418152E+00     0.102130746841431E+02     0.286904841661453E+00
     0.656729996204376E+00     0.290034592151642E+00     0.102758283615112E+02     0.296277701854706E+00
     0.665851235389709E+00     0.299067705869675E+00     0.103334388732910E+02     0.305696904659271E+00
     0.674972474575043E+00     0.308169782161713E+00     0.103888435363770E+02     0.315199166536331E+00
     0.684093773365021E+00     0.317336291074753E+00     0.104431600570679E+02     0.324781090021133E+00
     0.693215012550354E+00     0.326585203409195E+00     0.105030927658081E+02     0.334458857774734E+00
     0.702336251735687E+00     0.335879057645798E+00     0.105601663589478E+02     0.344196021556854E+00
     0.711457490921021E+00     0.345240771770477E+00     0.106133499145508E+02     0.354015737771988E+00
     0.720578730106354E+00     0.354658514261246E+00     0.106668567657471E+02     0.363905310630798E+00
     0.729700028896332E+00     0.364135921001434E+00     0.107209463119507E+02     0.373869717121124E+00
     0.738821268081665E+00     0.373672246932983E+00     0.107720432281494E+02     0.383907973766327E+00
     0.747942507266998E+00     0.383231163024902E+00     0.108137741088867E+02     0.393982023000717E+00
     0.757063746452332E+00     0.392864644527435E+00     0.108608226776123E+02     0.404146820306778E+00
     0.766184985637665E+00     0.402583748102188E+00     0.109128608703613E+02     0.414414346218109E+00
     0.775306224822998E+00     0.412325054407120E+00     0.109573974609375E+02     0.424717575311661E+00
     0.784427523612976E+00     0.422151923179626E+00     0.110110015869141E+02     0.435124516487122E+00
     0.793548762798309E+00     0.431959986686707E+00     0.110469121932983E+02     0.445523619651794E+00
     0.802670001983643E+00     0.441867381334305E+00     0.110922632217407E+02     0.456041574478149E+00
     0.811791241168976E+00     0.451797097921371E+00     0.111362714767456E+02     0.466595679521561E+00
     0.820912480354309E+00     0.461781114339828E+00     0.111781730651855E+02     0.477220445871353E+00
     0.830033779144287E+00     0.471826016902924E+00     0.112250385284424E+02     0.487923860549927E+00
     0.839155018329620E+00     0.481899648904800E+00     0.112665767669678E+02     0.498671114444733E+00
     0.848276257514954E+00     0.492002695798874E+00     0.113042907714844E+02     0.509462893009186E+00
     0.857397496700287E+00     0.502143681049347E+00     0.113445014953613E+02     0.520309388637543E+00
     0.866518735885620E+00     0.512316584587097E+00     0.113831377029419E+02     0.531203031539917E+00
     0.875639975070953E+00     0.522530615329742E+00     0.114195079803467E+02     0.542154848575592E+00
     0.884761273860931E+00     0.532775938510895E+00     0.114586572647095E+02     0.553154170513153E+00
     0.893882513046265E+00     0.543086469173431E+00     0.115016937255859E+02     0.564238071441650E+00
     0.903003752231598E+00     0.553400933742523E+00     0.115398321151733E+02     0.575339615345001E+00
     0.912124991416931E+00     0.563718318939209E+00     0.115719318389893E+02     0.586459040641785E+00
     0.921246230602264E+00     0.574089586734772E+00     0.116079483032227E+02     0.597650468349457E+00
     0.930367529392242E+00     0.584484040737152E+00     0.116449508666992E+02     0.608881652355194E+00
     0.939488768577576E+00     0.594889879226685E+00     0.116770687103271E+02     0.620139837265015E+00
     0.948610007762909E+00     0.605314910411835E+00     0.117077465057373E+02     0.631432771682739E+00
     0.957731246948242E+00     0.615760803222656E+00     0.117403984069824E+02     0.642763972282410E+00
     0.966852486133575E+00     0.626232922077179E+00     0.117724571228027E+02     0.654137670993805E+00
     0.975973725318909E+00     0.636717677116394E+00     0.118015470504761E+02     0.665540337562561E+00
     0.985095024108887E+00     0.647240340709686E+00     0.118379983901978E+02     0.676999092102051E+00
     0.994216263294220E+00     0.657742261886597E+00     0.118644838333130E+02     0.688450396060944E+00
     0.100333750247955E+01     0.668247520923615E+00     0.118963909149170E+02     0.699919939041138E+00
     0.101245880126953E+01     0.678790271282196E+00     0.119191522598267E+02     0.711446642875671E+00
     0.102157998085022E+01     0.689359784126282E+00     0.119490776062012E+02     0.723017275333405E+00
     0.103070127964020E+01     0.699913144111633E+00     0.119851770401001E+02     0.734585285186768E+00
     0.103982245922089E+01     0.710485756397247E+00     0.120055541992188E+02     0.746190190315247E+00
     0.104894375801086E+01     0.720997333526611E+00     0.120306196212769E+02     0.757743239402771E+00
     0.105806505680084E+01     0.731695353984833E+00     0.120668182373047E+02     0.769517719745636E+00
     0.106718623638153E+01     0.742141127586365E+00     0.120831232070923E+02     0.781028628349304E+00
     0.107630753517151E+01     0.752794802188873E+00     0.121119890213013E+02     0.792785227298737E+00
     0.108542871475220E+01     0.763395845890045E+00     0.121421136856079E+02     0.804499685764313E+00
     0.109455001354218E+01     0.773888111114502E+00     0.121666936874390E+02     0.816108465194702E+00
     0.110367119312286E+01     0.784509539604187E+00     0.121923904418945E+02     0.827877342700958E+00
     0.111279249191284E+01     0.795060217380524E+00     0.122096529006958E+02     0.839582920074463E+00
     0.112191379070282E+01     0.805564582347870E+00     0.122320737838745E+02     0.851252198219299E+00
     0.113103497028351E+01     0.816154718399048E+00     0.122596759796143E+02     0.863033354282379E+00
     0.114015626907349E+01     0.826771080493927E+00     0.122844314575195E+02     0.874859988689423E+00
     0.114927744865417E+01     0.837277352809906E+00     0.123025684356689E+02     0.886579573154449E+00
     0.115839874744415E+01     0.847737848758698E+00     0.123278694152832E+02     0.898263335227966E+00
     0.116752004623413E+01     0.858306944370270E+00     0.123480482101440E+02     0.910085618495941E+00
     0.117664122581482E+01     0.868780732154846E+00     0.123703670501709E+02     0.921815991401672E+00
     0.118576252460480E+01     0.879296898841858E+00     0.123831710815430E+02     0.933610975742340E+00
     0.119488370418549E+01     0.889678835868835E+00     0.124061145782471E+02     0.945269882678986E+00
     0.120400500297546E+01     0.900145530700684E+00     0.124238395690918E+02     0.957041501998901E+00
     0.121312630176544E+01     0.910577595233917E+00     0.124413318634033E+02     0.968788921833038E+00
     0.122224748134613E+01     0.921020269393921E+00     0.124613342285156E+02     0.980565547943115E+00
     0.123136878013611E+01     0.931504249572754E+00     0.124886112213135E+02     0.992404103279114E+00
     0.124048995971680E+01     0.941840052604675E+00     0.124997825622559E+02     0.100409162044525E+01
     0.124961125850677E+01     0.952147901058197E+00     0.125203466415405E+02     0.101576292514801E+01
     0.125873255729675E+01     0.962488055229187E+00     0.125332212448120E+02     0.102748799324036E+01
     0.126785373687744E+01     0.972754359245300E+00     0.125552225112915E+02     0.103914415836334E+01
     0.127697503566742E+01     0.983057737350464E+00     0.125704755783081E+02     0.105085873603821E+01
     0.128609621524811E+01     0.993318438529968E+00     0.125910196304321E+02     0.106254100799561E+01
     0.129521751403809E+01     0.100353717803955E+01     0.126042652130127E+02     0.107419085502625E+01
     0.130433869361877E+01     0.101379489898682E+01     0.126230945587158E+02     0.108590209484100E+01
     0.131345999240875E+01     0.102384984493256E+01     0.126304273605347E+02     0.109739661216736E+01
     0.132258129119873E+01     0.103405249118805E+01     0.126535749435425E+02     0.110907638072968E+01
     0.133170247077942E+01     0.104420375823975E+01     0.126618633270264E+02     0.112071335315704E+01
     0.134082376956940E+01     0.105427789688110E+01     0.126784811019897E+02     0.113227784633636E+01
     0.134994494915009E+01     0.106429958343506E+01     0.126909227371216E+02     0.114379751682281E+01
     0.135906624794006E+01     0.107425332069397E+01     0.127041244506836E+02     0.115525484085083E+01
     0.136818754673004E+01     0.108424770832062E+01     0.127174510955811E+02     0.116677463054657E+01
     0.137730872631073E+01     0.109423267841339E+01     0.127379579544067E+02     0.117829930782318E+01
     0.138643002510071E+01     0.110412764549255E+01     0.127423744201660E+02     0.118973612785339E+01
     0.139555120468140E+01     0.111402702331543E+01     0.127560920715332E+02     0.120119309425354E+01
     0.140467250347137E+01     0.112388181686401E+01     0.127675065994263E+02     0.121261453628540E+01
     0.141379380226135E+01     0.113362002372742E+01     0.127847518920898E+02     0.122391557693481E+01
     0.142291498184204E+01     0.114339232444763E+01     0.127981500625610E+02     0.123527204990387E+01
     0.143203628063202E+01     0.115312135219574E+01     0.128122148513794E+02     0.124659371376038E+01
     0.144115746021271E+01     0.116279494762421E+01     0.128198623657227E+02     0.125786590576172E+01
     0.145027875900269E+01     0.117245650291443E+01     0.128291082382202E+02     0.126913964748383E+01
     0.145940005779266E+01     0.118207752704620E+01     0.128408422470093E+02     0.128038132190704E+01
     0.146852123737335E+01     0.119155466556549E+01     0.128492126464844E+02     0.129146957397461E+01
     0.147764253616333E+01     0.120107984542847E+01     0.128586931228638E+02     0.130262947082520E+01
     0.148676371574402E+01     0.121055531501770E+01     0.128678998947144E+02     0.131374549865723E+01
     0.149588501453400E+01     0.122008693218231E+01     0.128849668502808E+02     0.132494366168976E+01
     0.150500619411469E+01     0.122942280769348E+01     0.128876934051514E+02     0.133592593669891E+01
     0.151412749290466E+01     0.123880183696747E+01     0.129011898040771E+02     0.134697389602661E+01
     0.152324879169464E+01     0.124810338020325E+01     0.129134130477905E+02     0.135794568061829E+01
     0.153236997127533E+01     0.125731635093689E+01     0.129172735214233E+02     0.136882722377777E+01
     0.154149127006531E+01     0.126598870754242E+01     0.129255189895630E+02     0.137908387184143E+01
     0.155061244964600E+01     0.127351224422455E+01     0.129349308013916E+02     0.138799226284027E+01
     0.155973374843597E+01     0.128073370456696E+01     0.129430665969849E+02     0.139655244350433E+01
     0.156885504722595E+01     0.128764557838440E+01     0.129418039321899E+02     0.140475320816040E+01
     0.157797622680664E+01     0.129448914527893E+01     0.129555482864380E+02     0.141288232803345E+01
     0.158709752559662E+01     0.130116295814514E+01     0.129623489379883E+02     0.142081701755524E+01
     0.159621870517731E+01     0.130770421028137E+01     0.129622335433960E+02     0.142860221862793E+01
     0.160534000396729E+01     0.131415939331055E+01     0.129732189178467E+02     0.143629157543182E+01
     0.161446130275726E+01     0.132049262523651E+01     0.129695262908936E+02     0.144384384155273E+01
     0.162358248233795E+01     0.132674896717072E+01     0.129740076065063E+02     0.145131063461304E+01
     0.163270378112793E+01     0.133297228813171E+01     0.129804811477661E+02     0.145874559879303E+01
     0.164182496070862E+01     0.133911430835724E+01     0.129859800338745E+02     0.146608996391296E+01
     0.165094625949860E+01     0.134514439105988E+01     0.129903278350830E+02     0.147330713272095E+01
     0.166006755828857E+01     0.135115301609039E+01     0.129997472763062E+02     0.148050510883331E+01
     0.166918873786926E+01     0.135710442066193E+01     0.130035514831543E+02     0.148764121532440E+01
     0.167831003665924E+01     0.136288774013519E+01     0.129991044998169E+02     0.149458193778992E+01
     0.168743121623993E+01     0.136871528625488E+01     0.130117263793945E+02     0.150158166885376E+01
     0.169655251502991E+01     0.137446737289429E+01     0.130109701156616E+02     0.150849735736847E+01
     0.170567369461060E+01     0.138010513782501E+01     0.130117206573486E+02     0.151528143882751E+01
     0.171479499340057E+01     0.138580870628357E+01     0.130196533203125E+02     0.152215039730072E+01
     0.172391629219055E+01     0.139135301113129E+01     0.130190725326538E+02     0.152883386611938E+01
     0.173303747177124E+01     0.139691901206970E+01     0.130242214202881E+02     0.153554928302765E+01
     0.174215877056122E+01     0.140233385562897E+01     0.130233745574951E+02     0.154208731651306E+01
     0.175127995014191E+01     0.140781176090240E+01     0.130265130996704E+02     0.154870772361755E+01
     0.176040124893188E+01     0.141321575641632E+01     0.130321950912476E+02     0.155524444580078E+01
     0.176952254772186E+01     0.141853594779968E+01     0.130290584564209E+02     0.156168496608734E+01
     0.177864372730255E+01     0.142386412620544E+01     0.130345726013184E+02     0.156814086437225E+01
     0.178776502609253E+01     0.142914140224457E+01     0.130416421890259E+02     0.157454025745392E+01
     0.179688620567322E+01     0.143432688713074E+01     0.130442924499512E+02     0.158083367347717E+01
     0.180600750446320E+01     0.143952119350433E+01     0.130416803359985E+02     0.158714342117310E+01
     0.181512880325317E+01     0.144463479518890E+01     0.130439529418945E+02     0.159335982799530E+01
     0.182424998283386E+01     0.144974136352539E+01     0.130454406738281E+02     0.159957289695740E+01
     0.183337128162384E+01     0.145482170581818E+01     0.130494003295898E+02     0.160575950145721E+01
     0.184249246120453E+01     0.145980584621429E+01     0.130435619354248E+02     0.161183369159698E+01
     0.185161375999451E+01     0.146478021144867E+01     0.130540390014648E+02     0.161790096759796E+01
     0.186073505878448E+01     0.146971964836121E+01     0.130488157272339E+02     0.162393045425415E+01
     0.186985623836517E+01     0.147463226318359E+01     0.130554418563843E+02     0.162993204593658E+01
     0.187897753715515E+01     0.147948861122131E+01     0.130535793304443E+02     0.163586997985840E+01
     0.188809871673584E+01     0.148431873321533E+01     0.130550031661987E+02     0.164178037643433E+01
     0.189722001552582E+01     0.148912191390991E+01     0.130578165054321E+02     0.164766252040863E+01
     0.190634119510651E+01     0.149385392665863E+01     0.130581579208374E+02     0.165346217155457E+01
     0.191546249389648E+01     0.149858391284943E+01     0.130512399673462E+02     0.165926420688629E+01
     0.192458379268646E+01     0.150328171253204E+01     0.130579929351807E+02     0.166503095626831E+01
     0.193370497226715E+01     0.150793159008026E+01     0.130588169097900E+02     0.167074346542358E+01
     0.194282627105713E+01     0.151254594326019E+01     0.130570716857910E+02     0.167641711235046E+01
     0.195194745063782E+01     0.151712059974670E+01     0.130539836883545E+02     0.168204605579376E+01
     0.196106874942780E+01     0.152167892456055E+01     0.130548610687256E+02     0.168765962123871E+01
     0.197019004821777E+01     0.152622139453888E+01     0.130546760559082E+02     0.169325768947601E+01
     0.197931122779846E+01     0.153075528144836E+01     0.130599431991577E+02     0.169884967803955E+01
     0.198843252658844E+01     0.153520262241364E+01     0.130603351593018E+02     0.170433938503265E+01
     0.199755370616913E+01     0.153961336612701E+01     0.130556745529175E+02     0.170978796482086E+01
     0.200667500495911E+01     0.154402637481689E+01     0.130568132400513E+02     0.171524345874786E+01
     0.201579618453979E+01     0.154835546016693E+01     0.130549135208130E+02     0.172059953212738E+01
     0.202491760253906E+01     0.155268979072571E+01     0.130495119094849E+02     0.172596621513367E+01
     0.203403878211975E+01     0.155706644058228E+01     0.130574035644531E+02     0.173138940334320E+01
     0.204315996170044E+01     0.156134295463562E+01     0.130566530227661E+02     0.173669242858887E+01
     0.205228114128113E+01     0.156559288501740E+01     0.130564403533936E+02     0.174196672439575E+01
     0.206140255928040E+01     0.156979918479919E+01     0.130549240112305E+02     0.174719059467316E+01
     0.207052373886108E+01     0.157399559020996E+01     0.130527572631836E+02     0.175240635871887E+01
     0.207964491844177E+01     0.157817423343658E+01     0.130509214401245E+02     0.175760388374329E+01
     0.208876633644104E+01     0.158229124546051E+01     0.130458688735962E+02     0.176272857189178E+01
     0.209788751602173E+01     0.158640503883362E+01     0.130468053817749E+02     0.176785302162170E+01
     0.210700869560242E+01     0.159046602249146E+01     0.130491580963135E+02     0.177291572093964E+01
     0.211613011360168E+01     0.159436917304993E+01     0.130485353469849E+02     0.177778506278992E+01
     0.212525129318237E+01     0.159816932678223E+01     0.130478324890137E+02     0.178252911567688E+01
     0.213437247276306E+01     0.160187828540802E+01     0.130369091033936E+02     0.178716278076172E+01
     0.214349365234375E+01     0.160553658008575E+01     0.130367050170898E+02     0.179173624515533E+01
     0.215261507034302E+01     0.160919868946075E+01     0.130424413681030E+02     0.179631757736206E+01
     0.216173624992371E+01     0.161278557777405E+01     0.130394582748413E+02     0.180080795288086E+01
     0.217085742950439E+01     0.161626541614532E+01     0.130361518859863E+02     0.180516684055328E+01
     0.217997884750366E+01     0.161972975730896E+01     0.130345726013184E+02     0.180950927734375E+01
     0.218910002708435E+01     0.162316024303436E+01     0.130322866439819E+02     0.181381237506866E+01
     0.219822120666504E+01     0.162658441066742E+01     0.130325469970703E+02     0.181811022758484E+01
     0.220734238624573E+01     0.162992668151855E+01     0.130319528579712E+02     0.182230794429779E+01
     0.221646380424500E+01     0.163323414325714E+01     0.130280017852783E+02     0.182646453380585E+01
     0.222558498382568E+01     0.163653242588043E+01     0.130264177322388E+02     0.183061242103577E+01
     0.223470616340637E+01     0.163977015018463E+01     0.130247182846069E+02     0.183468639850616E+01
     0.224382758140564E+01     0.164294457435608E+01     0.130181531906128E+02     0.183868348598480E+01
     0.225294876098633E+01     0.164614796638489E+01     0.130215597152710E+02     0.184271943569183E+01
     0.226206994056702E+01     0.164928412437439E+01     0.130170030593872E+02     0.184667313098907E+01
     0.227119135856628E+01     0.165242862701416E+01     0.130186738967896E+02     0.185063982009888E+01
     0.228031253814697E+01     0.165546870231628E+01     0.130136451721191E+02     0.185447716712952E+01
     0.228943371772766E+01     0.165854513645172E+01     0.130143842697144E+02     0.185836255550385E+01
     0.229855489730835E+01     0.166157364845276E+01     0.130125932693481E+02     0.186219000816345E+01
     0.230767631530762E+01     0.166450369358063E+01     0.130016450881958E+02     0.186589491367340E+01
     0.231679749488831E+01     0.166749739646912E+01     0.130059814453125E+02     0.186968290805817E+01
     0.232591867446899E+01     0.167041456699371E+01     0.129974031448364E+02     0.187337601184845E+01
     0.233504009246826E+01     0.167332458496094E+01     0.129993944168091E+02     0.187706243991852E+01
     0.234416127204895E+01     0.167618811130524E+01     0.129919834136963E+02     0.188069176673889E+01
     0.235328245162964E+01     0.167905580997467E+01     0.129928779602051E+02     0.188432872295380E+01
     0.236240363121033E+01     0.168185055255890E+01     0.129870166778564E+02     0.188787531852722E+01
     0.237152504920959E+01     0.168470680713654E+01     0.129904642105103E+02     0.189150190353394E+01
     0.238064622879028E+01     0.168748545646667E+01     0.129903154373169E+02     0.189503204822540E+01
     0.238976740837097E+01     0.169020080566406E+01     0.129805774688721E+02     0.189848363399506E+01
     0.239888882637024E+01     0.169294214248657E+01     0.129817686080933E+02     0.190197014808655E+01
     0.240801000595093E+01     0.169565165042877E+01     0.129812536239624E+02     0.190541839599609E+01
     0.241713118553162E+01     0.169829511642456E+01     0.129720706939697E+02     0.190878438949585E+01
     0.242625260353088E+01     0.170097517967224E+01     0.129748868942261E+02     0.191219878196716E+01
     0.243537378311157E+01     0.170361888408661E+01     0.129740171432495E+02     0.191556894779205E+01
     0.244449496269226E+01     0.170619726181030E+01     0.129642944335938E+02     0.191885745525360E+01
     0.245361614227295E+01     0.170878636837006E+01     0.129623880386353E+02     0.192216169834137E+01
     0.246273756027222E+01     0.171135914325714E+01     0.129600620269775E+02     0.192544662952423E+01
     0.247185873985291E+01     0.171390378475189E+01     0.129610185623169E+02     0.192869746685028E+01
     0.248097991943359E+01     0.171638774871826E+01     0.129528551101685E+02     0.193187260627747E+01
     0.249010133743286E+01     0.171890664100647E+01     0.129516592025757E+02     0.193509423732758E+01
     0.249922251701355E+01     0.172141647338867E+01     0.129535789489746E+02     0.193830597400665E+01
     0.250834369659424E+01     0.172385001182556E+01     0.129463319778442E+02     0.194142162799835E+01
     0.251746511459351E+01     0.172626519203186E+01     0.129427585601807E+02     0.194451522827148E+01
     0.252658629417419E+01     0.172870540618896E+01     0.129439153671265E+02     0.194764316082001E+01
     0.253570747375488E+01     0.173107838630676E+01     0.129347734451294E+02     0.195068609714508E+01
     0.254482865333557E+01     0.173347020149231E+01     0.129386720657349E+02     0.195375478267670E+01
     0.255395007133484E+01     0.173581755161285E+01     0.129331150054932E+02     0.195676827430725E+01
     0.256307125091553E+01     0.173815381526947E+01     0.129278459548950E+02     0.195976889133453E+01
     0.257219243049622E+01     0.174044001102448E+01     0.129221305847168E+02     0.196270668506622E+01
     0.258131384849548E+01     0.174278271198273E+01     0.129263162612915E+02     0.196571874618530E+01
     0.259043502807617E+01     0.174505913257599E+01     0.129209957122803E+02     0.196864724159241E+01
     0.259955620765686E+01     0.174728703498840E+01     0.129144706726074E+02     0.197151470184326E+01
     0.260867738723755E+01     0.174954080581665E+01     0.129131002426147E+02     0.197441697120667E+01
     0.261779880523682E+01     0.175178825855255E+01     0.129129581451416E+02     0.197731244564056E+01
     0.262691998481750E+01     0.175395774841309E+01     0.129069013595581E+02     0.198010897636414E+01
     0.263604116439819E+01     0.175616121292114E+01     0.129045858383179E+02     0.198295080661774E+01
     0.264516258239746E+01     0.175829541683197E+01     0.128932542800903E+02     0.198570477962494E+01
     0.265428376197815E+01     0.176044356822968E+01     0.128941421508789E+02     0.198847782611847E+01
     0.266340494155884E+01     0.176260805130005E+01     0.128936052322388E+02     0.199127364158630E+01
     0.267252635955811E+01     0.176471102237701E+01     0.128867673873901E+02     0.199399113655090E+01
     0.268164753913879E+01     0.176679050922394E+01     0.128827514648438E+02     0.199667966365814E+01
     0.269076871871948E+01     0.176890742778778E+01     0.128839330673218E+02     0.199941813945770E+01
     0.269988989830017E+01     0.177095293998718E+01     0.128756752014160E+02     0.200206565856934E+01
     0.270901131629944E+01     0.177297937870026E+01     0.128696269989014E+02     0.200468945503235E+01
     0.271813249588013E+01     0.177504539489746E+01     0.128716726303101E+02     0.200736570358276E+01
     0.272725367546082E+01     0.177706980705261E+01     0.128692369461060E+02     0.200998973846436E+01
     0.273637509346008E+01     0.177904510498047E+01     0.128605642318726E+02     0.201255106925964E+01
     0.274549627304077E+01     0.178102767467499E+01     0.128589334487915E+02     0.201512312889099E+01
     0.275461745262146E+01     0.178302633762360E+01     0.128600559234619E+02     0.201771736145020E+01
     0.276373863220215E+01     0.178496205806732E+01     0.128509273529053E+02     0.202023124694824E+01
     0.277286005020142E+01     0.178690230846405E+01     0.128495540618896E+02     0.202275204658508E+01
     0.278198122978210E+01     0.178881585597992E+01     0.128445472717285E+02     0.202523946762085E+01
     0.279110240936279E+01     0.179073727130890E+01     0.128432025909424E+02     0.202773809432983E+01
     0.280022382736206E+01     0.179263544082642E+01     0.128390140533447E+02     0.203020787239075E+01
     0.280934500694275E+01     0.179446280002594E+01     0.128291826248169E+02     0.203258657455444E+01
     0.281846618652344E+01     0.179634273052216E+01     0.128275260925293E+02     0.203503465652466E+01
     0.282758760452271E+01     0.179817128181458E+01     0.128201560974121E+02     0.203741717338562E+01
     0.283670878410339E+01     0.180005323886871E+01     0.128237638473511E+02     0.203987050056458E+01
     0.284582996368408E+01     0.180184614658356E+01     0.128144922256470E+02     0.204220867156982E+01
     0.285495114326477E+01     0.180366849899292E+01     0.128164281845093E+02     0.204458618164062E+01
     0.286407256126404E+01     0.180543935298920E+01     0.128082952499390E+02     0.204689788818359E+01
     0.287319374084473E+01     0.180720126628876E+01     0.128017148971558E+02     0.204919886589050E+01
     0.288231492042542E+01     0.180899417400360E+01     0.128025035858154E+02     0.205154132843018E+01
     0.289143633842468E+01     0.181072795391083E+01     0.127957372665405E+02     0.205380773544312E+01
     0.290055751800537E+01     0.181247234344482E+01     0.127920570373535E+02     0.205608892440796E+01
     0.290967869758606E+01     0.181419897079468E+01     0.127883796691895E+02     0.205834794044495E+01
     0.291880011558533E+01     0.181590366363525E+01     0.127862195968628E+02     0.206057929992676E+01
     0.292792129516602E+01     0.181760263442993E+01     0.127831315994263E+02     0.206280398368835E+01
     0.293704247474670E+01     0.181929075717926E+01     0.127804145812988E+02     0.206501555442810E+01
     0.294616365432739E+01     0.182096838951111E+01     0.127772092819214E+02     0.206721448898315E+01
     0.295528507232666E+01     0.182258772850037E+01     0.127661886215210E+02     0.206933808326721E+01
     0.296440625190735E+01     0.182424783706665E+01     0.127649126052856E+02     0.207151579856873E+01
     0.297352743148804E+01     0.182586169242859E+01     0.127571821212769E+02     0.207363390922546E+01
     0.298264884948730E+01     0.182748258113861E+01     0.127537279129028E+02     0.207576227188110E+01
     0.299177002906799E+01     0.182909846305847E+01     0.127511329650879E+02     0.207788467407227E+01
     0.300089120864868E+01     0.183068299293518E+01     0.127456541061401E+02     0.207996702194214E+01
     0.301001238822937E+01     0.183226680755615E+01     0.127411193847656E+02     0.208204936981201E+01
     0.301913380622864E+01     0.183385539054871E+01     0.127404184341431E+02     0.208413887023926E+01
     0.302825498580933E+01     0.183541607856750E+01     0.127371559143066E+02     0.208619260787964E+01
     0.303737616539001E+01     0.183694326877594E+01     0.127294359207153E+02     0.208820319175720E+01
     0.304649758338928E+01     0.183849275112152E+01     0.127284183502197E+02     0.209024381637573E+01
     0.305561876296997E+01     0.184002006053925E+01     0.127249469757080E+02     0.209225630760193E+01
     0.306473994255066E+01     0.184150528907776E+01     0.127164239883423E+02     0.209421420097351E+01
     0.307386136054993E+01     0.184302365779877E+01     0.127164182662964E+02     0.209621644020081E+01
     0.308298254013062E+01     0.184452760219574E+01     0.127158460617065E+02     0.209820055961609E+01
     0.309210371971130E+01     0.184595894813538E+01     0.127027454376221E+02     0.210008978843689E+01
     0.310122489929199E+01     0.184743797779083E+01     0.127012348175049E+02     0.210204267501831E+01
     0.311034631729126E+01     0.184889066219330E+01     0.126972389221191E+02     0.210396170616150E+01
     0.311946749687195E+01     0.185033357143402E+01     0.126933345794678E+02     0.210586857795715E+01
     0.312858867645264E+01     0.185179090499878E+01     0.126943874359131E+02     0.210779523849487E+01
     0.313771009445190E+01     0.185321271419525E+01     0.126894721984863E+02     0.210967612266541E+01
     0.314683127403259E+01     0.185460245609283E+01     0.126795511245728E+02     0.211151480674744E+01
     0.315595245361328E+01     0.185602700710297E+01     0.126804609298706E+02     0.211340045928955E+01
     0.316507363319397E+01     0.185738122463226E+01     0.126705532073975E+02     0.211519408226013E+01
     0.317419505119324E+01     0.185878872871399E+01     0.126723136901855E+02     0.211705851554871E+01
     0.318331623077393E+01     0.186015343666077E+01     0.126674404144287E+02     0.211886739730835E+01
     0.319243741035461E+01     0.186150574684143E+01     0.126632871627808E+02     0.212066054344177E+01
     0.320155882835388E+01     0.186285579204559E+01     0.126599712371826E+02     0.212245130538940E+01
     0.321068000793457E+01     0.186419367790222E+01     0.126533308029175E+02     0.212422680854797E+01
     0.321980118751526E+01     0.186549174785614E+01     0.126440057754517E+02     0.212595009803772E+01
     0.322892260551453E+01     0.186684083938599E+01     0.126464939117432E+02     0.212774157524109E+01
     0.323804378509521E+01     0.186814522743225E+01     0.126421394348145E+02     0.212947487831116E+01
     0.324716496467590E+01     0.186944437026978E+01     0.126386871337891E+02     0.213120150566101E+01
     0.325628614425659E+01     0.187072741985321E+01     0.126345453262329E+02     0.213290762901306E+01
     0.326540756225586E+01     0.187198889255524E+01     0.126259412765503E+02     0.213458561897278E+01
     0.327452874183655E+01     0.187323546409607E+01     0.126173458099365E+02     0.213624453544617E+01
     0.328364992141724E+01     0.187448406219482E+01     0.126116495132446E+02     0.213790678977966E+01
     0.329277133941650E+01     0.187575542926788E+01     0.126121454238892E+02     0.213960003852844E+01
     0.330189251899719E+01     0.187699246406555E+01     0.126082935333252E+02     0.214124798774719E+01
     0.331101369857788E+01     0.187822413444519E+01     0.126035156250000E+02     0.214288973808289E+01
     0.332013511657715E+01     0.187945187091827E+01     0.125995759963989E+02     0.214452695846558E+01
     0.332925629615784E+01     0.188067924976349E+01     0.125996007919312E+02     0.214616394042969E+01
     0.333837747573853E+01     0.188182783126831E+01     0.125855674743652E+02     0.214769697189331E+01
     0.334749865531921E+01     0.188304853439331E+01     0.125868968963623E+02     0.214932632446289E+01
     0.335662007331848E+01     0.188420855998993E+01     0.125781106948853E+02     0.215087556838989E+01
     0.336574125289917E+01     0.188542723655701E+01     0.125807991027832E+02     0.215250372886658E+01
     0.337486243247986E+01     0.188656282424927E+01     0.125714797973633E+02     0.215402150154114E+01
     0.338398385047913E+01     0.188770127296448E+01     0.125644350051880E+02     0.215554356575012E+01
     0.339310503005981E+01     0.188886046409607E+01     0.125626392364502E+02     0.215709400177002E+01
     0.340222620964050E+01     0.189001369476318E+01     0.125588932037354E+02     0.215863728523254E+01
     0.341134738922119E+01     0.189113712310791E+01     0.125538215637207E+02     0.216014075279236E+01
     0.342046880722046E+01     0.189224982261658E+01     0.125483655929565E+02     0.216163086891174E+01
     0.342958998680115E+01     0.189337861537933E+01     0.125473451614380E+02     0.216314291954041E+01
     0.343871116638184E+01     0.189447844028473E+01     0.125425682067871E+02     0.216461682319641E+01
     0.344783258438110E+01     0.189559721946716E+01     0.125410671234131E+02     0.216611671447754E+01
     0.345695376396179E+01     0.189667999744415E+01     0.125359611511230E+02     0.216756868362427E+01
     0.346607494354248E+01     0.189775836467743E+01     0.125320692062378E+02     0.216901540756226E+01
     0.347519636154175E+01     0.189882385730743E+01     0.125265417098999E+02     0.217044544219971E+01
     0.348431754112244E+01     0.189987683296204E+01     0.125200376510620E+02     0.217185926437378E+01
     0.349343872070312E+01     0.190094280242920E+01     0.125168018341064E+02     0.217329096794128E+01
     0.350255990028381E+01     0.190194761753082E+01     0.125051403045654E+02     0.217464089393616E+01
     0.351168131828308E+01     0.190299129486084E+01     0.125015602111816E+02     0.217604374885559E+01
     0.352080249786377E+01     0.190401363372803E+01     0.124961833953857E+02     0.217741823196411E+01
     0.352992367744446E+01     0.190506601333618E+01     0.124969310760498E+02     0.217883372306824E+01
     0.353904509544373E+01     0.190608978271484E+01     0.124926691055298E+02     0.218021130561829E+01
     0.354816627502441E+01     0.190709245204926E+01     0.124880132675171E+02     0.218156099319458E+01
     0.355728745460510E+01     0.190809226036072E+01     0.124838962554932E+02     0.218290710449219E+01
     0.356640863418579E+01     0.190905189514160E+01     0.124741325378418E+02     0.218419981002808E+01
     0.357553005218506E+01     0.191007006168365E+01     0.124760408401489E+02     0.218557190895081E+01
     0.358465123176575E+01     0.191104507446289E+01     0.124693574905396E+02     0.218688631057739E+01
     0.359377241134644E+01     0.191200470924377E+01     0.124634313583374E+02     0.218818020820618E+01
     0.360289382934570E+01     0.191298079490662E+01     0.124618034362793E+02     0.218949675559998E+01
     0.361201500892639E+01     0.191393542289734E+01     0.124582109451294E+02     0.219078493118286E+01
     0.362113618850708E+01     0.191488313674927E+01     0.124537200927734E+02     0.219206428527832E+01
     0.363025760650635E+01     0.191583859920502E+01     0.124522962570190E+02     0.219335484504700E+01
     0.363937878608704E+01     0.191672694683075E+01     0.124380998611450E+02     0.219455480575562E+01
     0.364849996566772E+01     0.191768956184387E+01     0.124409236907959E+02     0.219585561752319E+01
     0.365762114524841E+01     0.191858124732971E+01     0.124314832687378E+02     0.219706082344055E+01
     0.366674256324768E+01     0.191948640346527E+01     0.124262094497681E+02     0.219828486442566E+01
     0.367586374282837E+01     0.192041909694672E+01     0.124272747039795E+02     0.219954657554626E+01
     0.368498492240906E+01     0.192132532596588E+01     0.124251556396484E+02     0.220077300071716E+01
     0.369410634040833E+01     0.192216753959656E+01     0.124117031097412E+02     0.220191311836243E+01
     0.370322751998901E+01     0.192307806015015E+01     0.124098377227783E+02     0.220314621925354E+01
     0.371234869956970E+01     0.192397093772888E+01     0.124087553024292E+02     0.220435571670532E+01
     0.372147011756897E+01     0.192480742931366E+01     0.123983631134033E+02     0.220548915863037E+01
     0.373059129714966E+01     0.192570900917053E+01     0.124011697769165E+02     0.220671129226685E+01
     0.373971247673035E+01     0.192654609680176E+01     0.123930931091309E+02     0.220784664154053E+01
     0.374883365631104E+01     0.192739641666412E+01     0.123888511657715E+02     0.220900011062622E+01
     0.375795507431030E+01     0.192821896076202E+01     0.123806314468384E+02     0.221011614799500E+01
     0.376707625389099E+01     0.192905592918396E+01     0.123760232925415E+02     0.221125221252441E+01
     0.377619743347168E+01     0.192989146709442E+01     0.123725671768188E+02     0.221238684654236E+01
     0.378531885147095E+01     0.193072986602783E+01     0.123711729049683E+02     0.221352553367615E+01
     0.379444003105164E+01     0.193154430389404E+01     0.123657140731812E+02     0.221463227272034E+01
     0.380356121063232E+01     0.193235695362091E+01     0.123617324829102E+02     0.221573686599731E+01
     0.381268239021301E+01     0.193318605422974E+01     0.123623619079590E+02     0.221686410903931E+01
     0.382180380821228E+01     0.193397021293640E+01     0.123547677993774E+02     0.221793079376221E+01
     0.383092498779297E+01     0.193476569652557E+01     0.123508291244507E+02     0.221901297569275E+01
     0.384004616737366E+01     0.193551146984100E+01     0.123391304016113E+02     0.222002840042114E+01
     0.384916758537292E+01     0.193629777431488E+01     0.123355531692505E+02     0.222109889984131E+01
     0.385828876495361E+01     0.193707191944122E+01     0.123321628570557E+02     0.222215318679810E+01
     0.386740994453430E+01     0.193783307075500E+01     0.123290271759033E+02     0.222319030761719E+01
     0.387653136253357E+01     0.193859612941742E+01     0.123286828994751E+02     0.222423005104065E+01
     0.388565254211426E+01     0.193930566310883E+01     0.123185014724731E+02     0.222519755363464E+01
     0.389477372169495E+01     0.194006001949310E+01     0.123217649459839E+02     0.222622585296631E+01
     0.390389490127563E+01     0.194073557853699E+01     0.123085508346558E+02     0.222714757919312E+01
     0.391301631927490E+01     0.194144785404205E+01     0.123053255081177E+02     0.222811961174011E+01
     0.392213749885559E+01     0.194216299057007E+01     0.123036708831787E+02     0.222909569740295E+01
     0.393125867843628E+01     0.194287157058716E+01     0.123018589019775E+02     0.223006319999695E+01
     0.394038009643555E+01     0.194354856014252E+01     0.122964687347412E+02     0.223098778724670E+01
     0.394950127601624E+01     0.194423794746399E+01     0.122951793670654E+02     0.223192977905273E+01
     0.395862245559692E+01     0.194490087032318E+01     0.122887239456177E+02     0.223283553123474E+01
     0.396774363517761E+01     0.194553947448730E+01     0.122794542312622E+02     0.223370862007141E+01
     0.397686505317688E+01     0.194621467590332E+01     0.122785606384277E+02     0.223463201522827E+01
     0.398598623275757E+01     0.194688582420349E+01     0.122778997421265E+02     0.223555016517639E+01
     0.399510741233826E+01     0.194753384590149E+01     0.122745504379272E+02     0.223643660545349E+01
     0.400422859191895E+01     0.194815254211426E+01     0.122663106918335E+02     0.223728346824646E+01
     0.401335000991821E+01     0.194878995418549E+01     0.122629013061523E+02     0.223815608024597E+01
     0.402247142791748E+01     0.194943141937256E+01     0.122614450454712E+02     0.223903465270996E+01
     0.403159236907959E+01     0.195005726814270E+01     0.122580690383911E+02     0.223989200592041E+01
     0.404071378707886E+01     0.195062935352325E+01     0.122458362579346E+02     0.224067592620850E+01
     0.404983520507812E+01     0.195124721527100E+01     0.122440013885498E+02     0.224152278900146E+01
     0.405895614624023E+01     0.195187973976135E+01     0.122453708648682E+02     0.224238991737366E+01
     0.406807756423950E+01     0.195245981216431E+01     0.122367630004883E+02     0.224318552017212E+01
     0.407719898223877E+01     0.195307159423828E+01     0.122375459671021E+02     0.224402499198914E+01
     0.408631992340088E+01     0.195362997055054E+01     0.122280673980713E+02     0.224479103088379E+01
     0.409544134140015E+01     0.195420384407043E+01     0.122217121124268E+02     0.224557900428772E+01
     0.410456228256226E+01     0.195480382442474E+01     0.122226686477661E+02     0.224640250205994E+01
     0.411368370056152E+01     0.195537841320038E+01     0.122195758819580E+02     0.224719190597534E+01
     0.412280511856079E+01     0.195594656467438E+01     0.122158441543579E+02     0.224797224998474E+01
     0.413192605972290E+01     0.195650279521942E+01     0.122123355865479E+02     0.224873638153076E+01
     0.414104747772217E+01     0.195703959465027E+01     0.122043828964233E+02     0.224947452545166E+01
     0.415016889572144E+01     0.195758247375488E+01     0.121987819671631E+02     0.225022101402283E+01
     0.415928983688354E+01     0.195815145969391E+01     0.122003545761108E+02     0.225100326538086E+01
     0.416841125488281E+01     0.195866155624390E+01     0.121910228729248E+02     0.225170516967773E+01
     0.417753267288208E+01     0.195921730995178E+01     0.121910657882690E+02     0.225247001647949E+01
     0.418665361404419E+01     0.195974338054657E+01     0.121861639022827E+02     0.225319409370422E+01
     0.419577503204346E+01     0.196026515960693E+01     0.121821584701538E+02     0.225391244888306E+01
     0.420489645004272E+01     0.196078598499298E+01     0.121781291961670E+02     0.225462985038757E+01
     0.421401739120483E+01     0.196128869056702E+01     0.121734828948975E+02     0.225532221794128E+01
     0.422313880920410E+01     0.196180403232574E+01     0.121704349517822E+02     0.225603222846985E+01
     0.423226022720337E+01     0.196228432655334E+01     0.121612462997437E+02     0.225669431686401E+01
     0.424138116836548E+01     0.196278333663940E+01     0.121581478118896E+02     0.225738215446472E+01
     0.425050258636475E+01     0.196331298351288E+01     0.121621046066284E+02     0.225811266899109E+01
     0.425962352752686E+01     0.196377623081207E+01     0.121509561538696E+02     0.225875163078308E+01
     0.426874494552612E+01     0.196425008773804E+01     0.121456642150879E+02     0.225940537452698E+01
     0.427786636352539E+01     0.196474385261536E+01     0.121433258056641E+02     0.226008701324463E+01
     0.428698730468750E+01     0.196523177623749E+01     0.121419172286987E+02     0.226076054573059E+01
     0.429610872268677E+01     0.196568417549133E+01     0.121353540420532E+02     0.226138496398926E+01
     0.430523014068604E+01     0.196617901325226E+01     0.121357898712158E+02     0.226206851005554E+01
     0.431435108184814E+01     0.196663331985474E+01     0.121301288604736E+02     0.226269626617432E+01
     0.432347249984741E+01     0.196710216999054E+01     0.121278772354126E+02     0.226334404945374E+01
     0.433259391784668E+01     0.196752643585205E+01     0.121181945800781E+02     0.226393055915833E+01
     0.434171485900879E+01     0.196798527240753E+01     0.121163253784180E+02     0.226456499099731E+01
     0.435083627700806E+01     0.196842551231384E+01     0.121113500595093E+02     0.226517391204834E+01
     0.435995769500732E+01     0.196888041496277E+01     0.121101474761963E+02     0.226580309867859E+01
     0.436907863616943E+01     0.196933221817017E+01     0.121107072830200E+02     0.226642823219299E+01
     0.437820005416870E+01     0.196974289417267E+01     0.121025362014771E+02     0.226699662208557E+01
     0.438732147216797E+01     0.197018849849701E+01     0.121003255844116E+02     0.226761341094971E+01
     0.439644241333008E+01     0.197059702873230E+01     0.120945482254028E+02     0.226817893981934E+01
     0.440556383132935E+01     0.197101664543152E+01     0.120920572280884E+02     0.226876020431519E+01
     0.441468477249146E+01     0.197140240669250E+01     0.120812540054321E+02     0.226929473876953E+01
     0.442380619049072E+01     0.197185361385345E+01     0.120837574005127E+02     0.226991987228394E+01
     0.443292760848999E+01     0.197224044799805E+01     0.120768117904663E+02     0.227045607566833E+01
     0.444204854965210E+01     0.197265791893005E+01     0.120761604309082E+02     0.227103471755981E+01
     0.445116996765137E+01     0.197303175926208E+01     0.120657644271851E+02     0.227155327796936E+01
     0.446029138565063E+01     0.197345888614655E+01     0.120698022842407E+02     0.227214574813843E+01
     0.446941232681274E+01     0.197381603717804E+01     0.120592813491821E+02     0.227264142036438E+01
     0.447853374481201E+01     0.197421467304230E+01     0.120565872192383E+02     0.227319455146790E+01
     0.448765516281128E+01     0.197459220886230E+01     0.120516719818115E+02     0.227371859550476E+01
     0.449677610397339E+01     0.197498023509979E+01     0.120499677658081E+02     0.227425718307495E+01
     0.450589752197266E+01     0.197535324096680E+01     0.120446071624756E+02     0.227477526664734E+01
     0.451501893997192E+01     0.197576498985291E+01     0.120484743118286E+02     0.227534723281860E+01
     0.452413988113403E+01     0.197612094879150E+01     0.120436630249023E+02     0.227584171295166E+01
     0.453326129913330E+01     0.197644257545471E+01     0.120310487747192E+02     0.227628874778748E+01
     0.454238271713257E+01     0.197684276103973E+01     0.120342578887939E+02     0.227684497833252E+01
     0.455150365829468E+01     0.197719931602478E+01     0.120308790206909E+02     0.227734088897705E+01
     0.456062507629395E+01     0.197751462459564E+01     0.120196752548218E+02     0.227777934074402E+01
     0.456974601745605E+01     0.197789859771729E+01     0.120225248336792E+02     0.227831339836121E+01
     0.457886743545532E+01     0.197825908660889E+01     0.120199470520020E+02     0.227881503105164E+01
     0.458798885345459E+01     0.197858417034149E+01     0.120129623413086E+02     0.227926754951477E+01
     0.459710979461670E+01     0.197889482975006E+01     0.120048427581787E+02     0.227970004081726E+01
     0.460623121261597E+01     0.197927260398865E+01     0.120087881088257E+02     0.228022575378418E+01
     0.461535263061523E+01     0.197957694530487E+01     0.119995746612549E+02     0.228064966201782E+01
     0.462447357177734E+01     0.197990989685059E+01     0.119967975616455E+02     0.228111338615417E+01
     0.463359498977661E+01     0.198025989532471E+01     0.119983720779419E+02     0.228160119056702E+01
     0.464271640777588E+01     0.198056614398956E+01     0.119902286529541E+02     0.228202795982361E+01
     0.465183734893799E+01     0.198085868358612E+01     0.119820442199707E+02     0.228243589401245E+01
     0.466095876693726E+01     0.198121356964111E+01     0.119865064620972E+02     0.228293061256409E+01
     0.467008018493652E+01     0.198148906230927E+01     0.119749736785889E+02     0.228331470489502E+01
     0.467920112609863E+01     0.198183608055115E+01     0.119790534973145E+02     0.228379893302917E+01
     0.468832254409790E+01     0.198213207721710E+01     0.119741535186768E+02     0.228421163558960E+01
     0.469744396209717E+01     0.198243665695190E+01     0.119708032608032E+02     0.228463673591614E+01
     0.470656490325928E+01     0.198274648189545E+01     0.119684038162231E+02     0.228506922721863E+01
     0.471568632125854E+01     0.198299694061279E+01     0.119574375152588E+02     0.228541898727417E+01
     0.472480726242065E+01     0.198330092430115E+01     0.119549179077148E+02     0.228584337234497E+01
     0.473392868041992E+01     0.198358178138733E+01     0.119498605728149E+02     0.228623557090759E+01
     0.474305009841919E+01     0.198388397693634E+01     0.119486408233643E+02     0.228665781021118E+01
     0.475217103958130E+01     0.198417043685913E+01     0.119457397460938E+02     0.228705811500549E+01
     0.476129245758057E+01     0.198444736003876E+01     0.119412870407104E+02     0.228744530677795E+01
     0.477041387557983E+01     0.198473203182220E+01     0.119395837783813E+02     0.228784322738647E+01
     0.477953481674194E+01     0.198501145839691E+01     0.119373836517334E+02     0.228823375701904E+01
     0.478865623474121E+01     0.198527598381042E+01     0.119330101013184E+02     0.228860378265381E+01
     0.479777765274048E+01     0.198551356792450E+01     0.119237861633301E+02     0.228893613815308E+01
     0.480689859390259E+01     0.198581314086914E+01     0.119257221221924E+02     0.228935527801514E+01
     0.481602001190186E+01     0.198605871200562E+01     0.119194555282593E+02     0.228969883918762E+01
     0.482514142990112E+01     0.198633146286011E+01     0.119194631576538E+02     0.229008078575134E+01
     0.483426237106323E+01     0.198655104637146E+01     0.119078722000122E+02     0.229038810729980E+01
     0.484338378906250E+01     0.198681592941284E+01     0.119068574905396E+02     0.229075908660889E+01
     0.485250520706177E+01     0.198709452152252E+01     0.119086952209473E+02     0.229114937782288E+01
     0.486162614822388E+01     0.198731780052185E+01     0.119008808135986E+02     0.229146194458008E+01
     0.487074756622314E+01     0.198755228519440E+01     0.118952283859253E+02     0.229179072380066E+01
     0.487986898422241E+01     0.198777830600739E+01     0.118891363143921E+02     0.229210758209229E+01
     0.488898992538452E+01     0.198803234100342E+01     0.118877334594727E+02     0.229246354103088E+01
     0.489811134338379E+01     0.198827672004700E+01     0.118864307403564E+02     0.229280614852905E+01
     0.490723228454590E+01     0.198849403858185E+01     0.118792753219604E+02     0.229311108589172E+01
     0.491635370254517E+01     0.198875010013580E+01     0.118817462921143E+02     0.229347014427185E+01
     0.492547512054443E+01     0.198896217346191E+01     0.118744525909424E+02     0.229376769065857E+01
     0.493459606170654E+01     0.198920643329620E+01     0.118745908737183E+02     0.229411029815674E+01
     0.494371747970581E+01     0.198939371109009E+01     0.118652095794678E+02     0.229437351226807E+01
     0.495283889770508E+01     0.198962557315826E+01     0.118635559082031E+02     0.229469871520996E+01
     0.496195983886719E+01     0.198983263969421E+01     0.118581171035767E+02     0.229498958587646E+01
     0.497108125686646E+01     0.199007952213287E+01     0.118610906600952E+02     0.229533624649048E+01
     0.498020267486572E+01     0.199026048183441E+01     0.118516311645508E+02     0.229559040069580E+01
     0.498932361602783E+01     0.199050152301788E+01     0.118550586700439E+02     0.229592919349670E+01
     0.499844503402710E+01     0.199070763587952E+01     0.118515443801880E+02     0.229621887207031E+01
     0.500756645202637E+01     0.199090707302094E+01     0.118471679687500E+02     0.229649925231934E+01
     0.501668739318848E+01     0.199107372760773E+01     0.118360071182251E+02     0.229673337936401E+01
     0.502580881118774E+01     0.199128055572510E+01     0.118341121673584E+02     0.229702425003052E+01
     0.503493022918701E+01     0.199147355556488E+01     0.118307476043701E+02     0.229729557037354E+01
     0.504405117034912E+01     0.199167096614838E+01     0.118270406723022E+02     0.229757356643677E+01
     0.505317258834839E+01     0.199188196659088E+01     0.118287725448608E+02     0.229787015914917E+01
     0.506229352951050E+01     0.199204635620117E+01     0.118194751739502E+02     0.229810166358948E+01
     0.507141494750977E+01     0.199224436283112E+01     0.118188343048096E+02     0.229838013648987E+01
     0.508053636550903E+01     0.199240088462830E+01     0.118103408813477E+02     0.229860067367554E+01
     0.508965730667114E+01     0.199258458614349E+01     0.118068723678589E+02     0.229885935783386E+01
     0.509877872467041E+01     0.199279499053955E+01     0.118101978302002E+02     0.229915547370911E+01
     0.510790014266968E+01     0.199293184280396E+01     0.117992839813232E+02     0.229934835433960E+01
     0.511702108383179E+01     0.199311244487762E+01     0.117965269088745E+02     0.229960274696350E+01
     0.512614250183105E+01     0.199330103397369E+01     0.117963743209839E+02     0.229986858367920E+01
     0.513526391983032E+01     0.199344944953918E+01     0.117892856597900E+02     0.230007791519165E+01
     0.514438486099243E+01     0.199362385272980E+01     0.117870941162109E+02     0.230032348632812E+01
     0.515350627899170E+01     0.199377524852753E+01     0.117826490402222E+02     0.230053710937500E+01
     0.516262769699097E+01     0.199393713474274E+01     0.117807645797729E+02     0.230076527595520E+01
     0.517174863815308E+01     0.199407374858856E+01     0.117749538421631E+02     0.230095815658569E+01
     0.518087005615234E+01     0.199422252178192E+01     0.117717237472534E+02     0.230116796493530E+01
     0.518999147415161E+01     0.199440348148346E+01     0.117751407623291E+02     0.230142307281494E+01
     0.519911241531372E+01     0.199452471733093E+01     0.117674989700317E+02     0.230159425735474E+01
     0.520823383331299E+01     0.199468481540680E+01     0.117688779830933E+02     0.230182027816772E+01
     0.521735477447510E+01     0.199481368064880E+01     0.117638769149780E+02     0.230200219154358E+01
     0.522647619247437E+01     0.199496042728424E+01     0.117632312774658E+02     0.230220937728882E+01
     0.523559761047363E+01     0.199506700038910E+01     0.117544317245483E+02     0.230236005783081E+01
     0.524471855163574E+01     0.199519979953766E+01     0.117519683837891E+02     0.230254745483398E+01
     0.525383996963501E+01     0.199534916877747E+01     0.117540531158447E+02     0.230275845527649E+01
     0.526296138763428E+01     0.199544906616211E+01     0.117455339431763E+02     0.230289983749390E+01
     0.527208232879639E+01     0.199559855461121E+01     0.117480974197388E+02     0.230311083793640E+01
     0.528120374679565E+01     0.199568152427673E+01     0.117368850708008E+02     0.230322813987732E+01
     0.529032516479492E+01     0.199582958221436E+01     0.117401046752930E+02     0.230343747138977E+01
     0.529944610595703E+01     0.199592614173889E+01     0.117332639694214E+02     0.230357384681702E+01
     0.530856752395630E+01     0.199606049060822E+01     0.117344312667847E+02     0.230376386642456E+01
     0.531768894195557E+01     0.199616837501526E+01     0.117306118011475E+02     0.230391669273376E+01
     0.532680988311768E+01     0.199625849723816E+01     0.117229623794556E+02     0.230404400825500E+01
     0.533593130111694E+01     0.199635517597198E+01     0.117185230255127E+02     0.230418086051941E+01
     0.534505271911621E+01     0.199646365642548E+01     0.117155694961548E+02     0.230433440208435E+01
     0.535417366027832E+01     0.199659097194672E+01     0.117173633575439E+02     0.230451464653015E+01
     0.536329507827759E+01     0.199667418003082E+01     0.117109241485596E+02     0.230463218688965E+01
     0.537241601943970E+01     0.199679398536682E+01     0.117118358612061E+02     0.230480194091797E+01
     0.538153743743896E+01     0.199687242507935E+01     0.117047519683838E+02     0.230491304397583E+01
     0.539065885543823E+01     0.199699592590332E+01     0.117078142166138E+02     0.230508780479431E+01
     0.539977979660034E+01     0.199709320068359E+01     0.117054948806763E+02     0.230522561073303E+01
     0.540890121459961E+01     0.199716174602509E+01     0.116976737976074E+02     0.230532264709473E+01
     0.541802263259888E+01     0.199725174903870E+01     0.116952123641968E+02     0.230545020103455E+01
     0.542714357376099E+01     0.199735546112061E+01     0.116952009201050E+02     0.230559730529785E+01
     0.543626499176025E+01     0.199741184711456E+01     0.116860399246216E+02     0.230567717552185E+01
     0.544538640975952E+01     0.199751043319702E+01     0.116858711242676E+02     0.230581688880920E+01
     0.545450735092163E+01     0.199759614467621E+01     0.116837310791016E+02     0.230593848228455E+01
     0.546362876892090E+01     0.199765002727509E+01     0.116759481430054E+02     0.230601501464844E+01
     0.547275018692017E+01     0.199774432182312E+01     0.116755390167236E+02     0.230614852905273E+01
     0.548187112808228E+01     0.199784386157990E+01     0.116776161193848E+02     0.230628967285156E+01
     0.549099254608154E+01     0.199789547920227E+01     0.116696586608887E+02     0.230636310577393E+01
     0.550011396408081E+01     0.199797117710114E+01     0.116669044494629E+02     0.230647039413452E+01
     0.550923490524292E+01     0.199804043769836E+01     0.116637954711914E+02     0.230656862258911E+01
     0.551835632324219E+01     0.199813365936279E+01     0.116660404205322E+02     0.230670094490051E+01
     0.552747726440430E+01     0.199817395210266E+01     0.116572809219360E+02     0.230675816535950E+01
     0.553659868240356E+01     0.199827218055725E+01     0.116611242294312E+02     0.230689764022827E+01
     0.554572010040283E+01     0.199832260608673E+01     0.116551189422607E+02     0.230696916580200E+01
     0.555484104156494E+01     0.199838447570801E+01     0.116517276763916E+02     0.230705714225769E+01
     0.556396245956421E+01     0.199845528602600E+01     0.116509847640991E+02     0.230715751647949E+01
     0.557308387756348E+01     0.199848592281342E+01     0.116423444747925E+02     0.230720114707947E+01
     0.558220481872559E+01     0.199855828285217E+01     0.116421127319336E+02     0.230730390548706E+01
     0.559132623672485E+01     0.199862873554230E+01     0.116422681808472E+02     0.230740404129028E+01
     0.560044765472412E+01     0.199866473674774E+01     0.116355524063110E+02     0.230745506286621E+01
     0.560956859588623E+01     0.199870264530182E+01     0.116298770904541E+02     0.230750918388367E+01
     0.561869001388550E+01     0.199875199794769E+01     0.116265869140625E+02     0.230757927894592E+01
     0.562781143188477E+01     0.199882519245148E+01     0.116280784606934E+02     0.230768322944641E+01
     0.563693237304688E+01     0.199887955188751E+01     0.116266441345215E+02     0.230776071548462E+01
     0.564605379104614E+01     0.199893820285797E+01     0.116266899108887E+02     0.230784392356873E+01
     0.565517520904541E+01     0.199896562099457E+01     0.116196956634521E+02     0.230788302421570E+01
     0.566429615020752E+01     0.199901926517487E+01     0.116191453933716E+02     0.230795931816101E+01
     0.567341756820679E+01     0.199905145168304E+01     0.116142215728760E+02     0.230800509452820E+01
     0.568253898620605E+01     0.199910819530487E+01     0.116149682998657E+02     0.230808591842651E+01
     0.569165992736816E+01     0.199914813041687E+01     0.116123628616333E+02     0.230814290046692E+01
     0.570078134536743E+01     0.199918198585510E+01     0.116087760925293E+02     0.230819106101990E+01
     0.570990228652954E+01     0.199918723106384E+01     0.115995426177979E+02     0.230819845199585E+01
     0.571902370452881E+01     0.199924504756927E+01     0.116013469696045E+02     0.230828070640564E+01
     0.572814512252808E+01     0.199924468994141E+01     0.115922145843506E+02     0.230828022956848E+01
     0.573726606369019E+01     0.199928224086761E+01     0.115903129577637E+02     0.230833363533020E+01
     0.574638748168945E+01     0.199932599067688E+01     0.115902156829834E+02     0.230839586257935E+01
     0.575550889968872E+01     0.199936866760254E+01     0.115903539657593E+02     0.230845689773560E+01
     0.576462984085083E+01     0.199940669536591E+01     0.115904865264893E+02     0.230851101875305E+01
     0.577375125885010E+01     0.199941921234131E+01     0.115842838287354E+02     0.230852890014648E+01
     0.578287267684937E+01     0.199941968917847E+01     0.115767669677734E+02     0.230852961540222E+01
     0.579199361801147E+01     0.199943268299103E+01     0.115724506378174E+02     0.230854821205139E+01
     0.580111503601074E+01     0.199945807456970E+01     0.115702705383301E+02     0.230858421325684E+01
     0.581023645401001E+01     0.199950957298279E+01     0.115738420486450E+02     0.230865764617920E+01
     0.581935739517212E+01     0.199950635433197E+01     0.115665550231934E+02     0.230865335464478E+01
     0.582847881317139E+01     0.199952137470245E+01     0.115634393692017E+02     0.230867457389832E+01
     0.583760023117065E+01     0.199954032897949E+01     0.115612449645996E+02     0.230870151519775E+01
     0.584672117233276E+01     0.199955344200134E+01     0.115582599639893E+02     0.230872035026550E+01
     0.585584259033203E+01     0.199957036972046E+01     0.115562353134155E+02     0.230874443054199E+01
     0.586496353149414E+01     0.199960672855377E+01     0.115589704513550E+02     0.230879640579224E+01
     0.587408494949341E+01     0.199959278106689E+01     0.115508508682251E+02     0.230877661705017E+01
     0.588320636749268E+01     0.199959921836853E+01     0.115476684570312E+02     0.230878591537476E+01
     0.589232730865479E+01     0.199960076808929E+01     0.115438289642334E+02     0.230878782272339E+01
     0.590144872665405E+01     0.199960899353027E+01     0.115414857864380E+02     0.230879974365234E+01
     0.591057014465332E+01     0.199962460994720E+01     0.115408391952515E+02     0.230882191658020E+01
     0.591969108581543E+01     0.199962735176086E+01     0.115379562377930E+02     0.230882596969604E+01
     0.592881250381470E+01     0.199963343143463E+01     0.115359554290771E+02     0.230883455276489E+01
     0.593793392181396E+01     0.199961698055267E+01     0.115298967361450E+02     0.230881118774414E+01
     0.594705486297607E+01     0.199964046478271E+01     0.115319290161133E+02     0.230884456634521E+01
     0.595617628097534E+01     0.199963903427124E+01     0.115292377471924E+02     0.230884265899658E+01
     0.596529769897461E+01     0.199961125850677E+01     0.115216245651245E+02     0.230880308151245E+01
     0.597441864013672E+01     0.199960768222809E+01     0.115190029144287E+02     0.230879807472229E+01
     0.598354005813599E+01     0.199962723255157E+01     0.115213012695312E+02     0.230882596969604E+01
     0.599266147613525E+01     0.199963164329529E+01     0.115213012695312E+02     0.230883240699768E+01
     0.600178241729736E+01     0.199961924552917E+01     0.115174551010132E+02     0.230881452560425E+01
     0.601090383529663E+01     0.199960458278656E+01     0.115134630203247E+02     0.230879354476929E+01
     0.602002477645874E+01     0.199959158897400E+01     0.115101804733276E+02     0.230877518653870E+01
     0.602914619445801E+01     0.199956047534943E+01     0.115035638809204E+02     0.230873060226440E+01
     0.603826761245728E+01     0.199955403804779E+01     0.115021047592163E+02     0.230872154235840E+01
     0.604738855361938E+01     0.199952399730682E+01     0.114965629577637E+02     0.230867862701416E+01
     0.605650997161865E+01     0.199954009056091E+01     0.114999990463257E+02     0.230870151519775E+01
     0.606563138961792E+01     0.199951708316803E+01     0.114958887100220E+02     0.230866861343384E+01
     0.607475233078003E+01     0.199951136112213E+01     0.114959087371826E+02     0.230866050720215E+01
     0.608387374877930E+01     0.199947333335876E+01     0.114890499114990E+02     0.230860614776611E+01
     0.609299516677856E+01     0.199944031238556E+01     0.114839992523193E+02     0.230855894088745E+01
     0.610211610794067E+01     0.199943232536316E+01     0.114837636947632E+02     0.230854749679565E+01
     0.611123752593994E+01     0.199942123889923E+01     0.114834403991699E+02     0.230853152275085E+01
     0.612035894393921E+01     0.199939131736755E+01     0.114794721603394E+02     0.230848884582520E+01
     0.612947988510132E+01     0.199935483932495E+01     0.114745254516602E+02     0.230843663215637E+01
     0.613860130310059E+01     0.199934780597687E+01     0.114756746292114E+02     0.230842661857605E+01
     0.614772272109985E+01     0.199929392337799E+01     0.114677848815918E+02     0.230834960937500E+01
     0.615684366226196E+01     0.199929690361023E+01     0.114712734222412E+02     0.230835366249084E+01
     0.616596508026123E+01     0.199924182891846E+01     0.114634103775024E+02     0.230827498435974E+01
     0.617508602142334E+01     0.199921226501465E+01     0.114609336853027E+02     0.230823278427124E+01
     0.618420743942261E+01     0.199920654296875E+01     0.114635171890259E+02     0.230822443962097E+01
     0.619332885742188E+01     0.199914729595184E+01     0.114555063247681E+02     0.230813980102539E+01
     0.620244979858398E+01     0.199911463260651E+01     0.114530420303345E+02     0.230809307098389E+01
     0.621157121658325E+01     0.199911129474640E+01     0.114571800231934E+02     0.230808806419373E+01
     0.622069263458252E+01     0.199907171726227E+01     0.114534826278687E+02     0.230803132057190E+01
     0.622981357574463E+01     0.199901497364044E+01     0.114466876983643E+02     0.230795025825500E+01
     0.623893499374390E+01     0.199899590015411E+01     0.114480600357056E+02     0.230792284011841E+01
     0.624805641174316E+01     0.199892616271973E+01     0.114393072128296E+02     0.230782318115234E+01
     0.625717735290527E+01     0.199891722202301E+01     0.114430456161499E+02     0.230781006813049E+01
     0.626629877090454E+01     0.199886620044708E+01     0.114381036758423E+02     0.230773711204529E+01
     0.627542018890381E+01     0.199884104728699E+01     0.114396324157715E+02     0.230770087242126E+01
     0.628454113006592E+01     0.199879252910614E+01     0.114357624053955E+02     0.230763149261475E+01
     0.629366254806519E+01     0.199873852729797E+01     0.114309377670288E+02     0.230755400657654E+01
     0.630278396606445E+01     0.199868369102478E+01     0.114263763427734E+02     0.230747532844543E+01
     0.631190490722656E+01     0.199865472316742E+01     0.114274654388428E+02     0.230743384361267E+01
     0.632102632522583E+01     0.199858105182648E+01     0.114194049835205E+02     0.230732822418213E+01
     0.633014726638794E+01     0.199856805801392E+01     0.114245862960815E+02     0.230730986595154E+01
     0.633926868438721E+01     0.199848151206970E+01     0.114139127731323E+02     0.230718541145325E+01
     0.634839010238647E+01     0.199844324588776E+01     0.114135980606079E+02     0.230713057518005E+01
     0.635751104354858E+01     0.199838054180145E+01     0.114090614318848E+02     0.230704069137573E+01
     0.636663246154785E+01     0.199835979938507E+01     0.114132070541382E+02     0.230701065063477E+01
     0.637575387954712E+01     0.199827492237091E+01     0.114038991928101E+02     0.230688905715942E+01
     0.638487482070923E+01     0.199822127819061E+01     0.114014062881470E+02     0.230681204795837E+01
     0.639399623870850E+01     0.199818718433380E+01     0.114031753540039E+02     0.230676317214966E+01
     0.640311765670776E+01     0.199813663959503E+01     0.114021120071411E+02     0.230669069290161E+01
     0.641223859786987E+01     0.199808907508850E+01     0.114019145965576E+02     0.230662202835083E+01
     0.642136001586914E+01     0.199799251556396E+01     0.113910017013550E+02     0.230648374557495E+01
     0.643048143386841E+01     0.199797058105469E+01     0.113965015411377E+02     0.230645203590393E+01
     0.643960237503052E+01     0.199788975715637E+01     0.113891973495483E+02     0.230633592605591E+01
     0.644872379302979E+01     0.199780452251434E+01     0.113820123672485E+02     0.230621361732483E+01
     0.645784521102905E+01     0.199778783321381E+01     0.113892335891724E+02     0.230618977546692E+01
     0.646696615219116E+01     0.199772632122040E+01     0.113867683410645E+02     0.230610132217407E+01
     0.647608757019043E+01     0.199763703346252E+01     0.113783912658691E+02     0.230597281455994E+01
     0.648520898818970E+01     0.199755275249481E+01     0.113720836639404E+02     0.230585193634033E+01
     0.649432992935181E+01     0.199748623371124E+01     0.113695592880249E+02     0.230575633049011E+01
     0.650345134735107E+01     0.199744844436646E+01     0.113725910186768E+02     0.230570173263550E+01
     0.651257228851318E+01     0.199739432334900E+01     0.113733282089233E+02     0.230562424659729E+01
     0.652169370651245E+01     0.199728929996490E+01     0.113628530502319E+02     0.230547332763672E+01
     0.653081512451172E+01     0.199723231792450E+01     0.113626565933228E+02     0.230539131164551E+01
     0.653993606567383E+01     0.199716722965240E+01     0.113611583709717E+02     0.230529785156250E+01
     0.654905748367310E+01     0.199709200859070E+01     0.113578882217407E+02     0.230518937110901E+01
     0.655817890167236E+01     0.199702286720276E+01     0.113560228347778E+02     0.230509018898010E+01
     0.656729984283447E+01     0.199696624279022E+01     0.113571720123291E+02     0.230500864982605E+01
     0.657642126083374E+01     0.199686229228973E+01     0.113482789993286E+02     0.230485916137695E+01
     0.658554267883301E+01     0.199678838253021E+01     0.113458757400513E+02     0.230475282669067E+01
     0.659466361999512E+01     0.199672758579254E+01     0.113461637496948E+02     0.230466532707214E+01
     0.660378503799438E+01     0.199667096138000E+01     0.113482341766357E+02     0.230458402633667E+01
     0.661290645599365E+01     0.199657201766968E+01     0.113406352996826E+02     0.230444145202637E+01
     0.662202739715576E+01     0.199648571014404E+01     0.113368167877197E+02     0.230431747436523E+01
     0.663114881515503E+01     0.199640953540802E+01     0.113345994949341E+02     0.230420756340027E+01
     0.664027023315430E+01     0.199634039402008E+01     0.113341398239136E+02     0.230410814285278E+01
     0.664939117431641E+01     0.199624812602997E+01     0.113293199539185E+02     0.230397534370422E+01
     0.665851259231567E+01     0.199616944789886E+01     0.113274831771851E+02     0.230386185646057E+01
     0.666763353347778E+01     0.199610328674316E+01     0.113282413482666E+02     0.230376672744751E+01
     0.667675495147705E+01     0.199601948261261E+01     0.113257761001587E+02     0.230364608764648E+01
     0.668587636947632E+01     0.199592375755310E+01     0.113206586837769E+02     0.230350828170776E+01
     0.669499731063843E+01     0.199583983421326E+01     0.113183135986328E+02     0.230338740348816E+01
     0.670411872863770E+01     0.199576711654663E+01     0.113185644149780E+02     0.230328249931335E+01
     0.671324014663696E+01     0.199566316604614E+01     0.113123044967651E+02     0.230313301086426E+01
     0.672236108779907E+01     0.199557924270630E+01     0.113103713989258E+02     0.230301213264465E+01
     0.673148250579834E+01     0.199549567699432E+01     0.113090238571167E+02     0.230289149284363E+01
     0.674060392379761E+01     0.199540591239929E+01     0.113060321807861E+02     0.230276226997375E+01
     0.674972486495972E+01     0.199534296989441E+01     0.113097200393677E+02     0.230267143249512E+01
     0.675884628295898E+01     0.199523639678955E+01     0.113031930923462E+02     0.230251812934875E+01
     0.676796770095825E+01     0.199513268470764E+01     0.112982692718506E+02     0.230236840248108E+01
     0.677708864212036E+01     0.199504494667053E+01     0.112966194152832E+02     0.230224204063416E+01
     0.678621006011963E+01     0.199494504928589E+01     0.112926988601685E+02     0.230209803581238E+01
     0.679533147811890E+01     0.199486839771271E+01     0.112936630249023E+02     0.230198764801025E+01
     0.680445241928101E+01     0.199475562572479E+01     0.112873563766479E+02     0.230182504653931E+01
     0.681357383728027E+01     0.199468648433685E+01     0.112902879714966E+02     0.230172514915466E+01
     0.682269477844238E+01     0.199458956718445E+01     0.112874345779419E+02     0.230158543586731E+01
     0.683181619644165E+01     0.199449229240417E+01     0.112846555709839E+02     0.230144524574280E+01
     0.684093761444092E+01     0.199439334869385E+01     0.112816820144653E+02     0.230130243301392E+01
     0.685005855560303E+01     0.199427998065948E+01     0.112758350372314E+02     0.230113887786865E+01
     0.685917997360229E+01     0.199421167373657E+01     0.112798290252686E+02     0.230104017257690E+01
     0.686830139160156E+01     0.199410593509674E+01     0.112759380340576E+02     0.230088782310486E+01
     0.687742233276367E+01     0.199400043487549E+01     0.112722339630127E+02     0.230073547363281E+01
     0.688654375076294E+01     0.199390172958374E+01     0.112698125839233E+02     0.230059313774109E+01
     0.689566516876221E+01     0.199377453327179E+01     0.112624645233154E+02     0.230040955543518E+01
     0.690478610992432E+01     0.199369823932648E+01     0.112650051116943E+02     0.230029916763306E+01
     0.691390752792358E+01     0.199359881877899E+01     0.112635440826416E+02     0.230015587806702E+01
     0.692302894592285E+01     0.199348056316376E+01     0.112576065063477E+02     0.229998540878296E+01
     0.693214988708496E+01     0.199338638782501E+01     0.112574777603149E+02     0.229984927177429E+01
     0.694127130508423E+01     0.199326801300049E+01     0.112519378662109E+02     0.229967832565308E+01
     0.695039272308350E+01     0.199314820766449E+01     0.112470264434814E+02     0.229950547218323E+01
     0.695951366424561E+01     0.199305140972137E+01     0.112458572387695E+02     0.229936575889587E+01
     0.696863508224487E+01     0.199294054508209E+01     0.112429361343384E+02     0.229920554161072E+01
     0.697775602340698E+01     0.199287116527557E+01     0.112486848831177E+02     0.229910540580750E+01
     0.698687744140625E+01     0.199275660514832E+01     0.112446823120117E+02     0.229893970489502E+01
     0.699599885940552E+01     0.199262475967407E+01     0.112369184494019E+02     0.229874944686890E+01
     0.700511980056763E+01     0.199251472949982E+01     0.112344522476196E+02     0.229859042167664E+01
     0.701424121856689E+01     0.199241590499878E+01     0.112342100143433E+02     0.229844760894775E+01
     0.702336263656616E+01     0.199231028556824E+01     0.112328891754150E+02     0.229829502105713E+01
     0.703248357772827E+01     0.199219596385956E+01     0.112298374176025E+02     0.229812955856323E+01
     0.704160499572754E+01     0.199208354949951E+01     0.112273406982422E+02     0.229796719551086E+01
     0.705072641372681E+01     0.199197030067444E+01     0.112247877120972E+02     0.229780364036560E+01
     0.705984735488892E+01     0.199185299873352E+01     0.112215900421143E+02     0.229763412475586E+01
     0.706896877288818E+01     0.199176502227783E+01     0.112249336242676E+02     0.229750680923462E+01
     0.707809019088745E+01     0.199163651466370E+01     0.112188873291016E+02     0.229732108116150E+01
     0.708721113204956E+01     0.199151539802551E+01     0.112151765823364E+02     0.229714608192444E+01
     0.709633255004883E+01     0.199141216278076E+01     0.112155551910400E+02     0.229699635505676E+01
     0.710545396804810E+01     0.199127948284149E+01     0.112098512649536E+02     0.229680490493774E+01
     0.711457490921021E+01     0.199116122722626E+01     0.112069883346558E+02     0.229663395881653E+01
     0.712369632720947E+01     0.199105536937714E+01     0.112066555023193E+02     0.229648089408875E+01
     0.713281726837158E+01     0.199094533920288E+01     0.112062435150146E+02     0.229632163047791E+01
     0.714193868637085E+01     0.199082505702972E+01     0.112032690048218E+02     0.229614758491516E+01
     0.715106010437012E+01     0.199069905281067E+01     0.111996097564697E+02     0.229596543312073E+01
     0.716018104553223E+01     0.199059808254242E+01     0.112015848159790E+02     0.229581928253174E+01
     0.716930246353149E+01     0.199044251441956E+01     0.111916341781616E+02     0.229559421539307E+01
     0.717842388153076E+01     0.199034130573273E+01     0.111930494308472E+02     0.229544782638550E+01
     0.718754482269287E+01     0.199021863937378E+01     0.111905584335327E+02     0.229527020454407E+01
     0.719666624069214E+01     0.199009883403778E+01     0.111883411407471E+02     0.229509663581848E+01
     0.720578765869141E+01     0.198995685577393E+01     0.111822757720947E+02     0.229489135742188E+01
     0.721490859985352E+01     0.198982894420624E+01     0.111793174743652E+02     0.229470610618591E+01
     0.722403001785278E+01     0.198971045017242E+01     0.111775140762329E+02     0.229453468322754E+01
     0.723315143585205E+01     0.198962271213531E+01     0.111828966140747E+02     0.229440760612488E+01
     0.724227237701416E+01     0.198948633670807E+01     0.111778984069824E+02     0.229421019554138E+01
     0.725139379501343E+01     0.198933374881744E+01     0.111703577041626E+02     0.229398941993713E+01
     0.726051521301270E+01     0.198924541473389E+01     0.111756505966187E+02     0.229386115074158E+01
     0.726963615417480E+01     0.198911690711975E+01     0.111728887557983E+02     0.229367518424988E+01
     0.727875757217407E+01     0.198897171020508E+01     0.111659603118896E+02     0.229346489906311E+01
     0.728787851333618E+01     0.198884475231171E+01     0.111637830734253E+02     0.229328107833862E+01
