     0.182649996131659E-01     0.242536095902324E-02     0.609826660156250E+01     0.241997465491295E-02
     0.273975003510714E-01     0.538357533514500E-02     0.757794332504272E+01     0.536958221346140E-02
     0.365299992263317E-01     0.678349938243628E-02     0.794946622848511E+01     0.676513230428100E-02
     0.456624999642372E-01     0.745196221396327E-02     0.805319309234619E+01     0.742622464895248E-02
     0.547950007021427E-01     0.780858565121889E-02     0.807636547088623E+01     0.777597166597843E-02
     0.639275014400482E-01     0.800430681556463E-02     0.806107902526855E+01     0.796623341739178E-02
     0.730599984526634E-01     0.812159758061171E-02     0.802947521209717E+01     0.807926058769226E-02
     0.821925029158592E-01     0.818995572626591E-02     0.798508071899414E+01     0.814429111778736E-02
     0.913249999284744E-01     0.825182441622019E-02     0.794497966766357E+01     0.820368528366089E-02
     0.100457496941090E+00     0.826031435281038E-02     0.787858438491821E+01     0.821060966700315E-02
     0.109590001404285E+00     0.824911333620548E-02     0.780174922943115E+01     0.819884240627289E-02
     0.118722498416901E+00     0.823533069342375E-02     0.771981096267700E+01     0.818499829620123E-02
     0.127855002880096E+00     0.820524804294109E-02     0.761709260940552E+01     0.815485045313835E-02
     0.136987507343292E+00     0.818615872412920E-02     0.749882173538208E+01     0.813555158674717E-02
     0.146119996905327E+00     0.816799141466618E-02     0.733960056304932E+01     0.811703689396381E-02
     0.155252501368523E+00     0.827973056584597E-02     0.719669580459595E+01     0.822835322469473E-02
     0.164385005831718E+00     0.850278604775667E-02     0.702095317840576E+01     0.845090951770544E-02
     0.173517495393753E+00     0.895392429083586E-02     0.686751604080200E+01     0.890149362385273E-02
     0.182649999856949E+00     0.963296275585890E-02     0.674921226501465E+01     0.957958120852709E-02
     0.191782504320145E+00     0.104925986379385E-01     0.666346740722656E+01     0.104379365220666E-01
     0.200914993882179E+00     0.114964041858912E-01     0.660969114303589E+01     0.114407530054450E-01
     0.210047498345375E+00     0.126360477879643E-01     0.657810449600220E+01     0.125800501555204E-01
     0.219180002808571E+00     0.139487851411104E-01     0.656848907470703E+01     0.138925192877650E-01
     0.228312507271767E+00     0.154559798538685E-01     0.657085561752319E+01     0.154000064358115E-01
     0.237444996833801E+00     0.171725135296583E-01     0.659275579452515E+01     0.171179492026567E-01
     0.246577501296997E+00     0.190945230424404E-01     0.664326000213623E+01     0.190422758460045E-01
     0.255710005760193E+00     0.211800150573254E-01     0.669212245941162E+01     0.211315341293812E-01
     0.264842510223389E+00     0.234527233988047E-01     0.675156450271606E+01     0.234093964099884E-01
     0.273975014686584E+00     0.259244032204151E-01     0.682463693618774E+01     0.258879940956831E-01
     0.283107489347458E+00     0.285673215985298E-01     0.688775920867920E+01     0.285395551472902E-01
     0.292239993810654E+00     0.314258746802807E-01     0.696908378601074E+01     0.314091108739376E-01
     0.301372498273849E+00     0.344977155327797E-01     0.706492710113525E+01     0.344947539269924E-01
     0.310505002737045E+00     0.377216227352619E-01     0.714125442504883E+01     0.377351976931095E-01
     0.319637507200241E+00     0.411535724997520E-01     0.723440074920654E+01     0.411864854395390E-01
     0.328770011663437E+00     0.447974205017090E-01     0.733057641983032E+01     0.448533892631531E-01
     0.337902486324310E+00     0.486346408724785E-01     0.742856645584106E+01     0.487176217138767E-01
     0.347034990787506E+00     0.526268184185028E-01     0.751327562332153E+01     0.527407713234425E-01
     0.356167495250702E+00     0.568517781794071E-01     0.761556911468506E+01     0.570015683770180E-01
     0.365299999713898E+00     0.612673759460449E-01     0.771279668807983E+01     0.614579990506172E-01
     0.374432504177094E+00     0.658491924405098E-01     0.780158758163452E+01     0.660851597785950E-01
     0.383565008640289E+00     0.706408619880676E-01     0.790110874176025E+01     0.709279552102089E-01
     0.392697513103485E+00     0.756224170327187E-01     0.799630165100098E+01     0.759669914841652E-01
     0.401829987764359E+00     0.807945206761360E-01     0.808912754058838E+01     0.812031030654907E-01
     0.410962492227554E+00     0.861573666334152E-01     0.818474102020264E+01     0.866364091634750E-01
     0.420094996690750E+00     0.916815921664238E-01     0.827215099334717E+01     0.922383815050125E-01
     0.429227501153946E+00     0.973980501294136E-01     0.836210823059082E+01     0.980403274297714E-01
     0.438360005617142E+00     0.103295855224133E+00     0.845127868652344E+01     0.104031175374985E+00
     0.447492510080338E+00     0.109392352402210E+00     0.854928684234619E+01     0.110229194164276E+00
     0.456625014543533E+00     0.115629024803638E+00     0.862729835510254E+01     0.116575978696346E+00
     0.465757489204407E+00     0.122079499065876E+00     0.872312927246094E+01     0.123146221041679E+00
     0.474889993667603E+00     0.128669112920761E+00     0.880285739898682E+01     0.129865065217018E+00
     0.484022498130798E+00     0.135447114706039E+00     0.889069461822510E+01     0.136781677603722E+00
     0.493155002593994E+00     0.142384499311447E+00     0.897550296783447E+01     0.143867403268814E+00
     0.502287507057190E+00     0.149479746818542E+00     0.905707931518555E+01     0.151123628020287E+00
     0.511420011520386E+00     0.156741425395012E+00     0.914002990722656E+01     0.158556759357452E+00
     0.520552515983582E+00     0.164152577519417E+00     0.922024250030518E+01     0.166148498654366E+00
     0.529685020446777E+00     0.171733066439629E+00     0.930320644378662E+01     0.173923075199127E+00
     0.538817524909973E+00     0.179465800523758E+00     0.938404941558838E+01     0.181862950325012E+00
     0.547950029373169E+00     0.187322318553925E+00     0.945138263702393E+01     0.189938455820084E+00
     0.557082474231720E+00     0.195361539721489E+00     0.953470993041992E+01     0.198209986090660E+00
     0.566214978694916E+00     0.203509688377380E+00     0.960523319244385E+01     0.206601783633232E+00
     0.575347483158112E+00     0.211815983057022E+00     0.968386173248291E+01     0.215167373418808E+00
     0.584479987621307E+00     0.220232039690018E+00     0.975463485717773E+01     0.223854720592499E+00
     0.593612492084503E+00     0.228793680667877E+00     0.982036495208740E+01     0.232702851295471E+00
     0.602744996547699E+00     0.237503677606583E+00     0.989757061004639E+01     0.241714313626289E+00
     0.611877501010895E+00     0.246293485164642E+00     0.995829963684082E+01     0.250817924737930E+00
     0.621010005474091E+00     0.255147010087967E+00     0.100303220748901E+02     0.259998917579651E+00
     0.630142509937286E+00     0.263982594013214E+00     0.100911931991577E+02     0.269172132015228E+00
     0.639275014400482E+00     0.272873520851135E+00     0.101542301177979E+02     0.278412669897079E+00
     0.648407518863678E+00     0.281820356845856E+00     0.102204399108887E+02     0.287721514701843E+00
     0.657540023326874E+00     0.290833413600922E+00     0.102799339294434E+02     0.297110855579376E+00
     0.666672527790070E+00     0.299877762794495E+00     0.103401937484741E+02     0.306543558835983E+00
     0.675804972648621E+00     0.309004694223404E+00     0.103938341140747E+02     0.316072613000870E+00
     0.684937477111816E+00     0.318201124668121E+00     0.104537782669067E+02     0.325686633586884E+00
     0.694069981575012E+00     0.327477157115936E+00     0.105129594802856E+02     0.335394173860550E+00
     0.703202486038208E+00     0.336760371923447E+00     0.105632514953613E+02     0.345121264457703E+00
     0.712334990501404E+00     0.346145004034042E+00     0.106191310882568E+02     0.354965507984161E+00
     0.721467494964600E+00     0.355574578046799E+00     0.106707801818848E+02     0.364869028329849E+00
     0.730599999427795E+00     0.365054309368134E+00     0.107201614379883E+02     0.374837011098862E+00
     0.739732503890991E+00     0.374623864889145E+00     0.107763843536377E+02     0.384911447763443E+00
     0.748865008354187E+00     0.384216725826263E+00     0.108196239471436E+02     0.395022600889206E+00
     0.757997512817383E+00     0.393896281719208E+00     0.108726663589478E+02     0.405237317085266E+00
     0.767130017280579E+00     0.403618603944778E+00     0.109234819412231E+02     0.415509492158890E+00
     0.776262521743774E+00     0.413362354040146E+00     0.109658231735229E+02     0.425816506147385E+00
     0.785395026206970E+00     0.423169404268265E+00     0.110070972442627E+02     0.436204046010971E+00
     0.794527471065521E+00     0.433027625083923E+00     0.110528345108032E+02     0.446657627820969E+00
     0.803659975528717E+00     0.442968934774399E+00     0.111016721725464E+02     0.457213044166565E+00
     0.812792479991913E+00     0.452902287244797E+00     0.111415824890137E+02     0.467772573232651E+00
     0.821924984455109E+00     0.462919831275940E+00     0.111886053085327E+02     0.478434324264526E+00
     0.831057488918304E+00     0.472957700490952E+00     0.112271385192871E+02     0.489132046699524E+00
     0.840189993381500E+00     0.483048498630524E+00     0.112720136642456E+02     0.499898940324783E+00
     0.849322497844696E+00     0.493158131837845E+00     0.113064804077148E+02     0.510699391365051E+00
     0.858455002307892E+00     0.503318786621094E+00     0.113502244949341E+02     0.521568536758423E+00
     0.867587506771088E+00     0.513522028923035E+00     0.113874769210815E+02     0.532496511936188E+00
     0.876720011234283E+00     0.523765921592712E+00     0.114328613281250E+02     0.543481945991516E+00
     0.885852515697479E+00     0.534033298492432E+00     0.114672880172729E+02     0.554506599903107E+00
     0.894985020160675E+00     0.544314920902252E+00     0.115039587020874E+02     0.565560996532440E+00
     0.904117524623871E+00     0.554675817489624E+00     0.115447130203247E+02     0.576714575290680E+00
     0.913250029087067E+00     0.564994692802429E+00     0.115768384933472E+02     0.587837040424347E+00
     0.922382473945618E+00     0.575387418270111E+00     0.116127128601074E+02     0.599053800106049E+00
     0.931514978408813E+00     0.585772395133972E+00     0.116415510177612E+02     0.610276401042938E+00
     0.940647482872009E+00     0.596214175224304E+00     0.116821212768555E+02     0.621575355529785E+00
     0.949779987335205E+00     0.606645524501801E+00     0.117094917297363E+02     0.632877051830292E+00
     0.958912491798401E+00     0.617137372493744E+00     0.117474575042725E+02     0.644260048866272E+00
     0.968044996261597E+00     0.627608358860016E+00     0.117755517959595E+02     0.655634522438049E+00
     0.977177500724792E+00     0.638100564479828E+00     0.118048534393311E+02     0.667047083377838E+00
     0.986310005187988E+00     0.648611664772034E+00     0.118369321823120E+02     0.678495287895203E+00
     0.995442509651184E+00     0.659164130687714E+00     0.118686199188232E+02     0.690003812313080E+00
     0.100457501411438E+01     0.669680833816528E+00     0.119008903503418E+02     0.701487898826599E+00
     0.101370751857758E+01     0.680277407169342E+00     0.119325599670410E+02     0.713075459003448E+00
     0.102284002304077E+01     0.690839171409607E+00     0.119528989791870E+02     0.724639832973480E+00
     0.103197252750397E+01     0.701375186443329E+00     0.119829130172729E+02     0.736191034317017E+00
     0.104110503196716E+01     0.711987555027008E+00     0.120132780075073E+02     0.747841596603394E+00
     0.105023753643036E+01     0.722497880458832E+00     0.120355958938599E+02     0.759395837783813E+00
     0.105937004089355E+01     0.733181715011597E+00     0.120651073455811E+02     0.771156668663025E+00
     0.106850254535675E+01     0.743772804737091E+00     0.120875835418701E+02     0.782830476760864E+00
     0.107763504981995E+01     0.754327595233917E+00     0.121167488098145E+02     0.794479966163635E+00
     0.108676755428314E+01     0.764913320541382E+00     0.121377582550049E+02     0.806180000305176E+00
     0.109590005874634E+01     0.775469422340393E+00     0.121715421676636E+02     0.817861914634705E+00
     0.110503244400024E+01     0.786113083362579E+00     0.121947288513184E+02     0.829657673835754E+00
     0.111416494846344E+01     0.796686351299286E+00     0.122158279418945E+02     0.841390848159790E+00
     0.112329745292664E+01     0.807184338569641E+00     0.122388906478882E+02     0.853055536746979E+00
     0.113242995738983E+01     0.817750036716461E+00     0.122612209320068E+02     0.864811956882477E+00
     0.114156246185303E+01     0.828362464904785E+00     0.122800683975220E+02     0.876636564731598E+00
     0.115069496631622E+01     0.838908553123474E+00     0.123037776947021E+02     0.888402998447418E+00
     0.115982747077942E+01     0.849403977394104E+00     0.123315820693970E+02     0.900128662586212E+00
     0.116895997524261E+01     0.859997093677521E+00     0.123499307632446E+02     0.911980211734772E+00
     0.117809247970581E+01     0.870411217212677E+00     0.123657484054565E+02     0.923646330833435E+00
     0.118722498416901E+01     0.880989968776703E+00     0.123867321014404E+02     0.935513854026794E+00
     0.119635748863220E+01     0.891381025314331E+00     0.124092502593994E+02     0.947185873985291E+00
     0.120548999309540E+01     0.901888549327850E+00     0.124276828765869E+02     0.959006011486053E+00
     0.121462249755859E+01     0.912308514118195E+00     0.124515724182129E+02     0.970742404460907E+00
     0.122375500202179E+01     0.922800660133362E+00     0.124734239578247E+02     0.982577562332153E+00
     0.123288750648499E+01     0.933224976062775E+00     0.124885778427124E+02     0.994351506233215E+00
     0.124202001094818E+01     0.943604826927185E+00     0.125080356597900E+02     0.100609159469604E+01
     0.125115251541138E+01     0.953879714012146E+00     0.125230894088745E+02     0.101772820949554E+01
     0.126028501987457E+01     0.964283168315887E+00     0.125390052795410E+02     0.102952778339386E+01
     0.126941752433777E+01     0.974505066871643E+00     0.125530967712402E+02     0.104113638401031E+01
     0.127855002880096E+01     0.984826326370239E+00     0.125719871520996E+02     0.105287408828735E+01
     0.128768253326416E+01     0.995097577571869E+00     0.125855007171631E+02     0.106457126140594E+01
     0.129681503772736E+01     0.100531983375549E+01     0.126097660064697E+02     0.107622754573822E+01
     0.130594754219055E+01     0.101561903953552E+01     0.126261587142944E+02     0.108798909187317E+01
     0.131508004665375E+01     0.102569699287415E+01     0.126409006118774E+02     0.109951305389404E+01
     0.132421255111694E+01     0.103586459159851E+01     0.126536474227905E+02     0.111115527153015E+01
     0.133334505558014E+01     0.104598546028137E+01     0.126647615432739E+02     0.112276029586792E+01
     0.134247744083405E+01     0.105611848831177E+01     0.126819095611572E+02     0.113439524173737E+01
     0.135160994529724E+01     0.106613528728485E+01     0.126926059722900E+02     0.114591193199158E+01
     0.136074244976044E+01     0.107611751556396E+01     0.127076978683472E+02     0.115740501880646E+01
     0.136987495422363E+01     0.108610272407532E+01     0.127243995666504E+02     0.116891705989838E+01
     0.137900745868683E+01     0.109604668617249E+01     0.127388324737549E+02     0.118039739131927E+01
     0.138813996315002E+01     0.110600018501282E+01     0.127543840408325E+02     0.119190454483032E+01
     0.139727246761322E+01     0.111584579944611E+01     0.127602920532227E+02     0.120330238342285E+01
     0.140640497207642E+01     0.112569785118103E+01     0.127777833938599E+02     0.121472311019897E+01
     0.141553747653961E+01     0.113551604747772E+01     0.127886838912964E+02     0.122612035274506E+01
     0.142466998100281E+01     0.114526975154877E+01     0.128006639480591E+02     0.123745799064636E+01
     0.143380248546600E+01     0.115503001213074E+01     0.128136682510376E+02     0.124881911277771E+01
     0.144293498992920E+01     0.116464257240295E+01     0.128184700012207E+02     0.126002287864685E+01
     0.145206749439240E+01     0.117429828643799E+01     0.128293476104736E+02     0.127129280567169E+01
     0.146119999885559E+01     0.118395209312439E+01     0.128390703201294E+02     0.128257560729980E+01
     0.147033250331879E+01     0.119350039958954E+01     0.128579387664795E+02     0.129375040531158E+01
     0.147946500778198E+01     0.120298385620117E+01     0.128635492324829E+02     0.130486428737640E+01
     0.148859751224518E+01     0.121244609355927E+01     0.128728199005127E+02     0.131596791744232E+01
     0.149773001670837E+01     0.122192823886871E+01     0.128804960250854E+02     0.132711040973663E+01
     0.150686252117157E+01     0.123133301734924E+01     0.128886184692383E+02     0.133817708492279E+01
     0.151599502563477E+01     0.124066793918610E+01     0.129010486602783E+02     0.134917604923248E+01
     0.152512753009796E+01     0.125001335144043E+01     0.129124774932861E+02     0.136020267009735E+01
     0.153426003456116E+01     0.125918412208557E+01     0.129187040328979E+02     0.137103724479675E+01
     0.154339253902435E+01     0.126756179332733E+01     0.129254570007324E+02     0.138094782829285E+01
     0.155252504348755E+01     0.127502167224884E+01     0.129366540908813E+02     0.138978278636932E+01
     0.156165754795074E+01     0.128221678733826E+01     0.129442405700684E+02     0.139831352233887E+01
     0.157079005241394E+01     0.128912150859833E+01     0.129501161575317E+02     0.140650784969330E+01
     0.157992255687714E+01     0.129594063758850E+01     0.129530153274536E+02     0.141460955142975E+01
     0.158905494213104E+01     0.130258452892303E+01     0.129641704559326E+02     0.142251026630402E+01
     0.159818744659424E+01     0.130909383296967E+01     0.129603271484375E+02     0.143025898933411E+01
     0.160731995105743E+01     0.131553053855896E+01     0.129685049057007E+02     0.143792819976807E+01
     0.161645245552063E+01     0.132188761234283E+01     0.129701070785522E+02     0.144551014900208E+01
     0.162558495998383E+01     0.132813525199890E+01     0.129794931411743E+02     0.145296823978424E+01
     0.163471746444702E+01     0.133433365821838E+01     0.129809036254883E+02     0.146037495136261E+01
     0.164384996891022E+01     0.134046232700348E+01     0.129858551025391E+02     0.146770489215851E+01
     0.165298247337341E+01     0.134647238254547E+01     0.129917268753052E+02     0.147489929199219E+01
     0.166211497783661E+01     0.135246205329895E+01     0.129924926757812E+02     0.148207628726959E+01
     0.167124748229980E+01     0.135840773582458E+01     0.130014085769653E+02     0.148920667171478E+01
     0.168037998676300E+01     0.136425852775574E+01     0.130052404403687E+02     0.149622976779938E+01
     0.168951249122620E+01     0.137000906467438E+01     0.130065088272095E+02     0.150313878059387E+01
     0.169864499568939E+01     0.137575268745422E+01     0.130088491439819E+02     0.151004540920258E+01
     0.170777750015259E+01     0.138142704963684E+01     0.130131320953369E+02     0.151687502861023E+01
     0.171691000461578E+01     0.138709878921509E+01     0.130218372344971E+02     0.152370691299438E+01
     0.172604250907898E+01     0.139265930652618E+01     0.130213527679443E+02     0.153041136264801E+01
     0.173517501354218E+01     0.139819765090942E+01     0.130221691131592E+02     0.153709435462952E+01
     0.174430751800537E+01     0.140367043018341E+01     0.130314073562622E+02     0.154370415210724E+01
     0.175344002246857E+01     0.140909969806671E+01     0.130277776718140E+02     0.155026721954346E+01
     0.176257252693176E+01     0.141446161270142E+01     0.130271825790405E+02     0.155675411224365E+01
     0.177170503139496E+01     0.141982626914978E+01     0.130330114364624E+02     0.156324982643127E+01
     0.178083753585815E+01     0.142514932155609E+01     0.130376319885254E+02     0.156970059871674E+01
     0.178997004032135E+01     0.143040204048157E+01     0.130422964096069E+02     0.157607173919678E+01
     0.179910254478455E+01     0.143558681011200E+01     0.130446004867554E+02     0.158236563205719E+01
     0.180823504924774E+01     0.144079554080963E+01     0.130447292327881E+02     0.158869397640228E+01
     0.181736755371094E+01     0.144591581821442E+01     0.130476617813110E+02     0.159492003917694E+01
     0.182650005817413E+01     0.145100080966949E+01     0.130504493713379E+02     0.160110795497894E+01
     0.183563244342804E+01     0.145605516433716E+01     0.130505828857422E+02     0.160726392269135E+01
     0.184476494789124E+01     0.146106135845184E+01     0.130478658676147E+02     0.161336636543274E+01
     0.185389745235443E+01     0.146600615978241E+01     0.130479412078857E+02     0.161939895153046E+01
     0.186302995681763E+01     0.147094345092773E+01     0.130499315261841E+02     0.162542688846588E+01
     0.187216246128082E+01     0.147586631774902E+01     0.130555896759033E+02     0.163144230842590E+01
     0.188129496574402E+01     0.148073053359985E+01     0.130549802780151E+02     0.163739109039307E+01
     0.189042747020721E+01     0.148554813861847E+01     0.130561237335205E+02     0.164328718185425E+01
     0.189955997467041E+01     0.149030780792236E+01     0.130508251190186E+02     0.164911746978760E+01
     0.190869247913361E+01     0.149505352973938E+01     0.130507946014404E+02     0.165493524074554E+01
     0.191782498359680E+01     0.149978744983673E+01     0.130513343811035E+02     0.166074275970459E+01
     0.192695748806000E+01     0.150452125072479E+01     0.130606470108032E+02     0.166655516624451E+01
     0.193608999252319E+01     0.150913333892822E+01     0.130517988204956E+02     0.167222261428833E+01
     0.194522249698639E+01     0.151376116275787E+01     0.130572872161865E+02     0.167791378498077E+01
     0.195435500144958E+01     0.151834201812744E+01     0.130599756240845E+02     0.168355143070221E+01
     0.196348750591278E+01     0.152292072772980E+01     0.130606050491333E+02     0.168919122219086E+01
     0.197262001037598E+01     0.152743887901306E+01     0.130546360015869E+02     0.169476068019867E+01
     0.198175251483917E+01     0.153187024593353E+01     0.130549869537354E+02     0.170022702217102E+01
     0.199088501930237E+01     0.153639078140259E+01     0.130537776947021E+02     0.170580852031708E+01
     0.200001740455627E+01     0.154080998897552E+01     0.130557155609131E+02     0.171126854419708E+01
     0.200915002822876E+01     0.154517590999603E+01     0.130509786605835E+02     0.171666705608368E+01
     0.201828241348267E+01     0.154954826831818E+01     0.130534858703613E+02     0.172207772731781E+01
     0.202741503715515E+01     0.155390501022339E+01     0.130544948577881E+02     0.172747313976288E+01
     0.203654742240906E+01     0.155821597576141E+01     0.130538606643677E+02     0.173281598091125E+01
     0.204568004608154E+01     0.156249105930328E+01     0.130530633926392E+02     0.173811829090118E+01
     0.205481243133545E+01     0.156673216819763E+01     0.130474081039429E+02     0.174338293075562E+01
     0.206394505500793E+01     0.157093405723572E+01     0.130483875274658E+02     0.174860227108002E+01
     0.207307744026184E+01     0.157514202594757E+01     0.130477161407471E+02     0.175383353233337E+01
     0.208221006393433E+01     0.157934153079987E+01     0.130501165390015E+02     0.175905811786652E+01
     0.209134244918823E+01     0.158345425128937E+01     0.130461349487305E+02     0.176417851448059E+01
     0.210047507286072E+01     0.158757603168488E+01     0.130482358932495E+02     0.176931405067444E+01
     0.210960745811462E+01     0.159157526493073E+01     0.130438232421875E+02     0.177430057525635E+01
     0.211874008178711E+01     0.159543287754059E+01     0.130402565002441E+02     0.177911424636841E+01
     0.212787246704102E+01     0.159923136234283E+01     0.130431337356567E+02     0.178385710716248E+01
     0.213700509071350E+01     0.160294771194458E+01     0.130373868942261E+02     0.178850090503693E+01
     0.214613747596741E+01     0.160659623146057E+01     0.130366134643555E+02     0.179306304454803E+01
     0.215527009963989E+01     0.161024498939514E+01     0.130422477722168E+02     0.179762852191925E+01
     0.216440248489380E+01     0.161379134654999E+01     0.130341587066650E+02     0.180206894874573E+01
     0.217353510856628E+01     0.161728835105896E+01     0.130345706939697E+02     0.180645024776459E+01
     0.218266749382019E+01     0.162073695659637E+01     0.130322971343994E+02     0.181077384948730E+01
     0.219180011749268E+01     0.162415862083435E+01     0.130294466018677E+02     0.181506669521332E+01
     0.220093250274658E+01     0.162759888172150E+01     0.130330495834351E+02     0.181938552856445E+01
     0.221006488800049E+01     0.163091313838959E+01     0.130294284820557E+02     0.182354879379272E+01
     0.221919751167297E+01     0.163422358036041E+01     0.130288801193237E+02     0.182771003246307E+01
     0.222832989692688E+01     0.163750267028809E+01     0.130238924026489E+02     0.183183443546295E+01
     0.223746252059937E+01     0.164074504375458E+01     0.130245065689087E+02     0.183591520786285E+01
     0.224659490585327E+01     0.164394009113312E+01     0.130233888626099E+02     0.183993875980377E+01
     0.225572752952576E+01     0.164709281921387E+01     0.130175523757935E+02     0.184391188621521E+01
     0.226485991477966E+01     0.165026640892029E+01     0.130200042724609E+02     0.184791350364685E+01
     0.227399253845215E+01     0.165332984924316E+01     0.130114307403564E+02     0.185177862644196E+01
     0.228312492370605E+01     0.165640163421631E+01     0.130090312957764E+02     0.185565662384033E+01
     0.229225754737854E+01     0.165944397449493E+01     0.130084161758423E+02     0.185949969291687E+01
     0.230138993263245E+01     0.166246736049652E+01     0.130050573348999E+02     0.186332130432129E+01
     0.231052255630493E+01     0.166545569896698E+01     0.130023422241211E+02     0.186710071563721E+01
     0.231965494155884E+01     0.166843616962433E+01     0.130059299468994E+02     0.187087249755859E+01
     0.232878756523132E+01     0.167131674289703E+01     0.129956769943237E+02     0.187451982498169E+01
     0.233791995048523E+01     0.167422556877136E+01     0.129983615875244E+02     0.187820529937744E+01
     0.234705257415771E+01     0.167715692520142E+01     0.130007991790771E+02     0.188192152976990E+01
     0.235618495941162E+01     0.167993533611298E+01     0.129886207580566E+02     0.188544595241547E+01
     0.236531758308411E+01     0.168275785446167E+01     0.129861440658569E+02     0.188902842998505E+01
     0.237444996833801E+01     0.168558323383331E+01     0.129871578216553E+02     0.189261639118195E+01
     0.238358259201050E+01     0.168836641311646E+01     0.129874925613403E+02     0.189615273475647E+01
     0.239271497726440E+01     0.169111073017120E+01     0.129844789505005E+02     0.189964187145233E+01
     0.240184760093689E+01     0.169383287429810E+01     0.129837160110474E+02     0.190310478210449E+01
     0.241097998619080E+01     0.169652068614960E+01     0.129792461395264E+02     0.190652596950531E+01
     0.242011260986328E+01     0.169918370246887E+01     0.129736576080322E+02     0.190991747379303E+01
     0.242924499511719E+01     0.170181846618652E+01     0.129688577651978E+02     0.191327476501465E+01
     0.243837761878967E+01     0.170446228981018E+01     0.129687929153442E+02     0.191664564609528E+01
     0.244751000404358E+01     0.170707976818085E+01     0.129675693511963E+02     0.191998445987701E+01
     0.245664238929749E+01     0.170967876911163E+01     0.129688272476196E+02     0.192330193519592E+01
     0.246577501296997E+01     0.171222901344299E+01     0.129626798629761E+02     0.192655897140503E+01
     0.247490739822388E+01     0.171475136280060E+01     0.129619293212891E+02     0.192978167533875E+01
     0.248404002189636E+01     0.171727955341339E+01     0.129592218399048E+02     0.193301415443420E+01
     0.249317240715027E+01     0.171977400779724E+01     0.129558935165405E+02     0.193620502948761E+01
     0.250230503082275E+01     0.172223007678986E+01     0.129483022689819E+02     0.193934845924377E+01
     0.251143741607666E+01     0.172468888759613E+01     0.129494209289551E+02     0.194249701499939E+01
     0.252057003974915E+01     0.172709405422211E+01     0.129414319992065E+02     0.194557869434357E+01
     0.252970242500305E+01     0.172951161861420E+01     0.129387378692627E+02     0.194867789745331E+01
     0.253883504867554E+01     0.173188304901123E+01     0.129324178695679E+02     0.195171928405762E+01
     0.254796743392944E+01     0.173424220085144E+01     0.129297513961792E+02     0.195474672317505E+01
     0.255710005760193E+01     0.173661053180695E+01     0.129270858764648E+02     0.195778763294220E+01
     0.256623244285583E+01     0.173893892765045E+01     0.129221744537354E+02     0.196077859401703E+01
     0.257536506652832E+01     0.174123871326447E+01     0.129205503463745E+02     0.196373450756073E+01
     0.258449745178223E+01     0.174353659152985E+01     0.129161853790283E+02     0.196668946743011E+01
     0.259363007545471E+01     0.174585950374603E+01     0.129205923080444E+02     0.196967816352844E+01
     0.260276246070862E+01     0.174805772304535E+01     0.129102020263672E+02     0.197250795364380E+01
     0.261189508438110E+01     0.175034213066101E+01     0.129145574569702E+02     0.197545015811920E+01
     0.262102746963501E+01     0.175252091884613E+01     0.129037675857544E+02     0.197825777530670E+01
     0.263016009330750E+01     0.175472629070282E+01     0.129026908874512E+02     0.198110103607178E+01
     0.263929247856140E+01     0.175689744949341E+01     0.128955669403076E+02     0.198390161991119E+01
     0.264842510223389E+01     0.175908708572388E+01     0.128960742950439E+02     0.198672747612000E+01
     0.265755748748779E+01     0.176119935512543E+01     0.128884506225586E+02     0.198945486545563E+01
     0.266669011116028E+01     0.176334631443024E+01     0.128871269226074E+02     0.199222838878632E+01
     0.267582249641418E+01     0.176550519466400E+01     0.128913831710815E+02     0.199501883983612E+01
     0.268495488166809E+01     0.176753890514374E+01     0.128789691925049E+02     0.199764859676361E+01
     0.269408750534058E+01     0.176965856552124E+01     0.128815507888794E+02     0.200039100646973E+01
     0.270321989059448E+01     0.177170395851135E+01     0.128731136322021E+02     0.200303888320923E+01
     0.271235251426697E+01     0.177375292778015E+01     0.128733730316162E+02     0.200569200515747E+01
     0.272148489952087E+01     0.177579927444458E+01     0.128724164962769E+02     0.200834369659424E+01
     0.273061752319336E+01     0.177779388427734E+01     0.128636970520020E+02     0.201092934608459E+01
     0.273974990844727E+01     0.177980029582977E+01     0.128643665313721E+02     0.201353144645691E+01
     0.274888253211975E+01     0.178175735473633E+01     0.128549842834473E+02     0.201607108116150E+01
     0.275801491737366E+01     0.178375029563904E+01     0.128562498092651E+02     0.201865839958191E+01
     0.276714754104614E+01     0.178570771217346E+01     0.128521404266357E+02     0.202120089530945E+01
     0.277627992630005E+01     0.178758180141449E+01     0.128417835235596E+02     0.202363610267639E+01
     0.278541254997253E+01     0.178954613208771E+01     0.128445873260498E+02     0.202618980407715E+01
     0.279454493522644E+01     0.179145610332489E+01     0.128417129516602E+02     0.202867412567139E+01
     0.280367755889893E+01     0.179331171512604E+01     0.128304586410522E+02     0.203108906745911E+01
     0.281280994415283E+01     0.179521179199219E+01     0.128344688415527E+02     0.203356266021729E+01
     0.282194256782532E+01     0.179706287384033E+01     0.128282642364502E+02     0.203597378730774E+01
     0.283107495307922E+01     0.179893052577972E+01     0.128284425735474E+02     0.203840756416321E+01
     0.284020757675171E+01     0.180071747303009E+01     0.128154087066650E+02     0.204073762893677E+01
     0.284933996200562E+01     0.180257821083069E+01     0.128185853958130E+02     0.204316449165344E+01
     0.285847258567810E+01     0.180436158180237E+01     0.128148365020752E+02     0.204549169540405E+01
     0.286760497093201E+01     0.180610692501068E+01     0.128030099868774E+02     0.204777050018311E+01
     0.287673759460449E+01     0.180789303779602E+01     0.128006067276001E+02     0.205010342597961E+01
     0.288586997985840E+01     0.180968654155731E+01     0.128018312454224E+02     0.205244731903076E+01
     0.289500260353088E+01     0.181143343448639E+01     0.127972688674927E+02     0.205473113059998E+01
     0.290413498878479E+01     0.181316864490509E+01     0.127939777374268E+02     0.205700063705444E+01
     0.291326761245728E+01     0.181489419937134E+01     0.127900905609131E+02     0.205925869941711E+01
     0.292239999771118E+01     0.181657874584198E+01     0.127864446640015E+02     0.206146383285522E+01
     0.293153238296509E+01     0.181826841831207E+01     0.127807407379150E+02     0.206367707252502E+01
     0.294066500663757E+01     0.181991958618164E+01     0.127716569900513E+02     0.206584072113037E+01
     0.294979739189148E+01     0.182162606716156E+01     0.127743673324585E+02     0.206807780265808E+01
     0.295893001556396E+01     0.182326626777649E+01     0.127674875259399E+02     0.207022881507874E+01
     0.296806240081787E+01     0.182491028308868E+01     0.127635011672974E+02     0.207238578796387E+01
     0.297719502449036E+01     0.182652890682220E+01     0.127581272125244E+02     0.207451081275940E+01
     0.298632740974426E+01     0.182814407348633E+01     0.127534770965576E+02     0.207663178443909E+01
     0.299546003341675E+01     0.182977056503296E+01     0.127535352706909E+02     0.207876873016357E+01
     0.300459241867065E+01     0.183135592937469E+01     0.127480030059814E+02     0.208085250854492E+01
     0.301372504234314E+01     0.183290362358093E+01     0.127388496398926E+02     0.208288788795471E+01
     0.302285742759705E+01     0.183451426029205E+01     0.127425565719604E+02     0.208500671386719E+01
     0.303199005126953E+01     0.183606708049774E+01     0.127385263442993E+02     0.208705043792725E+01
     0.304112243652344E+01     0.183759748935699E+01     0.127315254211426E+02     0.208906555175781E+01
     0.305025506019592E+01     0.183913433551788E+01     0.127289094924927E+02     0.209108996391296E+01
     0.305938744544983E+01     0.184063363075256E+01     0.127206411361694E+02     0.209306597709656E+01
     0.306852006912231E+01     0.184215712547302E+01     0.127196445465088E+02     0.209507441520691E+01
     0.307765245437622E+01     0.184364044666290E+01     0.127127990722656E+02     0.209703087806702E+01
     0.308678507804871E+01     0.184513425827026E+01     0.127110023498535E+02     0.209900212287903E+01
     0.309591746330261E+01     0.184661030769348E+01     0.127074375152588E+02     0.210095047950745E+01
     0.310505008697510E+01     0.184808278083801E+01     0.127062292098999E+02     0.210289525985718E+01
     0.311418247222900E+01     0.184951257705688E+01     0.126976757049561E+02     0.210478425025940E+01
     0.312331509590149E+01     0.185094094276428E+01     0.126910276412964E+02     0.210667228698730E+01
     0.313244748115540E+01     0.185237407684326E+01     0.126887388229370E+02     0.210856723785400E+01
     0.314158010482788E+01     0.185379457473755E+01     0.126820898056030E+02     0.211044645309448E+01
     0.315071249008179E+01     0.185521113872528E+01     0.126795997619629E+02     0.211232113838196E+01
     0.315984511375427E+01     0.185660636425018E+01     0.126755161285400E+02     0.211416840553284E+01
     0.316897749900818E+01     0.185798823833466E+01     0.126711091995239E+02     0.211599874496460E+01
     0.317810988426208E+01     0.185935819149017E+01     0.126662883758545E+02     0.211781406402588E+01
     0.318724250793457E+01     0.186073970794678E+01     0.126651582717896E+02     0.211964535713196E+01
     0.319637489318848E+01     0.186209058761597E+01     0.126608896255493E+02     0.212143683433533E+01
     0.320550751686096E+01     0.186340129375458E+01     0.126506195068359E+02     0.212317585945129E+01
     0.321463990211487E+01     0.186477887630463E+01     0.126530332565308E+02     0.212500429153442E+01
     0.322377252578735E+01     0.186607527732849E+01     0.126438064575195E+02     0.212672567367554E+01
     0.323290491104126E+01     0.186739122867584E+01     0.126395587921143E+02     0.212847375869751E+01
     0.324203753471375E+01     0.186870241165161E+01     0.126374807357788E+02     0.213021588325500E+01
     0.325116991996765E+01     0.186999619007111E+01     0.126336212158203E+02     0.213193583488464E+01
     0.326030254364014E+01     0.187128293514252E+01     0.126309728622437E+02     0.213364696502686E+01
     0.326943492889404E+01     0.187252843379974E+01     0.126186914443970E+02     0.213530445098877E+01
     0.327856755256653E+01     0.187379634380341E+01     0.126155900955200E+02     0.213699197769165E+01
     0.328769993782043E+01     0.187507879734039E+01     0.126168212890625E+02     0.213869953155518E+01
     0.329683256149292E+01     0.187632453441620E+01     0.126129074096680E+02     0.214035868644714E+01
     0.330596494674683E+01     0.187755322456360E+01     0.126074676513672E+02     0.214199614524841E+01
     0.331509757041931E+01     0.187878680229187E+01     0.126056680679321E+02     0.214364075660706E+01
     0.332422995567322E+01     0.187996768951416E+01     0.125922784805298E+02     0.214521574974060E+01
     0.333336257934570E+01     0.188119220733643E+01     0.125909986495972E+02     0.214684915542603E+01
     0.334249496459961E+01     0.188236618041992E+01     0.125833921432495E+02     0.214841604232788E+01
     0.335162758827209E+01     0.188358068466187E+01     0.125836067199707E+02     0.215003752708435E+01
     0.336075997352600E+01     0.188475263118744E+01     0.125759410858154E+02     0.215160322189331E+01
     0.336989259719849E+01     0.188595438003540E+01     0.125777816772461E+02     0.215320873260498E+01
     0.337902498245239E+01     0.188709092140198E+01     0.125684785842896E+02     0.215472793579102E+01
     0.338815760612488E+01     0.188824737071991E+01     0.125653877258301E+02     0.215627455711365E+01
     0.339728999137878E+01     0.188938486576080E+01     0.125600824356079E+02     0.215779614448547E+01
     0.340642261505127E+01     0.189053797721863E+01     0.125573787689209E+02     0.215933942794800E+01
     0.341555500030518E+01     0.189165902137756E+01     0.125517320632935E+02     0.216084003448486E+01
     0.342468738555908E+01     0.189276587963104E+01     0.125457000732422E+02     0.216232275962830E+01
     0.343382000923157E+01     0.189389431476593E+01     0.125453777313232E+02     0.216383457183838E+01
     0.344295239448547E+01     0.189501035213470E+01     0.125443305969238E+02     0.216533041000366E+01
     0.345208501815796E+01     0.189606380462646E+01     0.125304479598999E+02     0.216674280166626E+01
     0.346121740341187E+01     0.189714193344116E+01     0.125253839492798E+02     0.216818904876709E+01
     0.347035002708435E+01     0.189821672439575E+01     0.125211324691772E+02     0.216963124275208E+01
     0.347948241233826E+01     0.189931309223175E+01     0.125223169326782E+02     0.217110276222229E+01
     0.348861503601074E+01     0.190038859844208E+01     0.125184698104858E+02     0.217254710197449E+01
     0.349774742126465E+01     0.190142083168030E+01     0.125106630325317E+02     0.217393350601196E+01
     0.350688004493713E+01     0.190245413780212E+01     0.125049285888672E+02     0.217532205581665E+01
     0.351601243019104E+01     0.190351176261902E+01     0.125046739578247E+02     0.217674374580383E+01
     0.352514505386353E+01     0.190450859069824E+01     0.124951848983765E+02     0.217808437347412E+01
     0.353427743911743E+01     0.190556085109711E+01     0.124944486618042E+02     0.217950010299683E+01
     0.354341006278992E+01     0.190654468536377E+01     0.124852237701416E+02     0.218082404136658E+01
     0.355254244804382E+01     0.190756821632385E+01     0.124846277236938E+02     0.218220210075378E+01
     0.356167507171631E+01     0.190854728221893E+01     0.124771537780762E+02     0.218352055549622E+01
     0.357080745697021E+01     0.190957677364349E+01     0.124805269241333E+02     0.218490743637085E+01
     0.357994008064270E+01     0.191054689884186E+01     0.124720516204834E+02     0.218621516227722E+01
     0.358907246589661E+01     0.191152822971344E+01     0.124695196151733E+02     0.218753814697266E+01
     0.359820508956909E+01     0.191250407695770E+01     0.124666385650635E+02     0.218885421752930E+01
     0.360733747482300E+01     0.191342377662659E+01     0.124550466537476E+02     0.219009494781494E+01
     0.361647009849548E+01     0.191441082954407E+01     0.124575653076172E+02     0.219142723083496E+01
     0.362560248374939E+01     0.191536045074463E+01     0.124545249938965E+02     0.219270944595337E+01
     0.363473510742188E+01     0.191625213623047E+01     0.124409151077271E+02     0.219391369819641E+01
     0.364386749267578E+01     0.191722416877747E+01     0.124427671432495E+02     0.219522714614868E+01
     0.365300011634827E+01     0.191811120510101E+01     0.124321193695068E+02     0.219642591476440E+01
     0.366213250160217E+01     0.191904222965240E+01     0.124304409027100E+02     0.219768476486206E+01
     0.367126488685608E+01     0.191995275020599E+01     0.124263010025024E+02     0.219891619682312E+01
     0.368039751052856E+01     0.192083132266998E+01     0.124181003570557E+02     0.220010495185852E+01
     0.368952989578247E+01     0.192173266410828E+01     0.124146032333374E+02     0.220132493972778E+01
     0.369866251945496E+01     0.192266166210175E+01     0.124179897308350E+02     0.220258283615112E+01
     0.370779490470886E+01     0.192349946498871E+01     0.124040956497192E+02     0.220371747016907E+01
     0.371692752838135E+01     0.192440462112427E+01     0.124051008224487E+02     0.220494365692139E+01
     0.372605991363525E+01     0.192526555061340E+01     0.123996877670288E+02     0.220611071586609E+01
     0.373519253730774E+01     0.192612946033478E+01     0.123959760665894E+02     0.220728206634521E+01
     0.374432492256165E+01     0.192699372768402E+01     0.123934221267700E+02     0.220845413208008E+01
     0.375345754623413E+01     0.192784416675568E+01     0.123896408081055E+02     0.220960807800293E+01
     0.376258993148804E+01     0.192868626117706E+01     0.123857259750366E+02     0.221075081825256E+01
     0.377172255516052E+01     0.192948210239410E+01     0.123737525939941E+02     0.221183133125305E+01
     0.378085494041443E+01     0.193035185337067E+01     0.123775539398193E+02     0.221301245689392E+01
     0.378998756408691E+01     0.193113315105438E+01     0.123650445938110E+02     0.221407413482666E+01
     0.379911994934082E+01     0.193197381496429E+01     0.123651762008667E+02     0.221521639823914E+01
     0.380825257301331E+01     0.193276274204254E+01     0.123572807312012E+02     0.221628904342651E+01
     0.381738495826721E+01     0.193355166912079E+01     0.123502416610718E+02     0.221736192703247E+01
     0.382651758193970E+01     0.193437135219574E+01     0.123500890731812E+02     0.221847701072693E+01
     0.383564996719360E+01     0.193518590927124E+01     0.123502521514893E+02     0.221958565711975E+01
     0.384478259086609E+01     0.193594431877136E+01     0.123407020568848E+02     0.222061800956726E+01
     0.385391497612000E+01     0.193671596050262E+01     0.123350858688354E+02     0.222166872024536E+01
     0.386304759979248E+01     0.193749821186066E+01     0.123354654312134E+02     0.222273421287537E+01
     0.387217998504639E+01     0.193823516368866E+01     0.123278961181641E+02     0.222373843193054E+01
     0.388131260871887E+01     0.193898296356201E+01     0.123262729644775E+02     0.222475767135620E+01
     0.389044499397278E+01     0.193968975543976E+01     0.123174667358398E+02     0.222572159767151E+01
     0.389957761764526E+01     0.194039654731750E+01     0.123105459213257E+02     0.222668552398682E+01
     0.390871000289917E+01     0.194111549854279E+01     0.123065719604492E+02     0.222766637802124E+01
     0.391784238815308E+01     0.194185602664948E+01     0.123097610473633E+02     0.222867703437805E+01
     0.392697501182556E+01     0.194251048564911E+01     0.122978181838989E+02     0.222957062721252E+01
     0.393610739707947E+01     0.194324636459351E+01     0.123005361557007E+02     0.223057556152344E+01
     0.394524002075195E+01     0.194388365745544E+01     0.122895240783691E+02     0.223144602775574E+01
     0.395437240600586E+01     0.194456183910370E+01     0.122848844528198E+02     0.223237276077271E+01
     0.396350502967834E+01     0.194523394107819E+01     0.122816572189331E+02     0.223329138755798E+01
     0.397263741493225E+01     0.194589674472809E+01     0.122774143218994E+02     0.223419761657715E+01
     0.398177003860474E+01     0.194656407833099E+01     0.122745304107666E+02     0.223511028289795E+01
     0.399090242385864E+01     0.194724428653717E+01     0.122770910263062E+02     0.223604083061218E+01
     0.400003480911255E+01     0.194785976409912E+01     0.122675809860229E+02     0.223688316345215E+01
     0.400916767120361E+01     0.194852113723755E+01     0.122683029174805E+02     0.223778867721558E+01
     0.401830005645752E+01     0.194913887977600E+01     0.122612533569336E+02     0.223863434791565E+01
     0.402743244171143E+01     0.194974029064178E+01     0.122523860931396E+02     0.223945832252502E+01
     0.403656482696533E+01     0.195034849643707E+01     0.122471771240234E+02     0.224029135704041E+01
     0.404569768905640E+01     0.195100092887878E+01     0.122504701614380E+02     0.224118542671204E+01
     0.405483007431030E+01     0.195160102844238E+01     0.122446022033691E+02     0.224200820922852E+01
     0.406396245956421E+01     0.195221626758575E+01     0.122440042495728E+02     0.224285197257996E+01
     0.407309484481812E+01     0.195281314849854E+01     0.122400178909302E+02     0.224367070198059E+01
     0.408222770690918E+01     0.195339751243591E+01     0.122351760864258E+02     0.224447226524353E+01
     0.409136009216309E+01     0.195394563674927E+01     0.122234592437744E+02     0.224522495269775E+01
     0.410049247741699E+01     0.195453059673309E+01     0.122205104827881E+02     0.224602770805359E+01
     0.410962486267090E+01     0.195513010025024E+01     0.122214221954346E+02     0.224685120582581E+01
     0.411875772476196E+01     0.195569705963135E+01     0.122172670364380E+02     0.224762988090515E+01
     0.412789011001587E+01     0.195621931552887E+01     0.122066850662231E+02     0.224834728240967E+01
     0.413702249526978E+01     0.195678377151489E+01     0.122033071517944E+02     0.224912333488464E+01
     0.414615488052368E+01     0.195737731456757E+01     0.122078342437744E+02     0.224993896484375E+01
     0.415528726577759E+01     0.195791840553284E+01     0.122025661468506E+02     0.225068330764771E+01
     0.416442012786865E+01     0.195843756198883E+01     0.121937046051025E+02     0.225139737129211E+01
     0.417355251312256E+01     0.195898008346558E+01     0.121906604766846E+02     0.225214385986328E+01
     0.418268489837646E+01     0.195952498912811E+01     0.121900253295898E+02     0.225289392471313E+01
     0.419181728363037E+01     0.196004831790924E+01     0.121848545074463E+02     0.225361418724060E+01
     0.420095014572144E+01     0.196054112911224E+01     0.121754541397095E+02     0.225429296493530E+01
     0.421008253097534E+01     0.196109712123871E+01     0.121785984039307E+02     0.225505852699280E+01
     0.421921491622925E+01     0.196158492565155E+01     0.121703863143921E+02     0.225573062896729E+01
     0.422834730148315E+01     0.196208107471466E+01     0.121653242111206E+02     0.225641441345215E+01
     0.423748016357422E+01     0.196257376670837E+01     0.121602430343628E+02     0.225709366798401E+01
     0.424661254882812E+01     0.196307671070099E+01     0.121564912796021E+02     0.225778698921204E+01
     0.425574493408203E+01     0.196357405185699E+01     0.121542806625366E+02     0.225847315788269E+01
     0.426487731933594E+01     0.196406006813049E+01     0.121484546661377E+02     0.225914359092712E+01
     0.427401018142700E+01     0.196454954147339E+01     0.121469430923462E+02     0.225981903076172E+01
     0.428314256668091E+01     0.196503043174744E+01     0.121418504714966E+02     0.226048278808594E+01
     0.429227495193481E+01     0.196549367904663E+01     0.121367359161377E+02     0.226112222671509E+01
     0.430140733718872E+01     0.196597290039062E+01     0.121352272033691E+02     0.226178407669067E+01
     0.431054019927979E+01     0.196643567085266E+01     0.121299266815186E+02     0.226242351531982E+01
     0.431967258453369E+01     0.196689224243164E+01     0.121250905990601E+02     0.226305413246155E+01
     0.432880496978760E+01     0.196737504005432E+01     0.121269464492798E+02     0.226372146606445E+01
     0.433793735504150E+01     0.196781790256500E+01     0.121207027435303E+02     0.226433372497559E+01
     0.434707021713257E+01     0.196825301647186E+01     0.121141605377197E+02     0.226493549346924E+01
     0.435620260238647E+01     0.196870756149292E+01     0.121131172180176E+02     0.226556420326233E+01
     0.436533498764038E+01     0.196915638446808E+01     0.121116371154785E+02     0.226618504524231E+01
     0.437446737289429E+01     0.196957314014435E+01     0.121049966812134E+02     0.226676177978516E+01
     0.438360023498535E+01     0.197001385688782E+01     0.121024885177612E+02     0.226737189292908E+01
     0.439273262023926E+01     0.197044599056244E+01     0.120994853973389E+02     0.226797008514404E+01
     0.440186500549316E+01     0.197082805633545E+01     0.120889396667480E+02     0.226849913597107E+01
     0.441099739074707E+01     0.197127091884613E+01     0.120890798568726E+02     0.226911258697510E+01
     0.442012977600098E+01     0.197167944908142E+01     0.120847167968750E+02     0.226967883110046E+01
     0.442926263809204E+01     0.197211146354675E+01     0.120841779708862E+02     0.227027750015259E+01
     0.443839502334595E+01     0.197249889373779E+01     0.120756397247314E+02     0.227081465721130E+01
     0.444752740859985E+01     0.197291040420532E+01     0.120749530792236E+02     0.227138519287109E+01
     0.445665979385376E+01     0.197326505184174E+01     0.120637760162354E+02     0.227187705039978E+01
     0.446579265594482E+01     0.197370624542236E+01     0.120683975219727E+02     0.227248907089233E+01
     0.447492504119873E+01     0.197406172752380E+01     0.120583677291870E+02     0.227298235893250E+01
     0.448405742645264E+01     0.197448527812958E+01     0.120607566833496E+02     0.227357029914856E+01
     0.449318981170654E+01     0.197481942176819E+01     0.120489673614502E+02     0.227403426170349E+01
     0.450232267379761E+01     0.197522294521332E+01     0.120491352081299E+02     0.227459454536438E+01
     0.451145505905151E+01     0.197557902336121E+01     0.120411758422852E+02     0.227508902549744E+01
     0.452058744430542E+01     0.197599136829376E+01     0.120452270507812E+02     0.227566194534302E+01
     0.452971982955933E+01     0.197634303569794E+01     0.120405225753784E+02     0.227615046501160E+01
     0.453885269165039E+01     0.197670745849609E+01     0.120364980697632E+02     0.227665710449219E+01
     0.454798507690430E+01     0.197707188129425E+01     0.120338182449341E+02     0.227716374397278E+01
     0.455711746215820E+01     0.197738730907440E+01     0.120223321914673E+02     0.227760243415833E+01
     0.456624984741211E+01     0.197776615619659E+01     0.120222482681274E+02     0.227812933921814E+01
     0.457538270950317E+01     0.197813415527344E+01     0.120226440429688E+02     0.227864122390747E+01
     0.458451509475708E+01     0.197847628593445E+01     0.120188808441162E+02     0.227911734580994E+01
     0.459364748001099E+01     0.197879266738892E+01     0.120099468231201E+02     0.227955794334412E+01
     0.460277986526489E+01     0.197912240028381E+01     0.120054349899292E+02     0.228001689910889E+01
     0.461191272735596E+01     0.197945845127106E+01     0.120010738372803E+02     0.228048491477966E+01
     0.462104511260986E+01     0.197980570793152E+01     0.120020456314087E+02     0.228096842765808E+01
     0.463017749786377E+01     0.198010694980621E+01     0.119922103881836E+02     0.228138804435730E+01
     0.463930988311768E+01     0.198044276237488E+01     0.119906148910522E+02     0.228185606002808E+01
     0.464844226837158E+01     0.198078596591949E+01     0.119923267364502E+02     0.228233432769775E+01
     0.465757513046265E+01     0.198106479644775E+01     0.119803495407104E+02     0.228272318840027E+01
     0.466670751571655E+01     0.198139774799347E+01     0.119799900054932E+02     0.228318738937378E+01
     0.467583990097046E+01     0.198169994354248E+01     0.119755420684814E+02     0.228360891342163E+01
     0.468497228622437E+01     0.198199725151062E+01     0.119692287445068E+02     0.228402376174927E+01
     0.469410514831543E+01     0.198231101036072E+01     0.119684391021729E+02     0.228446149826050E+01
     0.470323753356934E+01     0.198261332511902E+01     0.119642953872681E+02     0.228488349914551E+01
     0.471236991882324E+01     0.198291993141174E+01     0.119620637893677E+02     0.228531146049500E+01
     0.472150230407715E+01     0.198318314552307E+01     0.119539546966553E+02     0.228567910194397E+01
     0.473063516616821E+01     0.198350083827972E+01     0.119548530578613E+02     0.228612256050110E+01
     0.473976755142212E+01     0.198376429080963E+01     0.119465160369873E+02     0.228649067878723E+01
     0.474889993667603E+01     0.198406219482422E+01     0.119454298019409E+02     0.228690671920776E+01
     0.475803232192993E+01     0.198435592651367E+01     0.119441099166870E+02     0.228731727600098E+01
     0.476716518402100E+01     0.198463976383209E+01     0.119416103363037E+02     0.228771400451660E+01
     0.477629756927490E+01     0.198491644859314E+01     0.119381294250488E+02     0.228810095787048E+01
     0.478542995452881E+01     0.198518919944763E+01     0.119355163574219E+02     0.228848218917847E+01
     0.479456233978271E+01     0.198541927337646E+01     0.119241657257080E+02     0.228880429267883E+01
     0.480369520187378E+01     0.198569178581238E+01     0.119215335845947E+02     0.228918552398682E+01
     0.481282758712769E+01     0.198594915866852E+01     0.119164352416992E+02     0.228954553604126E+01
     0.482195997238159E+01     0.198622238636017E+01     0.119158020019531E+02     0.228992795944214E+01
     0.483109235763550E+01     0.198648583889008E+01     0.119125680923462E+02     0.229029679298401E+01
     0.484022521972656E+01     0.198673546314240E+01     0.119089536666870E+02     0.229064631462097E+01
     0.484935760498047E+01     0.198701179027557E+01     0.119102029800415E+02     0.229103326797485E+01
     0.485848999023438E+01     0.198725557327271E+01     0.119052410125732E+02     0.229137492179871E+01
     0.486762237548828E+01     0.198746407032013E+01     0.118948173522949E+02     0.229166698455811E+01
     0.487675523757935E+01     0.198774182796478E+01     0.118977832794189E+02     0.229205632209778E+01
     0.488588762283325E+01     0.198795235157013E+01     0.118885192871094E+02     0.229235124588013E+01
     0.489502000808716E+01     0.198819577693939E+01     0.118868761062622E+02     0.229269266128540E+01
     0.490415239334106E+01     0.198841786384583E+01     0.118803997039795E+02     0.229300403594971E+01
     0.491328477859497E+01     0.198867261409760E+01     0.118819847106934E+02     0.229336118698120E+01
     0.492241764068604E+01     0.198891532421112E+01     0.118813810348511E+02     0.229370188713074E+01
     0.493155002593994E+01     0.198914372920990E+01     0.118780956268311E+02     0.229402232170105E+01
     0.494068241119385E+01     0.198935842514038E+01     0.118720302581787E+02     0.229432368278503E+01
     0.494981479644775E+01     0.198958361148834E+01     0.118709745407104E+02     0.229463982582092E+01
     0.495894765853882E+01     0.198977756500244E+01     0.118617277145386E+02     0.229491209983826E+01
     0.496808004379272E+01     0.199001634120941E+01     0.118632745742798E+02     0.229524755477905E+01
     0.497721242904663E+01     0.199022579193115E+01     0.118590688705444E+02     0.229554152488708E+01
     0.498634481430054E+01     0.199039614200592E+01     0.118478622436523E+02     0.229578089714050E+01
     0.499547767639160E+01     0.199061918258667E+01     0.118471784591675E+02     0.229609441757202E+01
     0.500461006164551E+01     0.199082911014557E+01     0.118444766998291E+02     0.229638934135437E+01
     0.501374244689941E+01     0.199103462696075E+01     0.118413553237915E+02     0.229667806625366E+01
     0.502287483215332E+01     0.199122679233551E+01     0.118365573883057E+02     0.229694843292236E+01
     0.503200769424438E+01     0.199143660068512E+01     0.118366460800171E+02     0.229724359512329E+01
     0.504114007949829E+01     0.199163651466370E+01     0.118333787918091E+02     0.229752469062805E+01
     0.505027246475220E+01     0.199181842803955E+01     0.118284120559692E+02     0.229778051376343E+01
     0.505940485000610E+01     0.199198591709137E+01     0.118200273513794E+02     0.229801630973816E+01
     0.506853771209717E+01     0.199216663837433E+01     0.118158473968506E+02     0.229827070236206E+01
     0.507767009735107E+01     0.199239146709442E+01     0.118201465606689E+02     0.229858708381653E+01
     0.508680248260498E+01     0.199257326126099E+01     0.118167858123779E+02     0.229884314537048E+01
     0.509593486785889E+01     0.199273109436035E+01     0.118089427947998E+02     0.229906535148621E+01
     0.510506772994995E+01     0.199289500713348E+01     0.118024682998657E+02     0.229929614067078E+01
     0.511420011520386E+01     0.199309790134430E+01     0.118052139282227E+02     0.229958200454712E+01
     0.512333250045776E+01     0.199322807788849E+01     0.117930402755737E+02     0.229976558685303E+01
     0.513246488571167E+01     0.199340784549713E+01     0.117918834686279E+02     0.230001902580261E+01
     0.514159727096558E+01     0.199358391761780E+01     0.117894659042358E+02     0.230026721954346E+01
     0.515073013305664E+01     0.199373614788055E+01     0.117843980789185E+02     0.230048155784607E+01
     0.515986251831055E+01     0.199390506744385E+01     0.117833557128906E+02     0.230071973800659E+01
     0.516899490356445E+01     0.199405503273010E+01     0.117802305221558E+02     0.230093121528625E+01
     0.517812728881836E+01     0.199420964717865E+01     0.117779932022095E+02     0.230114936828613E+01
     0.518726015090942E+01     0.199434280395508E+01     0.117719497680664E+02     0.230133724212646E+01
     0.519639253616333E+01     0.199449658393860E+01     0.117705373764038E+02     0.230155444145203E+01
     0.520552492141724E+01     0.199463021755219E+01     0.117662630081177E+02     0.230174303054810E+01
     0.521465730667114E+01     0.199476563930511E+01     0.117625484466553E+02     0.230193424224854E+01
     0.522379016876221E+01     0.199490904808044E+01     0.117610645294189E+02     0.230213642120361E+01
     0.523292255401611E+01     0.199504756927490E+01     0.117584066390991E+02     0.230233216285706E+01
     0.524205493927002E+01     0.199518179893494E+01     0.117562274932861E+02     0.230252170562744E+01
     0.525118732452393E+01     0.199529862403870E+01     0.117510814666748E+02     0.230268692970276E+01
     0.526032018661499E+01     0.199542784690857E+01     0.117481698989868E+02     0.230286931991577E+01
     0.526945257186890E+01     0.199552667140961E+01     0.117408161163330E+02     0.230300903320312E+01
     0.527858495712280E+01     0.199567079544067E+01     0.117419204711914E+02     0.230321264266968E+01
     0.528771734237671E+01     0.199580895900726E+01     0.117432832717896E+02     0.230340790748596E+01
     0.529685020446777E+01     0.199591326713562E+01     0.117369260787964E+02     0.230355548858643E+01
     0.530598258972168E+01     0.199600112438202E+01     0.117289953231812E+02     0.230367970466614E+01
     0.531511497497559E+01     0.199611306190491E+01     0.117256174087524E+02     0.230383801460266E+01
     0.532424736022949E+01     0.199622809886932E+01     0.117234306335449E+02     0.230400061607361E+01
     0.533338022232056E+01     0.199636650085449E+01     0.117269954681396E+02     0.230419659614563E+01
     0.534251260757446E+01     0.199646830558777E+01     0.117227010726929E+02     0.230434060096741E+01
     0.535164499282837E+01     0.199657416343689E+01     0.117199172973633E+02     0.230449032783508E+01
     0.536077737808228E+01     0.199664819240570E+01     0.117115526199341E+02     0.230459523200989E+01
     0.536990976333618E+01     0.199674582481384E+01     0.117078313827515E+02     0.230473351478577E+01
     0.537904262542725E+01     0.199685513973236E+01     0.117069282531738E+02     0.230488824844360E+01
     0.538817501068115E+01     0.199694895744324E+01     0.117033262252808E+02     0.230502104759216E+01
     0.539730739593506E+01     0.199703991413116E+01     0.116997585296631E+02     0.230514979362488E+01
     0.540643978118896E+01     0.199714398384094E+01     0.116989011764526E+02     0.230529737472534E+01
     0.541557264328003E+01     0.199722337722778E+01     0.116938238143921E+02     0.230540966987610E+01
     0.542470502853394E+01     0.199732363224030E+01     0.116932210922241E+02     0.230555176734924E+01
     0.543383741378784E+01     0.199741148948669E+01     0.116905403137207E+02     0.230567622184753E+01
     0.544296979904175E+01     0.199751019477844E+01     0.116908740997314E+02     0.230581617355347E+01
     0.545210266113281E+01     0.199757730960846E+01     0.116842899322510E+02     0.230591130256653E+01
     0.546123504638672E+01     0.199765896797180E+01     0.116817426681519E+02     0.230602717399597E+01
     0.547036743164062E+01     0.199774003028870E+01     0.116790561676025E+02     0.230614209175110E+01
     0.547949981689453E+01     0.199782550334930E+01     0.116777906417847E+02     0.230626320838928E+01
     0.548863267898560E+01     0.199790525436401E+01     0.116762886047363E+02     0.230637645721436E+01
     0.549776506423950E+01     0.199795317649841E+01     0.116673784255981E+02     0.230644440650940E+01
     0.550689744949341E+01     0.199805212020874E+01     0.116705389022827E+02     0.230658483505249E+01
     0.551602983474731E+01     0.199811267852783E+01     0.116654348373413E+02     0.230667090415955E+01
     0.552516269683838E+01     0.199818480014801E+01     0.116630525588989E+02     0.230677318572998E+01
     0.553429508209229E+01     0.199821722507477E+01     0.116534271240234E+02     0.230681920051575E+01
     0.554342746734619E+01     0.199828755855560E+01     0.116511116027832E+02     0.230691909790039E+01
     0.555255985260010E+01     0.199835062026978E+01     0.116483297348022E+02     0.230700850486755E+01
     0.556169271469116E+01     0.199842166900635E+01     0.116470155715942E+02     0.230710959434509E+01
     0.557082509994507E+01     0.199849677085876E+01     0.116470785140991E+02     0.230721592903137E+01
     0.557995748519897E+01     0.199853157997131E+01     0.116398296356201E+02     0.230726552009583E+01
     0.558908987045288E+01     0.199861741065979E+01     0.116427927017212E+02     0.230738735198975E+01
     0.559822273254395E+01     0.199868059158325E+01     0.116417999267578E+02     0.230747723579407E+01
     0.560735511779785E+01     0.199869370460510E+01     0.116305580139160E+02     0.230749607086182E+01
     0.561648750305176E+01     0.199878466129303E+01     0.116360378265381E+02     0.230762529373169E+01
     0.562561988830566E+01     0.199883532524109E+01     0.116331272125244E+02     0.230769705772400E+01
     0.563475227355957E+01     0.199887537956238E+01     0.116282091140747E+02     0.230775403976440E+01
     0.564388513565063E+01     0.199890339374542E+01     0.116212329864502E+02     0.230779409408569E+01
     0.565301752090454E+01     0.199897718429565E+01     0.116248283386230E+02     0.230789899826050E+01
     0.566214990615845E+01     0.199900305271149E+01     0.116176757812500E+02     0.230793595314026E+01
     0.567128229141235E+01     0.199903106689453E+01     0.116118679046631E+02     0.230797576904297E+01
     0.568041515350342E+01     0.199907636642456E+01     0.116097927093506E+02     0.230804014205933E+01
     0.568954753875732E+01     0.199909651279449E+01     0.116036834716797E+02     0.230806899070740E+01
     0.569867992401123E+01     0.199914872646332E+01     0.116034374237061E+02     0.230814313888550E+01
     0.570781230926514E+01     0.199917793273926E+01     0.115991582870483E+02     0.230818462371826E+01
     0.571694517135620E+01     0.199922585487366E+01     0.115988578796387E+02     0.230825281143188E+01
     0.572607755661011E+01     0.199926900863647E+01     0.115980682373047E+02     0.230831432342529E+01
     0.573520994186401E+01     0.199927055835724E+01     0.115895586013794E+02     0.230831670761108E+01
     0.574434232711792E+01     0.199933981895447E+01     0.115944261550903E+02     0.230841517448425E+01
     0.575347518920898E+01     0.199934649467468E+01     0.115868778228760E+02     0.230842471122742E+01
     0.576260757446289E+01     0.199936509132385E+01     0.115824584960938E+02     0.230845117568970E+01
     0.577173995971680E+01     0.199938917160034E+01     0.115794992446899E+02     0.230848550796509E+01
     0.578087234497070E+01     0.199942481517792E+01     0.115786094665527E+02     0.230853629112244E+01
     0.579000520706177E+01     0.199946713447571E+01     0.115800504684448E+02     0.230859661102295E+01
     0.579913759231567E+01     0.199949014186859E+01     0.115775375366211E+02     0.230862951278687E+01
     0.580826997756958E+01     0.199947476387024E+01     0.115676746368408E+02     0.230860757827759E+01
     0.581740236282349E+01     0.199952721595764E+01     0.115715446472168E+02     0.230868244171143E+01
     0.582653522491455E+01     0.199954938888550E+01     0.115699987411499E+02     0.230871391296387E+01
     0.583566761016846E+01     0.199956536293030E+01     0.115671539306641E+02     0.230873680114746E+01
     0.584479999542236E+01     0.199957287311554E+01     0.115627040863037E+02     0.230874752998352E+01
     0.585393238067627E+01     0.199956548213959E+01     0.115557317733765E+02     0.230873703956604E+01
     0.586306476593018E+01     0.199960684776306E+01     0.115593338012695E+02     0.230879592895508E+01
     0.587219762802124E+01     0.199958753585815E+01     0.115501899719238E+02     0.230876851081848E+01
     0.588133001327515E+01     0.199959337711334E+01     0.115468435287476E+02     0.230877685546875E+01
     0.589046239852905E+01     0.199963080883026E+01     0.115502109527588E+02     0.230883026123047E+01
     0.589959478378296E+01     0.199962568283081E+01     0.115448770523071E+02     0.230882310867310E+01
     0.590872764587402E+01     0.199961698055267E+01     0.115394783020020E+02     0.230881071090698E+01
     0.591786003112793E+01     0.199961519241333E+01     0.115356588363647E+02     0.230880808830261E+01
     0.592699241638184E+01     0.199965155124664E+01     0.115399560928345E+02     0.230886006355286E+01
     0.593612480163574E+01     0.199962508678436E+01     0.115313606262207E+02     0.230882239341736E+01
     0.594525766372681E+01     0.199962830543518E+01     0.115292863845825E+02     0.230882692337036E+01
     0.595439004898071E+01     0.199962711334229E+01     0.115265464782715E+02     0.230882501602173E+01
     0.596352243423462E+01     0.199961817264557E+01     0.115227012634277E+02     0.230881237983704E+01
     0.597265481948853E+01     0.199964916706085E+01     0.115275163650513E+02     0.230885672569275E+01
     0.598178768157959E+01     0.199961209297180E+01     0.115178184509277E+02     0.230880379676819E+01
     0.599092006683350E+01     0.199962055683136E+01     0.115180873870850E+02     0.230881595611572E+01
     0.600005245208740E+01     0.199961125850677E+01     0.115150442123413E+02     0.230880260467529E+01
     0.600918483734131E+01     0.199959051609039E+01     0.115100173950195E+02     0.230877280235291E+01
     0.601831769943237E+01     0.199957585334778E+01     0.115065002441406E+02     0.230875205993652E+01
     0.602745008468628E+01     0.199957180023193E+01     0.115051660537720E+02     0.230874609947205E+01
     0.603658246994019E+01     0.199954390525818E+01     0.114997863769531E+02     0.230870652198792E+01
     0.604571485519409E+01     0.199956989288330E+01     0.115051755905151E+02     0.230874347686768E+01
     0.605484771728516E+01     0.199952876567841E+01     0.114968461990356E+02     0.230868482589722E+01
     0.606398010253906E+01     0.199954247474670E+01     0.115008401870728E+02     0.230870437622070E+01
     0.607311248779297E+01     0.199952149391174E+01     0.114972677230835E+02     0.230867433547974E+01
     0.608224487304688E+01     0.199947082996368E+01     0.114878110885620E+02     0.230860185623169E+01
     0.609137773513794E+01     0.199948298931122E+01     0.114919137954712E+02     0.230861926078796E+01
     0.610051012039185E+01     0.199943244457245E+01     0.114829292297363E+02     0.230854701995850E+01
     0.610964250564575E+01     0.199942827224731E+01     0.114838666915894E+02     0.230854105949402E+01
     0.611877489089966E+01     0.199940216541290E+01     0.114805917739868E+02     0.230850362777710E+01
     0.612790727615356E+01     0.199938082695007E+01     0.114786138534546E+02     0.230847334861755E+01
     0.613704013824463E+01     0.199937164783478E+01     0.114798898696899E+02     0.230845999717712E+01
     0.614617252349854E+01     0.199931681156158E+01     0.114708662033081E+02     0.230838179588318E+01
     0.615530490875244E+01     0.199930047988892E+01     0.114705772399902E+02     0.230835843086243E+01
     0.616443729400635E+01     0.199928200244904E+01     0.114704580307007E+02     0.230833196640015E+01
     0.617357015609741E+01     0.199923872947693E+01     0.114647035598755E+02     0.230826973915100E+01
     0.618270254135132E+01     0.199920761585236E+01     0.114621419906616E+02     0.230822539329529E+01
     0.619183492660522E+01     0.199917185306549E+01     0.114588050842285E+02     0.230817413330078E+01
     0.620096731185913E+01     0.199913334846497E+01     0.114551753997803E+02     0.230811905860901E+01
     0.621010017395020E+01     0.199909925460815E+01     0.114526424407959E+02     0.230807018280029E+01
     0.621923255920410E+01     0.199905920028687E+01     0.114491682052612E+02     0.230801272392273E+01
     0.622836494445801E+01     0.199905335903168E+01     0.114533138275146E+02     0.230800461769104E+01
     0.623749732971191E+01     0.199898612499237E+01     0.114442071914673E+02     0.230790829658508E+01
     0.624663019180298E+01     0.199894237518311E+01     0.114406270980835E+02     0.230784559249878E+01
     0.625576257705688E+01     0.199892473220825E+01     0.114424715042114E+02     0.230782032012939E+01
     0.626489496231079E+01     0.199888837337494E+01     0.114409418106079E+02     0.230776810646057E+01
     0.627402734756470E+01     0.199883878231049E+01     0.114365568161011E+02     0.230769705772400E+01
     0.628316020965576E+01     0.199880814552307E+01     0.114368791580200E+02     0.230765318870544E+01
     0.629229259490967E+01     0.199875414371490E+01     0.114319047927856E+02     0.230757570266724E+01
     0.630142498016357E+01     0.199872434139252E+01     0.114331674575806E+02     0.230753302574158E+01
     0.631055736541748E+01     0.199865460395813E+01     0.114250020980835E+02     0.230743312835693E+01
     0.631969022750854E+01     0.199861967563629E+01     0.114251012802124E+02     0.230738282203674E+01
     0.632882261276245E+01     0.199856674671173E+01     0.114214801788330E+02     0.230730676651001E+01
     0.633795499801636E+01     0.199851644039154E+01     0.114185857772827E+02     0.230723476409912E+01
     0.634708738327026E+01     0.199844181537628E+01     0.114113273620605E+02     0.230712771415710E+01
     0.635621976852417E+01     0.199841797351837E+01     0.114140768051147E+02     0.230709362030029E+01
     0.636535263061523E+01     0.199834978580475E+01     0.114081468582153E+02     0.230699586868286E+01
     0.637448501586914E+01     0.199831151962280E+01     0.114085712432861E+02     0.230694079399109E+01
     0.638361740112305E+01     0.199826109409332E+01     0.114066953659058E+02     0.230686831474304E+01
     0.639274978637695E+01     0.199817752838135E+01     0.113987846374512E+02     0.230674862861633E+01
     0.640188264846802E+01     0.199816441535950E+01     0.114052848815918E+02     0.230672931671143E+01
     0.641101503372192E+01     0.199806118011475E+01     0.113930492401123E+02     0.230658149719238E+01
     0.642014741897583E+01     0.199803626537323E+01     0.113969974517822E+02     0.230654573440552E+01
     0.642927980422974E+01     0.199795508384705E+01     0.113897075653076E+02     0.230642914772034E+01
     0.643841266632080E+01     0.199789428710938E+01     0.113869733810425E+02     0.230634164810181E+01
     0.644754505157471E+01     0.199784088134766E+01     0.113858461380005E+02     0.230626511573792E+01
     0.645667743682861E+01     0.199777412414551E+01     0.113823728561401E+02     0.230616927146912E+01
     0.646580982208252E+01     0.199774503707886E+01     0.113874759674072E+02     0.230612707138062E+01
     0.647494268417358E+01     0.199764227867126E+01     0.113763704299927E+02     0.230597972869873E+01
     0.648407506942749E+01     0.199757838249207E+01     0.113739433288574E+02     0.230588793754578E+01
     0.649320745468140E+01     0.199752449989319E+01     0.113736848831177E+02     0.230581068992615E+01
     0.650233983993530E+01     0.199744582176208E+01     0.113687391281128E+02     0.230569744110107E+01
     0.651147270202637E+01     0.199740517139435E+01     0.113713722229004E+02     0.230563902854919E+01
     0.652060508728027E+01     0.199734926223755E+01     0.113719453811646E+02     0.230555868148804E+01
     0.652973747253418E+01     0.199725341796875E+01     0.113634338378906E+02     0.230542087554932E+01
     0.653886985778809E+01     0.199721229076385E+01     0.113674297332764E+02     0.230536150932312E+01
     0.654800271987915E+01     0.199713134765625E+01     0.113620376586914E+02     0.230524516105652E+01
     0.655713510513306E+01     0.199706983566284E+01     0.113621578216553E+02     0.230515670776367E+01
     0.656626749038696E+01     0.199695527553558E+01     0.113507556915283E+02     0.230499219894409E+01
     0.657539987564087E+01     0.199689292907715E+01     0.113502197265625E+02     0.230490255355835E+01
     0.658453273773193E+01     0.199684715270996E+01     0.113537960052490E+02     0.230483651161194E+01
     0.659366512298584E+01     0.199674618244171E+01     0.113457527160645E+02     0.230469131469727E+01
     0.660279750823975E+01     0.199668657779694E+01     0.113468751907349E+02     0.230460548400879E+01
     0.661192989349365E+01     0.199658644199371E+01     0.113395843505859E+02     0.230446124076843E+01
     0.662106227874756E+01     0.199651491641998E+01     0.113380985260010E+02     0.230435848236084E+01
     0.663019514083862E+01     0.199642348289490E+01     0.113332653045654E+02     0.230422687530518E+01
     0.663932752609253E+01     0.199634778499603E+01     0.113315629959106E+02     0.230411767959595E+01
     0.664845991134644E+01     0.199630630016327E+01     0.113372421264648E+02     0.230405831336975E+01
     0.665759229660034E+01     0.199622452259064E+01     0.113347110748291E+02     0.230394029617310E+01
     0.666672515869141E+01     0.199614572525024E+01     0.113329296112061E+02     0.230382704734802E+01
     0.667585754394531E+01     0.199605882167816E+01     0.113289928436279E+02     0.230370187759399E+01
     0.668498992919922E+01     0.199596667289734E+01     0.113246078491211E+02     0.230356907844543E+01
     0.669412231445312E+01     0.199588966369629E+01     0.113236312866211E+02     0.230345821380615E+01
     0.670325517654419E+01     0.199580585956573E+01     0.113216981887817E+02     0.230333757400513E+01
     0.671238756179810E+01     0.199568665027618E+01     0.113123245239258E+02     0.230316591262817E+01
     0.672151994705200E+01     0.199560701847076E+01     0.113109226226807E+02     0.230305123329163E+01
     0.673065233230591E+01     0.199550604820251E+01     0.113062992095947E+02     0.230290555953979E+01
     0.673978519439697E+01     0.199543035030365E+01     0.113060312271118E+02     0.230279660224915E+01
     0.674891757965088E+01     0.199535119533539E+01     0.113051023483276E+02     0.230268239974976E+01
     0.675804996490479E+01     0.199527847766876E+01     0.113067245483398E+02     0.230257773399353E+01
     0.676718235015869E+01     0.199516117572784E+01     0.112985763549805E+02     0.230240869522095E+01
     0.677631521224976E+01     0.199509763717651E+01     0.113021278381348E+02     0.230231714248657E+01
     0.678544759750366E+01     0.199498212337494E+01     0.112945327758789E+02     0.230215072631836E+01
     0.679457998275757E+01     0.199488127231598E+01     0.112905950546265E+02     0.230200529098511E+01
     0.680371236801147E+01     0.199478900432587E+01     0.112884073257446E+02     0.230187225341797E+01
     0.681284523010254E+01     0.199469971656799E+01     0.112867507934570E+02     0.230174350738525E+01
     0.682197761535645E+01     0.199463415145874E+01     0.112908887863159E+02     0.230164885520935E+01
     0.683111000061035E+01     0.199450933933258E+01     0.112819528579712E+02     0.230146884918213E+01
     0.684024238586426E+01     0.199444687366486E+01     0.112871055603027E+02     0.230137872695923E+01
     0.684937477111816E+01     0.199431467056274E+01     0.112766637802124E+02     0.230118823051453E+01
     0.685850763320923E+01     0.199424564838409E+01     0.112801637649536E+02     0.230108857154846E+01
     0.686764001846313E+01     0.199412143230438E+01     0.112724800109863E+02     0.230090951919556E+01
     0.687677240371704E+01     0.199405252933502E+01     0.112768192291260E+02     0.230080986022949E+01
     0.688590478897095E+01     0.199395382404327E+01     0.112744054794312E+02     0.230066728591919E+01
     0.689503765106201E+01     0.199382936954498E+01     0.112667541503906E+02     0.230048775672913E+01
     0.690417003631592E+01     0.199372899532318E+01     0.112644042968750E+02     0.230034303665161E+01
     0.691330242156982E+01     0.199361348152161E+01     0.112592773437500E+02     0.230017638206482E+01
     0.692243480682373E+01     0.199351811408997E+01     0.112584486007690E+02     0.230003857612610E+01
     0.693156766891479E+01     0.199342095851898E+01     0.112568435668945E+02     0.229989814758301E+01
     0.694070005416870E+01     0.199330461025238E+01     0.112524375915527E+02     0.229973030090332E+01
     0.694983243942261E+01     0.199320828914642E+01     0.112517681121826E+02     0.229959130287170E+01
     0.695896482467651E+01     0.199312841892242E+01     0.112546463012695E+02     0.229947590827942E+01
     0.696809768676758E+01     0.199302279949188E+01     0.112527799606323E+02     0.229932332038879E+01
     0.697723007202148E+01     0.199291479587555E+01     0.112499284744263E+02     0.229916739463806E+01
     0.698636245727539E+01     0.199277567863464E+01     0.112405414581299E+02     0.229896664619446E+01
     0.699549484252930E+01     0.199268162250519E+01     0.112408256530762E+02     0.229883050918579E+01
     0.700462770462036E+01     0.199259459972382E+01     0.112435836791992E+02     0.229870486259460E+01
     0.701376008987427E+01     0.199248230457306E+01     0.112406997680664E+02     0.229854273796082E+01
     0.702289247512817E+01     0.199235379695892E+01     0.112337236404419E+02     0.229835700988770E+01
     0.703202486038208E+01     0.199226415157318E+01     0.112356338500977E+02     0.229822754859924E+01
     0.704115772247314E+01     0.199214541912079E+01     0.112316131591797E+02     0.229805588722229E+01
     0.705029010772705E+01     0.199203109741211E+01     0.112286720275879E+02     0.229789066314697E+01
     0.705942249298096E+01     0.199193203449249E+01     0.112299642562866E+02     0.229774737358093E+01
     0.706855487823486E+01     0.199179565906525E+01     0.112223024368286E+02     0.229755020141602E+01
     0.707768726348877E+01     0.199170482158661E+01     0.112252883911133E+02     0.229741907119751E+01
     0.708682012557983E+01     0.199159145355225E+01     0.112228574752808E+02     0.229725503921509E+01
     0.709595251083374E+01     0.199145877361298E+01     0.112159595489502E+02     0.229706335067749E+01
     0.710508489608765E+01     0.199136090278625E+01     0.112176103591919E+02     0.229692173004150E+01
     0.711421728134155E+01     0.199120903015137E+01     0.112078847885132E+02     0.229670214653015E+01
     0.712335014343262E+01     0.199112224578857E+01     0.112117309570312E+02     0.229657673835754E+01
     0.713248252868652E+01     0.199101471900940E+01     0.112114629745483E+02     0.229642105102539E+01
     0.714161491394043E+01     0.199087059497833E+01     0.112033605575562E+02     0.229621267318726E+01
     0.715074729919434E+01     0.199075293540955E+01     0.112009181976318E+02     0.229604268074036E+01
     0.715988016128540E+01     0.199062657356262E+01     0.111974258422852E+02     0.229585981369019E+01
     0.716901254653931E+01     0.199051487445831E+01     0.111963520050049E+02     0.229569816589355E+01
     0.717814493179321E+01     0.199037718772888E+01     0.111910238265991E+02     0.229549884796143E+01
     0.718727731704712E+01     0.199028718471527E+01     0.111944923400879E+02     0.229536843299866E+01
     0.719641017913818E+01     0.199016594886780E+01     0.111922206878662E+02     0.229519319534302E+01
     0.720554256439209E+01     0.199004161357880E+01     0.111891298294067E+02     0.229501318931580E+01
     0.721467494964600E+01     0.198989522457123E+01     0.111821613311768E+02     0.229480123519897E+01
     0.722380733489990E+01     0.198979008197784E+01     0.111833314895630E+02     0.229464912414551E+01
     0.723294019699097E+01     0.198964560031891E+01     0.111771955490112E+02     0.229444003105164E+01
     0.724207258224487E+01     0.198955941200256E+01     0.111821565628052E+02     0.229431509971619E+01
     0.725120496749878E+01     0.198943221569061E+01     0.111792154312134E+02     0.229413104057312E+01
     0.726033735275269E+01     0.198930847644806E+01     0.111773424148560E+02     0.229395198822021E+01
     0.726947021484375E+01     0.198915982246399E+01     0.111701087951660E+02     0.229373669624329E+01
     0.727860260009766E+01     0.198905098438263E+01     0.111714715957642E+02     0.229357886314392E+01
     0.728773498535156E+01     0.198890352249146E+01     0.111649560928345E+02     0.229336547851562E+01
     0.729686737060547E+01     0.198878824710846E+01     0.111650094985962E+02     0.229319858551025E+01
