     0.166900500655174E+00     0.231248668569606E-04     0.573511779308319E+00     0.230680379900150E-04
     0.176172748208046E+00     0.314608885673806E-03     0.136025691032410E+01     0.313716445816681E-03
     0.185444995760918E+00     0.752231862861663E-03     0.180646443367004E+01     0.749840342905372E-03
     0.194717243313789E+00     0.135263381525874E-02     0.218194293975830E+01     0.134809687733650E-02
     0.203989505767822E+00     0.207823165692389E-02     0.249837446212769E+01     0.207127328030765E-02
     0.213261753320694E+00     0.300207920372486E-02     0.280166220664978E+01     0.299297785386443E-02
     0.222534000873566E+00     0.412001740187407E-02     0.308724379539490E+01     0.410875724628568E-02
     0.231806248426437E+00     0.544455926865339E-02     0.335922884941101E+01     0.543130747973919E-02
     0.241078495979309E+00     0.697046145796776E-02     0.361720180511475E+01     0.695609021931887E-02
     0.250350743532181E+00     0.873716082423925E-02     0.386997532844543E+01     0.872254278510809E-02
     0.259622991085052E+00     0.106968628242612E-01     0.410832452774048E+01     0.106830559670925E-01
     0.268895238637924E+00     0.128832058981061E-01     0.433856010437012E+01     0.128714963793755E-01
     0.278167486190796E+00     0.152790965512395E-01     0.455825901031494E+01     0.152704818174243E-01
     0.287439763545990E+00     0.179000478237867E-01     0.477013778686523E+01     0.178968906402588E-01
     0.296712011098862E+00     0.207694265991449E-01     0.497711229324341E+01     0.207743775099516E-01
     0.305984258651733E+00     0.238637719303370E-01     0.517649030685425E+01     0.238796863704920E-01
     0.315256506204605E+00     0.270647089928389E-01     0.535751819610596E+01     0.270937513560057E-01
     0.324528753757477E+00     0.306720137596130E-01     0.554936456680298E+01     0.307185221463442E-01
     0.333801001310349E+00     0.345513336360455E-01     0.573796558380127E+01     0.346198864281178E-01
     0.343073248863220E+00     0.385610163211823E-01     0.591204833984375E+01     0.386555977165699E-01
     0.352345496416092E+00     0.428408645093441E-01     0.608368396759033E+01     0.429662838578224E-01
     0.361617743968964E+00     0.474378950893879E-01     0.625608587265015E+01     0.476002059876919E-01
     0.370889991521835E+00     0.521797500550747E-01     0.641724681854248E+01     0.523841977119446E-01
     0.380162239074707E+00     0.571716018021107E-01     0.657493209838867E+01     0.574245043098927E-01
     0.389434486627579E+00     0.624235235154629E-01     0.672989130020142E+01     0.627320855855942E-01
     0.398706763982773E+00     0.679139047861099E-01     0.688088035583496E+01     0.682858228683472E-01
     0.407979011535645E+00     0.737487301230431E-01     0.703396987915039E+01     0.741934850811958E-01
     0.417251259088516E+00     0.796611607074738E-01     0.717463111877441E+01     0.801852345466614E-01
     0.426523506641388E+00     0.860700234770775E-01     0.732527637481689E+01     0.866867229342461E-01
     0.435795754194260E+00     0.925297066569328E-01     0.746290016174316E+01     0.932461768388748E-01
     0.445068001747131E+00     0.991327390074730E-01     0.759321451187134E+01     0.999579131603241E-01
     0.454340249300003E+00     0.106051169335842E+00     0.772451353073120E+01     0.106997191905975E+00
     0.463612496852875E+00     0.113366745412350E+00     0.786043548583984E+01     0.114448674023151E+00
     0.472884744405746E+00     0.120594881474972E+00     0.797946453094482E+01     0.121819250285625E+00
     0.482156991958618E+00     0.128272309899330E+00     0.810568237304688E+01     0.129655689001083E+00
     0.491429239511490E+00     0.136184632778168E+00     0.822941589355469E+01     0.137741491198540E+00
     0.500701487064362E+00     0.144321441650391E+00     0.835081958770752E+01     0.146066397428513E+00
     0.509973764419556E+00     0.152505367994308E+00     0.846299648284912E+01     0.154448613524437E+00
     0.519245982170105E+00     0.161048859357834E+00     0.857859039306641E+01     0.163209825754166E+00
     0.528518259525299E+00     0.169773846864700E+00     0.869049644470215E+01     0.172167643904686E+00
     0.537790477275848E+00     0.178452700376511E+00     0.879147434234619E+01     0.181087628006935E+00
     0.547062754631042E+00     0.187791123986244E+00     0.890623664855957E+01     0.190697997808456E+00
     0.556334972381592E+00     0.196988105773926E+00     0.900687980651855E+01     0.200175493955612E+00
     0.565607249736786E+00     0.206548348069191E+00     0.911139965057373E+01     0.210039228200912E+00
     0.574879527091980E+00     0.216182649135590E+00     0.921001720428467E+01     0.219990864396095E+00
     0.584151744842529E+00     0.226112261414528E+00     0.931011009216309E+01     0.230261147022247E+00
     0.593424022197723E+00     0.236004903912544E+00     0.940135383605957E+01     0.240507528185844E+00
     0.602696239948273E+00     0.246175110340118E+00     0.949411487579346E+01     0.251053422689438E+00
     0.611968517303467E+00     0.256669461727142E+00     0.958749866485596E+01     0.261951893568039E+00
     0.621240735054016E+00     0.266051501035690E+00     0.966972446441650E+01     0.271706074476242E+00
     0.630513012409210E+00     0.273131638765335E+00     0.972764301300049E+01     0.279075205326080E+00
     0.639785230159760E+00     0.281459867954254E+00     0.979791641235352E+01     0.287751823663712E+00
     0.649057507514954E+00     0.288382977247238E+00     0.985671615600586E+01     0.294971615076065E+00
     0.658329725265503E+00     0.293584376573563E+00     0.989638519287109E+01     0.300400048494339E+00
     0.667602002620697E+00     0.299554884433746E+00     0.994167900085449E+01     0.306635022163391E+00
     0.676874220371246E+00     0.306115180253983E+00     0.998436832427979E+01     0.313491761684418E+00
     0.686146497726440E+00     0.313502877950668E+00     0.100383729934692E+02     0.321220487356186E+00
     0.695418775081635E+00     0.321275502443314E+00     0.100933189392090E+02     0.329358935356140E+00
     0.704690992832184E+00     0.329259574413300E+00     0.101462507247925E+02     0.337727636098862E+00
     0.713963270187378E+00     0.337597459554672E+00     0.102013235092163E+02     0.346476286649704E+00
     0.723235487937927E+00     0.346451610326767E+00     0.102628841400146E+02     0.355776160955429E+00
     0.732507765293121E+00     0.354877382516861E+00     0.103077669143677E+02     0.364636123180389E+00
     0.741779983043671E+00     0.364133477210999E+00     0.103676252365112E+02     0.374379843473434E+00
     0.751052260398865E+00     0.373180031776428E+00     0.104166860580444E+02     0.383913815021515E+00
     0.760324478149414E+00     0.382788717746735E+00     0.104748659133911E+02     0.394052624702454E+00
     0.769596755504608E+00     0.392545193433762E+00     0.105311946868896E+02     0.404359072446823E+00
     0.778868973255157E+00     0.402379930019379E+00     0.105846004486084E+02     0.414761692285538E+00
     0.788141250610352E+00     0.412041991949081E+00     0.106292257308960E+02     0.424993366003036E+00
     0.797413527965546E+00     0.422440886497498E+00     0.106871395111084E+02     0.436020195484161E+00
     0.806685745716095E+00     0.432568520307541E+00     0.107340736389160E+02     0.446771979331970E+00
     0.815958023071289E+00     0.443415641784668E+00     0.107938833236694E+02     0.458303421735764E+00
     0.825230240821838E+00     0.454074800014496E+00     0.108449850082397E+02     0.469650536775589E+00
     0.834502518177032E+00     0.464659124612808E+00     0.108906974792480E+02     0.480931818485260E+00
     0.843774735927582E+00     0.475544154644012E+00     0.109393749237061E+02     0.492550522089005E+00
     0.853047013282776E+00     0.486594259738922E+00     0.109884595870972E+02     0.504360318183899E+00
     0.862319231033325E+00     0.497801154851913E+00     0.110373964309692E+02     0.516355335712433E+00
     0.871591508388519E+00     0.508846879005432E+00     0.110796394348145E+02     0.528193712234497E+00
     0.880863726139069E+00     0.520284831523895E+00     0.111271781921387E+02     0.540469527244568E+00
     0.890136003494263E+00     0.532224774360657E+00     0.111824359893799E+02     0.553302645683289E+00
     0.899408221244812E+00     0.543676376342773E+00     0.112244281768799E+02     0.565629422664642E+00
     0.908680498600006E+00     0.555082142353058E+00     0.112660369873047E+02     0.577923774719238E+00
     0.917952775955200E+00     0.566436886787415E+00     0.113100996017456E+02     0.590180635452271E+00
     0.927224993705750E+00     0.578096508979797E+00     0.113575334548950E+02     0.602784514427185E+00
     0.936497271060944E+00     0.589153230190277E+00     0.113897800445557E+02     0.614753961563110E+00
     0.945769488811493E+00     0.601044714450836E+00     0.114367942810059E+02     0.627644836902618E+00
     0.955041766166687E+00     0.612784087657928E+00     0.114783191680908E+02     0.640389978885651E+00
     0.964313983917236E+00     0.624649286270142E+00     0.115203075408936E+02     0.653290390968323E+00
     0.973586261272430E+00     0.636151075363159E+00     0.115526285171509E+02     0.665813803672791E+00
     0.982858479022980E+00     0.648365795612335E+00     0.115972061157227E+02     0.679133951663971E+00
     0.992130756378174E+00     0.660333633422852E+00     0.116350669860840E+02     0.692203640937805E+00
     0.100140297412872E+01     0.672385931015015E+00     0.116732530593872E+02     0.705385684967041E+00
     0.101067519187927E+01     0.684455335140228E+00     0.117083349227905E+02     0.718606650829315E+00
     0.101994752883911E+01     0.696397185325623E+00     0.117414340972900E+02     0.731707036495209E+00
     0.102921974658966E+01     0.708559155464172E+00     0.117767810821533E+02     0.745068907737732E+00
     0.103849196434021E+01     0.720941066741943E+00     0.118155040740967E+02     0.758694052696228E+00
     0.104776430130005E+01     0.731769859790802E+00     0.118428640365601E+02     0.770627140998840E+00
     0.105703651905060E+01     0.740918338298798E+00     0.118736333847046E+02     0.780721485614777E+00
     0.106630873680115E+01     0.750352919101715E+00     0.118949003219604E+02     0.791142880916595E+00
     0.107558095455170E+01     0.760477125644684E+00     0.119215469360352E+02     0.802340507507324E+00
     0.108485329151154E+01     0.771262586116791E+00     0.119563512802124E+02     0.814285099506378E+00
     0.109412550926208E+01     0.779663860797882E+00     0.119705448150635E+02     0.823600471019745E+00
     0.110339772701263E+01     0.789333760738373E+00     0.120003566741943E+02     0.834334254264832E+00
     0.111266994476318E+01     0.799154162406921E+00     0.120250139236450E+02     0.845249712467194E+00
     0.112194228172302E+01     0.809283196926117E+00     0.120528230667114E+02     0.856521785259247E+00
     0.113121449947357E+01     0.819346785545349E+00     0.120771722793579E+02     0.867735505104065E+00
     0.114048671722412E+01     0.829338610172272E+00     0.120955362319946E+02     0.878883302211761E+00
     0.114975905418396E+01     0.840026557445526E+00     0.121256971359253E+02     0.890823841094971E+00
     0.115903127193451E+01     0.850195050239563E+00     0.121441411972046E+02     0.902199625968933E+00
     0.116830348968506E+01     0.860777676105499E+00     0.121677408218384E+02     0.914053976535797E+00
     0.117757570743561E+01     0.871732652187347E+00     0.121968889236450E+02     0.926342546939850E+00
     0.118684804439545E+01     0.882064342498779E+00     0.122135810852051E+02     0.937947928905487E+00
     0.119612026214600E+01     0.892884969711304E+00     0.122363967895508E+02     0.950119137763977E+00
     0.120539247989655E+01     0.904007494449615E+00     0.122636938095093E+02     0.962648212909698E+00
     0.121466469764709E+01     0.914840221405029E+00     0.122868986129761E+02     0.974867761135101E+00
     0.122393703460693E+01     0.924669086933136E+00     0.123069486618042E+02     0.985969483852386E+00
     0.123320925235748E+01     0.934688329696655E+00     0.123265247344971E+02     0.997302472591400E+00
     0.124248147010803E+01     0.944741606712341E+00     0.123461561203003E+02     0.100868690013885E+01
     0.125175380706787E+01     0.954828083515167E+00     0.123621301651001E+02     0.102012550830841E+01
     0.126102602481842E+01     0.965158164501190E+00     0.123832349777222E+02     0.103185486793518E+01
     0.127029824256897E+01     0.975392222404480E+00     0.123982267379761E+02     0.104349243640900E+01
     0.127957046031952E+01     0.985647976398468E+00     0.124142169952393E+02     0.105516982078552E+01
     0.128884279727936E+01     0.996318995952606E+00     0.124371509552002E+02     0.106733644008636E+01
     0.129811501502991E+01     0.100664150714874E+01     0.124519319534302E+02     0.107912278175354E+01
     0.130738723278046E+01     0.101740610599518E+01     0.124746561050415E+02     0.109143090248108E+01
     0.131665945053101E+01     0.102783131599426E+01     0.124887571334839E+02     0.110336816310883E+01
     0.132593178749084E+01     0.103872454166412E+01     0.125113668441772E+02     0.111585903167725E+01
     0.133520400524139E+01     0.104871785640717E+01     0.125194396972656E+02     0.112733399868011E+01
     0.134447622299194E+01     0.105962717533112E+01     0.125394935607910E+02     0.113987886905670E+01
     0.135374844074249E+01     0.107037329673767E+01     0.125584535598755E+02     0.115225386619568E+01
     0.136302077770233E+01     0.108089244365692E+01     0.125728216171265E+02     0.116438531875610E+01
     0.137229299545288E+01     0.109137368202209E+01     0.125870046615601E+02     0.117649018764496E+01
     0.138156521320343E+01     0.110200393199921E+01     0.126021089553833E+02     0.118878471851349E+01
     0.139083755016327E+01     0.111248385906219E+01     0.126154165267944E+02     0.120092356204987E+01
     0.140010976791382E+01     0.112363409996033E+01     0.126392087936401E+02     0.121385717391968E+01
     0.140938198566437E+01     0.113398003578186E+01     0.126506280899048E+02     0.122587609291077E+01
     0.141865420341492E+01     0.114434385299683E+01     0.126619415283203E+02     0.123793280124664E+01
     0.142792654037476E+01     0.115485322475433E+01     0.126738100051880E+02     0.125017666816711E+01
     0.143719875812531E+01     0.116544818878174E+01     0.126884632110596E+02     0.126253879070282E+01
     0.144647097587585E+01     0.117624020576477E+01     0.127061500549316E+02     0.127514898777008E+01
     0.145574319362640E+01     0.118684482574463E+01     0.127216196060181E+02     0.128755927085876E+01
     0.146501553058624E+01     0.119719946384430E+01     0.127316579818726E+02     0.129969441890717E+01
     0.147428774833679E+01     0.120789599418640E+01     0.127481231689453E+02     0.131224954128265E+01
     0.148355996608734E+01     0.121793198585510E+01     0.127544097900391E+02     0.132404601573944E+01
     0.149283230304718E+01     0.122869813442230E+01     0.127713041305542E+02     0.133672010898590E+01
     0.150210452079773E+01     0.123885619640350E+01     0.127797403335571E+02     0.134869587421417E+01
     0.151137673854828E+01     0.124936437606812E+01     0.127943353652954E+02     0.136110281944275E+01
     0.152064895629883E+01     0.125966548919678E+01     0.128061037063599E+02     0.137328314781189E+01
     0.152992129325867E+01     0.126751232147217E+01     0.128103733062744E+02     0.138257372379303E+01
     0.153919351100922E+01     0.127440083026886E+01     0.128181629180908E+02     0.139073789119720E+01
     0.154846572875977E+01     0.128172850608826E+01     0.128242378234863E+02     0.139943218231201E+01
     0.155773794651031E+01     0.128944575786591E+01     0.128327169418335E+02     0.140859830379486E+01
     0.156701028347015E+01     0.129591977596283E+01     0.128392400741577E+02     0.141629564762115E+01
     0.157628250122070E+01     0.130229294300079E+01     0.128448495864868E+02     0.142388045787811E+01
     0.158555471897125E+01     0.130955171585083E+01     0.128576679229736E+02     0.143252754211426E+01
     0.159482705593109E+01     0.131682908535004E+01     0.128655538558960E+02     0.144120609760284E+01
     0.160409927368164E+01     0.132370507717133E+01     0.128649616241455E+02     0.144941461086273E+01
     0.161337149143219E+01     0.133120703697205E+01     0.128725051879883E+02     0.145837998390198E+01
     0.162264370918274E+01     0.133691549301147E+01     0.128766069412231E+02     0.146520853042603E+01
     0.163191604614258E+01     0.134211480617523E+01     0.128848257064819E+02     0.147143316268921E+01
     0.164118826389313E+01     0.134771347045898E+01     0.128918771743774E+02     0.147814118862152E+01
     0.165046048164368E+01     0.135317742824554E+01     0.128933897018433E+02     0.148469316959381E+01
     0.165973269939423E+01     0.135926997661591E+01     0.129023370742798E+02     0.149200558662415E+01
     0.166900503635406E+01     0.136494255065918E+01     0.129029226303101E+02     0.149881947040558E+01
     0.167827725410461E+01     0.137083590030670E+01     0.129043598175049E+02     0.150590515136719E+01
     0.168754947185516E+01     0.137728083133698E+01     0.129138650894165E+02     0.151366066932678E+01
     0.169682180881500E+01     0.138378202915192E+01     0.129226388931274E+02     0.152149260044098E+01
     0.170609402656555E+01     0.138991737365723E+01     0.129256753921509E+02     0.152888989448547E+01
     0.171536624431610E+01     0.139626300334930E+01     0.129303445816040E+02     0.153654861450195E+01
     0.172463846206665E+01     0.140252041816711E+01     0.129336051940918E+02     0.154410767555237E+01
     0.173391079902649E+01     0.140850257873535E+01     0.129312772750854E+02     0.155134129524231E+01
     0.174318301677704E+01     0.141490066051483E+01     0.129364957809448E+02     0.155908524990082E+01
     0.175245523452759E+01     0.142123353481293E+01     0.129393529891968E+02     0.156675803661346E+01
     0.176172745227814E+01     0.142762959003448E+01     0.129423341751099E+02     0.157451486587524E+01
     0.177099978923798E+01     0.143346190452576E+01     0.129506072998047E+02     0.158159458637238E+01
     0.178027200698853E+01     0.143848991394043E+01     0.129539241790771E+02     0.158770334720612E+01
     0.178954422473907E+01     0.144351816177368E+01     0.129536638259888E+02     0.159381735324860E+01
     0.179881644248962E+01     0.144801926612854E+01     0.129595718383789E+02     0.159929430484772E+01
     0.180808877944946E+01     0.145213329792023E+01     0.129572420120239E+02     0.160430335998535E+01
     0.181736099720001E+01     0.145697021484375E+01     0.129623489379883E+02     0.161019754409790E+01
     0.182663321495056E+01     0.146167588233948E+01     0.129629335403442E+02     0.161593532562256E+01
     0.183590555191040E+01     0.146672058105469E+01     0.129664011001587E+02     0.162209200859070E+01
     0.184517776966095E+01     0.147165548801422E+01     0.129678525924683E+02     0.162811911106110E+01
     0.185444998741150E+01     0.147689044475555E+01     0.129723310470581E+02     0.163451826572418E+01
     0.186372220516205E+01     0.148167836666107E+01     0.129689979553223E+02     0.164037513732910E+01
     0.187299454212189E+01     0.148657572269440E+01     0.129670372009277E+02     0.164637088775635E+01
     0.188226675987244E+01     0.149226355552673E+01     0.129768419265747E+02     0.165334057807922E+01
     0.189153897762299E+01     0.149720668792725E+01     0.129738769531250E+02     0.165940272808075E+01
     0.190081119537354E+01     0.150256228446960E+01     0.129782476425171E+02     0.166597592830658E+01
     0.191008353233337E+01     0.150755941867828E+01     0.129749240875244E+02     0.167211520671844E+01
     0.191935575008392E+01     0.151321160793304E+01     0.129824829101562E+02     0.167906486988068E+01
     0.192862796783447E+01     0.151842629909515E+01     0.129835519790649E+02     0.168548214435577E+01
     0.193790030479431E+01     0.152297472953796E+01     0.129750270843506E+02     0.169108414649963E+01
     0.194717252254486E+01     0.152734327316284E+01     0.129781293869019E+02     0.169646847248077E+01
     0.195644474029541E+01     0.153202688694000E+01     0.129827384948730E+02     0.170224595069885E+01
     0.196571695804596E+01     0.153653824329376E+01     0.129827871322632E+02     0.170781481266022E+01
     0.197498929500580E+01     0.154129946231842E+01     0.129864606857300E+02     0.171369719505310E+01
     0.198426151275635E+01     0.154558598995209E+01     0.129805135726929E+02     0.171899628639221E+01
     0.199353373050690E+01     0.155025303363800E+01     0.129806747436523E+02     0.172477090358734E+01
     0.200280594825745E+01     0.155507636070251E+01     0.129824142456055E+02     0.173074364662170E+01
     0.201207828521729E+01     0.155976355075836E+01     0.129819583892822E+02     0.173655211925507E+01
     0.202135038375854E+01     0.156477558612823E+01     0.129856758117676E+02     0.174276912212372E+01
     0.203062272071838E+01     0.156956315040588E+01     0.129863615036011E+02     0.174871206283569E+01
     0.203989505767822E+01     0.157393884658813E+01     0.129797363281250E+02     0.175414800643921E+01
     0.204916715621948E+01     0.157793390750885E+01     0.129794301986694E+02     0.175911486148834E+01
     0.205843949317932E+01     0.158180677890778E+01     0.129766607284546E+02     0.176393306255341E+01
     0.206771183013916E+01     0.158639800548553E+01     0.129835863113403E+02     0.176964938640594E+01
     0.207698392868042E+01     0.159065198898315E+01     0.129837837219238E+02     0.177494978904724E+01
     0.208625626564026E+01     0.159448504447937E+01     0.129765367507935E+02     0.177972877025604E+01
     0.209552860260010E+01     0.159907758235931E+01     0.129804048538208E+02     0.178545928001404E+01
     0.210480070114136E+01     0.160344839096069E+01     0.129809837341309E+02     0.179091739654541E+01
     0.211407303810120E+01     0.160746991634369E+01     0.129748144149780E+02     0.179594290256500E+01
     0.212334513664246E+01     0.161174678802490E+01     0.129728803634644E+02     0.180129158496857E+01
     0.213261747360229E+01     0.161544299125671E+01     0.129698848724365E+02     0.180591714382172E+01
     0.214188981056213E+01     0.161897706985474E+01     0.129703302383423E+02     0.181034302711487E+01
     0.215116190910339E+01     0.162289369106293E+01     0.129744491577148E+02     0.181525135040283E+01
     0.216043424606323E+01     0.162644386291504E+01     0.129724454879761E+02     0.181970334053040E+01
     0.216970658302307E+01     0.163024294376373E+01     0.129742460250854E+02     0.182447063922882E+01
     0.217897868156433E+01     0.163350296020508E+01     0.129681873321533E+02     0.182856345176697E+01
     0.218825101852417E+01     0.163727176189423E+01     0.129691629409790E+02     0.183329904079437E+01
     0.219752335548401E+01     0.164076364040375E+01     0.129673433303833E+02     0.183768892288208E+01
     0.220679545402527E+01     0.164410054683685E+01     0.129623889923096E+02     0.184188652038574E+01
     0.221606779098511E+01     0.164740467071533E+01     0.129576911926270E+02     0.184604573249817E+01
     0.222533988952637E+01     0.165107715129852E+01     0.129589767456055E+02     0.185067152976990E+01
     0.223461222648621E+01     0.165466201305389E+01     0.129593200683594E+02     0.185519003868103E+01
     0.224388456344604E+01     0.165831291675568E+01     0.129608297348022E+02     0.185979557037354E+01
     0.225315666198730E+01     0.166160976886749E+01     0.129571580886841E+02     0.186395597457886E+01
     0.226242899894714E+01     0.166479229927063E+01     0.129525251388550E+02     0.186797463893890E+01
     0.227170133590698E+01     0.166810262203217E+01     0.129496593475342E+02     0.187215781211853E+01
     0.228097343444824E+01     0.167169201374054E+01     0.129518651962280E+02     0.187669646739960E+01
     0.229024577140808E+01     0.167508494853973E+01     0.129510211944580E+02     0.188098967075348E+01
     0.229951810836792E+01     0.167840111255646E+01     0.129499387741089E+02     0.188518822193146E+01
     0.230879020690918E+01     0.168133735656738E+01     0.129424257278442E+02     0.188890731334686E+01
     0.231806254386902E+01     0.168435978889465E+01     0.129375076293945E+02     0.189273774623871E+01
     0.232733464241028E+01     0.168750309944153E+01     0.129345159530640E+02     0.189672446250916E+01
     0.233660697937012E+01     0.169102311134338E+01     0.129376888275146E+02     0.190119206905365E+01
     0.234587931632996E+01     0.169406211376190E+01     0.129335775375366E+02     0.190505087375641E+01
     0.235515141487122E+01     0.169739377498627E+01     0.129346818923950E+02     0.190928447246552E+01
     0.236442375183105E+01     0.170034170150757E+01     0.129302368164062E+02     0.191303229331970E+01
     0.237369608879089E+01     0.170332801342010E+01     0.129263725280762E+02     0.191683089733124E+01
     0.238296818733215E+01     0.170647466182709E+01     0.129257373809814E+02     0.192083656787872E+01
     0.239224052429199E+01     0.170935595035553E+01     0.129229164123535E+02     0.192450606822968E+01
     0.240151286125183E+01     0.171156716346741E+01     0.129182863235474E+02     0.192732346057892E+01
     0.241078495979309E+01     0.171421015262604E+01     0.129183502197266E+02     0.193069303035736E+01
     0.242005729675293E+01     0.171689236164093E+01     0.129180450439453E+02     0.193411445617676E+01
     0.242932939529419E+01     0.171941125392914E+01     0.129144630432129E+02     0.193732869625092E+01
     0.243860173225403E+01     0.172228801250458E+01     0.129162387847900E+02     0.194100284576416E+01
     0.244787406921387E+01     0.172446620464325E+01     0.129068250656128E+02     0.194378399848938E+01
     0.245714616775513E+01     0.172700583934784E+01     0.129027738571167E+02     0.194702970981598E+01
     0.246641850471497E+01     0.172966039180756E+01     0.129008207321167E+02     0.195042407512665E+01
     0.247569084167480E+01     0.173233413696289E+01     0.128991899490356E+02     0.195384490489960E+01
     0.248496294021606E+01     0.173489356040955E+01     0.128960390090942E+02     0.195712077617645E+01
     0.249423527717590E+01     0.173729670047760E+01     0.128906364440918E+02     0.196019816398621E+01
     0.250350761413574E+01     0.174024045467377E+01     0.128932380676270E+02     0.196397101879120E+01
     0.251277971267700E+01     0.174261772632599E+01     0.128875589370728E+02     0.196701824665070E+01
     0.252205204963684E+01     0.174516844749451E+01     0.128846483230591E+02     0.197028994560242E+01
     0.253132414817810E+01     0.174771308898926E+01     0.128821697235107E+02     0.197355544567108E+01
     0.254059648513794E+01     0.175005090236664E+01     0.128764505386353E+02     0.197655677795410E+01
     0.254986882209778E+01     0.175305545330048E+01     0.128813800811768E+02     0.198041796684265E+01
     0.255914092063904E+01     0.175521981716156E+01     0.128729925155640E+02     0.198319888114929E+01
     0.256841325759888E+01     0.175792324542999E+01     0.128737688064575E+02     0.198667597770691E+01
     0.257768559455872E+01     0.175996267795563E+01     0.128640947341919E+02     0.198929858207703E+01
     0.258695769309998E+01     0.176262688636780E+01     0.128642196655273E+02     0.199272847175598E+01
     0.259623003005981E+01     0.176533603668213E+01     0.128655805587769E+02     0.199621868133545E+01
     0.260550236701965E+01     0.176750361919403E+01     0.128586320877075E+02     0.199901080131531E+01
     0.261477446556091E+01     0.177001309394836E+01     0.128573827743530E+02     0.200224637985229E+01
     0.262404680252075E+01     0.177242064476013E+01     0.128547525405884E+02     0.200535178184509E+01
     0.263331890106201E+01     0.177468132972717E+01     0.128495616912842E+02     0.200826859474182E+01
     0.264259123802185E+01     0.177704942226410E+01     0.128469238281250E+02     0.201132607460022E+01
     0.265186357498169E+01     0.177910840511322E+01     0.128390550613403E+02     0.201398468017578E+01
     0.266113567352295E+01     0.178140461444855E+01     0.128353157043457E+02     0.201695156097412E+01
     0.267040801048279E+01     0.178415095806122E+01     0.128391838073730E+02     0.202050447463989E+01
     0.267968034744263E+01     0.178631651401520E+01     0.128339366912842E+02     0.202330517768860E+01
     0.268895244598389E+01     0.178812015056610E+01     0.128234319686890E+02     0.202563738822937E+01
     0.269822478294373E+01     0.179070627689362E+01     0.128252029418945E+02     0.202898716926575E+01
     0.270749688148499E+01     0.179285824298859E+01     0.128202886581421E+02     0.203177452087402E+01
     0.271676921844482E+01     0.179536342620850E+01     0.128212442398071E+02     0.203502249717712E+01
     0.272604155540466E+01     0.179754137992859E+01     0.128176565170288E+02     0.203784656524658E+01
     0.273531365394592E+01     0.179915201663971E+01     0.128047399520874E+02     0.203993320465088E+01
     0.274458599090576E+01     0.180157005786896E+01     0.128050603866577E+02     0.204307222366333E+01
     0.275385832786560E+01     0.180345451831818E+01     0.127988882064819E+02     0.204551815986633E+01
     0.276313042640686E+01     0.180598020553589E+01     0.128033914566040E+02     0.204880166053772E+01
     0.277240276336670E+01     0.180757975578308E+01     0.127929515838623E+02     0.205087780952454E+01
     0.278167510032654E+01     0.180994343757629E+01     0.127951946258545E+02     0.205395269393921E+01
     0.279094719886780E+01     0.181180393695831E+01     0.127888832092285E+02     0.205637168884277E+01
     0.280021953582764E+01     0.181349849700928E+01     0.127803630828857E+02     0.205857515335083E+01
     0.280949163436890E+01     0.181593239307404E+01     0.127837038040161E+02     0.206174588203430E+01
     0.281876397132874E+01     0.181773245334625E+01     0.127770824432373E+02     0.206408905982971E+01
     0.282803630828857E+01     0.181941699981689E+01     0.127690801620483E+02     0.206628227233887E+01
     0.283730840682983E+01     0.182132780551910E+01     0.127643413543701E+02     0.206877255439758E+01
     0.284658074378967E+01     0.182373631000519E+01     0.127678804397583E+02     0.207191562652588E+01
     0.285585308074951E+01     0.182573139667511E+01     0.127652292251587E+02     0.207451891899109E+01
     0.286512517929077E+01     0.182717657089233E+01     0.127535800933838E+02     0.207640218734741E+01
     0.287439751625061E+01     0.182914638519287E+01     0.127515754699707E+02     0.207897448539734E+01
     0.288366985321045E+01     0.183073961734772E+01     0.127452783584595E+02     0.208105444908142E+01
     0.289294195175171E+01     0.183301484584808E+01     0.127497501373291E+02     0.208403062820435E+01
     0.290221428871155E+01     0.183472990989685E+01     0.127448167800903E+02     0.208627200126648E+01
     0.291148638725281E+01     0.183642756938934E+01     0.127398357391357E+02     0.208849167823792E+01
     0.292075872421265E+01     0.183810234069824E+01     0.127343635559082E+02     0.209068202972412E+01
     0.293003106117249E+01     0.183966624736786E+01     0.127275133132935E+02     0.209272718429565E+01
     0.293930315971375E+01     0.184161019325256E+01     0.127266130447388E+02     0.209527325630188E+01
     0.294857549667358E+01     0.184320259094238E+01     0.127200059890747E+02     0.209735798835754E+01
     0.295784783363342E+01     0.184527301788330E+01     0.127213659286499E+02     0.210007286071777E+01
     0.296711993217468E+01     0.184710848331451E+01     0.127192859649658E+02     0.210247969627380E+01
     0.297639226913452E+01     0.184862172603607E+01     0.127117776870728E+02     0.210446238517761E+01
     0.298566460609436E+01     0.185034060478210E+01     0.127080020904541E+02     0.210671710968018E+01
     0.299493670463562E+01     0.185204958915710E+01     0.127039937973022E+02     0.210895991325378E+01
     0.300420904159546E+01     0.185370135307312E+01     0.126993389129639E+02     0.211112809181213E+01
     0.301348114013672E+01     0.185537040233612E+01     0.126950969696045E+02     0.211331987380981E+01
     0.302275347709656E+01     0.185696399211884E+01     0.126899061203003E+02     0.211541295051575E+01
     0.303202581405640E+01     0.185873448848724E+01     0.126877546310425E+02     0.211774063110352E+01
     0.304129791259766E+01     0.186011230945587E+01     0.126791048049927E+02     0.211954998970032E+01
     0.305057024955750E+01     0.186176908016205E+01     0.126755075454712E+02     0.212172913551331E+01
     0.305984258651733E+01     0.186346721649170E+01     0.126723108291626E+02     0.212396359443665E+01
     0.306911468505859E+01     0.186521244049072E+01     0.126705112457275E+02     0.212626194953918E+01
     0.307838702201843E+01     0.186655831336975E+01     0.126622610092163E+02     0.212803173065186E+01
     0.308765935897827E+01     0.186821806430817E+01     0.126590070724487E+02     0.213021826744080E+01
     0.309693145751953E+01     0.186963820457458E+01     0.126523208618164E+02     0.213208818435669E+01
     0.310620379447937E+01     0.187114393711090E+01     0.126472444534302E+02     0.213407230377197E+01
     0.311547589302063E+01     0.187292647361755E+01     0.126463775634766E+02     0.213642430305481E+01
     0.312474822998047E+01     0.187434566020966E+01     0.126401491165161E+02     0.213829517364502E+01
     0.313402056694031E+01     0.187635779380798E+01     0.126438922882080E+02     0.214095473289490E+01
     0.314329266548157E+01     0.187729549407959E+01     0.126299657821655E+02     0.214218711853027E+01
     0.315256500244141E+01     0.187938511371613E+01     0.126350107192993E+02     0.214495158195496E+01
     0.316183733940125E+01     0.188090503215790E+01     0.126311254501343E+02     0.214695954322815E+01
     0.317110943794250E+01     0.188236749172211E+01     0.126261987686157E+02     0.214889192581177E+01
     0.318038177490234E+01     0.188388311862946E+01     0.126224775314331E+02     0.215089559555054E+01
     0.318965411186218E+01     0.188490533828735E+01     0.126108675003052E+02     0.215224289894104E+01
     0.319892621040344E+01     0.188630056381226E+01     0.126066102981567E+02     0.215408802032471E+01
     0.320819854736328E+01     0.188789439201355E+01     0.126058712005615E+02     0.215619897842407E+01
     0.321747064590454E+01     0.188927531242371E+01     0.126014823913574E+02     0.215802669525146E+01
     0.322674298286438E+01     0.189058792591095E+01     0.125962591171265E+02     0.215976405143738E+01
     0.323601531982422E+01     0.189190101623535E+01     0.125910129547119E+02     0.216150212287903E+01
     0.324528741836548E+01     0.189305019378662E+01     0.125830640792847E+02     0.216302251815796E+01
     0.325455975532532E+01     0.189442515373230E+01     0.125789346694946E+02     0.216484451293945E+01
     0.326383209228516E+01     0.189598989486694E+01     0.125780963897705E+02     0.216692090034485E+01
     0.327310419082642E+01     0.189737844467163E+01     0.125744791030884E+02     0.216876268386841E+01
     0.328237652778625E+01     0.189869654178619E+01     0.125697908401489E+02     0.217051100730896E+01
     0.329164886474609E+01     0.189979052543640E+01     0.125618371963501E+02     0.217195987701416E+01
     0.330092096328735E+01     0.190112340450287E+01     0.125576515197754E+02     0.217372918128967E+01
     0.331019330024719E+01     0.190250444412231E+01     0.125543451309204E+02     0.217556333541870E+01
     0.331946539878845E+01     0.190425920486450E+01     0.125574817657471E+02     0.217789959907532E+01
     0.332873773574829E+01     0.190528202056885E+01     0.125485401153564E+02     0.217925500869751E+01
     0.333801007270813E+01     0.190643620491028E+01     0.125420627593994E+02     0.218078732490540E+01
     0.334728217124939E+01     0.190765297412872E+01     0.125367708206177E+02     0.218240404129028E+01
     0.335655450820923E+01     0.190885221958160E+01     0.125313501358032E+02     0.218399786949158E+01
     0.336582684516907E+01     0.191061198711395E+01     0.125353164672852E+02     0.218634533882141E+01
     0.337509894371033E+01     0.191183519363403E+01     0.125305891036987E+02     0.218797254562378E+01
     0.338437128067017E+01     0.191290950775146E+01     0.125233888626099E+02     0.218940019607544E+01
     0.339364361763000E+01     0.191416680812836E+01     0.125194931030273E+02     0.219107460975647E+01
     0.340291571617126E+01     0.191513180732727E+01     0.125107192993164E+02     0.219235634803772E+01
     0.341218805313110E+01     0.191659414768219E+01     0.125105552673340E+02     0.219430756568909E+01
     0.342146015167236E+01     0.191760909557343E+01     0.125028028488159E+02     0.219565725326538E+01
     0.343073248863220E+01     0.191893410682678E+01     0.125006103515625E+02     0.219742512702942E+01
     0.344000482559204E+01     0.192027378082275E+01     0.124989557266235E+02     0.219921374320984E+01
     0.344927692413330E+01     0.192136168479919E+01     0.124928197860718E+02     0.220066332817078E+01
     0.345854926109314E+01     0.192257046699524E+01     0.124891405105591E+02     0.220227646827698E+01
     0.346782159805298E+01     0.192376148700714E+01     0.124851474761963E+02     0.220386624336243E+01
     0.347709369659424E+01     0.192438697814941E+01     0.124721908569336E+02     0.220469331741333E+01
     0.348636603355408E+01     0.192549967765808E+01     0.124671392440796E+02     0.220617842674255E+01
     0.349563813209534E+01     0.192715215682983E+01     0.124713573455811E+02     0.220839285850525E+01
     0.350491046905518E+01     0.192776918411255E+01     0.124583511352539E+02     0.220920944213867E+01
     0.351418280601501E+01     0.192902839183807E+01     0.124561491012573E+02     0.221089363098145E+01
     0.352345490455627E+01     0.193007922172546E+01     0.124508390426636E+02     0.221229720115662E+01
     0.353272724151611E+01     0.193133819103241E+01     0.124488229751587E+02     0.221398258209229E+01
     0.354199957847595E+01     0.193238592147827E+01     0.124437885284424E+02     0.221538281440735E+01
     0.355127167701721E+01     0.193326878547668E+01     0.124359397888184E+02     0.221656060218811E+01
     0.356054401397705E+01     0.193431961536407E+01     0.124315433502197E+02     0.221796607971191E+01
     0.356981635093689E+01     0.193561339378357E+01     0.124316825866699E+02     0.221970176696777E+01
     0.357908844947815E+01     0.193669927120209E+01     0.124283132553101E+02     0.222115635871887E+01
     0.358836078643799E+01     0.193778705596924E+01     0.124251546859741E+02     0.222261381149292E+01
     0.359763288497925E+01     0.193893420696259E+01     0.124229993820190E+02     0.222415256500244E+01
     0.360690522193909E+01     0.193953430652618E+01     0.124115629196167E+02     0.222494912147522E+01
     0.361617755889893E+01     0.194079530239105E+01     0.124114885330200E+02     0.222664308547974E+01
     0.362544965744019E+01     0.194169950485229E+01     0.124055223464966E+02     0.222785305976868E+01
     0.363472199440002E+01     0.194233310222626E+01     0.123953065872192E+02     0.222869610786438E+01
     0.364399433135986E+01     0.194370889663696E+01     0.123971157073975E+02     0.223054742813110E+01
     0.365326642990112E+01     0.194465541839600E+01     0.123923273086548E+02     0.223181605339050E+01
     0.366253876686096E+01     0.194575262069702E+01     0.123899574279785E+02     0.223329019546509E+01
     0.367181110382080E+01     0.194634926319122E+01     0.123792247772217E+02     0.223408365249634E+01
     0.368108320236206E+01     0.194732582569122E+01     0.123751239776611E+02     0.223539447784424E+01
     0.369035553932190E+01     0.194842958450317E+01     0.123732624053955E+02     0.223687863349915E+01
     0.369962763786316E+01     0.194937777519226E+01     0.123689107894897E+02     0.223815178871155E+01
     0.370889997482300E+01     0.195049583911896E+01     0.123674249649048E+02     0.223965668678284E+01
     0.371817231178284E+01     0.195103800296783E+01     0.123565530776978E+02     0.224037718772888E+01
     0.372744441032410E+01     0.195221912860870E+01     0.123563470840454E+02     0.224196887016296E+01
     0.373671674728394E+01     0.195327246189117E+01     0.123542852401733E+02     0.224338698387146E+01
     0.374598908424377E+01     0.195369601249695E+01     0.123422546386719E+02     0.224394702911377E+01
     0.375526118278503E+01     0.195469272136688E+01     0.123400964736938E+02     0.224528932571411E+01
     0.376453351974487E+01     0.195574390888214E+01     0.123387136459351E+02     0.224670600891113E+01
     0.377380585670471E+01     0.195630168914795E+01     0.123294515609741E+02     0.224744987487793E+01
     0.378307795524597E+01     0.195753335952759E+01     0.123312425613403E+02     0.224911427497864E+01
     0.379235029220581E+01     0.195834004878998E+01     0.123260297775269E+02     0.225019812583923E+01
     0.380162239074707E+01     0.195887053012848E+01     0.123162984848022E+02     0.225090527534485E+01
     0.381089472770691E+01     0.195968043804169E+01     0.123114156723022E+02     0.225199413299561E+01
     0.382016706466675E+01     0.196091485023499E+01     0.123137035369873E+02     0.225366425514221E+01
     0.382943916320801E+01     0.196187245845795E+01     0.123114614486694E+02     0.225495648384094E+01
     0.383871150016785E+01     0.196262300014496E+01     0.123057756423950E+02     0.225596523284912E+01
     0.384798383712769E+01     0.196297740936279E+01     0.122934761047363E+02     0.225643181800842E+01
     0.385725593566895E+01     0.196397495269775E+01     0.122921400070190E+02     0.225777959823608E+01
     0.386652827262878E+01     0.196511161327362E+01     0.122933111190796E+02     0.225931835174561E+01
     0.387580060958862E+01     0.196572482585907E+01     0.122857465744019E+02     0.226014018058777E+01
     0.388507270812988E+01     0.196626245975494E+01     0.122769546508789E+02     0.226085877418518E+01
     0.389434504508972E+01     0.196719956398010E+01     0.122749395370483E+02     0.226212501525879E+01
     0.390361714363098E+01     0.196818065643311E+01     0.122739000320435E+02     0.226345252990723E+01
     0.391288948059082E+01     0.196861064434052E+01     0.122635860443115E+02     0.226402354240417E+01
     0.392216181755066E+01     0.196929943561554E+01     0.122579307556152E+02     0.226495051383972E+01
     0.393143391609192E+01     0.197030079364777E+01     0.122578191757202E+02     0.226630711555481E+01
     0.394070625305176E+01     0.197098374366760E+01     0.122524127960205E+02     0.226722669601440E+01
     0.394997859001160E+01     0.197163856029510E+01     0.122468814849854E+02     0.226810812950134E+01
     0.395925068855286E+01     0.197275745868683E+01     0.122494106292725E+02     0.226962804794312E+01
     0.396852302551270E+01     0.197314047813416E+01     0.122392673492432E+02     0.227013611793518E+01
     0.397779536247253E+01     0.197382569313049E+01     0.122347755432129E+02     0.227106046676636E+01
     0.398706746101379E+01     0.197446739673615E+01     0.122294569015503E+02     0.227192497253418E+01
     0.399633979797363E+01     0.197558844089508E+01     0.122326936721802E+02     0.227344989776611E+01
     0.400561189651489E+01     0.197585785388947E+01     0.122213945388794E+02     0.227380228042603E+01
     0.401488447189331E+01     0.197658431529999E+01     0.122179279327393E+02     0.227478456497192E+01
     0.402415657043457E+01     0.197712159156799E+01     0.122115945816040E+02     0.227550673484802E+01
     0.403342866897583E+01     0.197776210308075E+01     0.122069559097290E+02     0.227637100219727E+01
     0.404270076751709E+01     0.197843241691589E+01     0.122031087875366E+02     0.227727675437927E+01
     0.405197334289551E+01     0.197916471958160E+01     0.122001638412476E+02     0.227826809883118E+01
     0.406124544143677E+01     0.197974145412445E+01     0.121949434280396E+02     0.227904534339905E+01
     0.407051753997803E+01     0.198031866550446E+01     0.121898317337036E+02     0.227982354164124E+01
     0.407979011535645E+01     0.198104190826416E+01     0.121873321533203E+02     0.228080344200134E+01
     0.408906221389771E+01     0.198163151741028E+01     0.121825656890869E+02     0.228159928321838E+01
     0.409833431243896E+01     0.198230957984924E+01     0.121795110702515E+02     0.228251743316650E+01
     0.410760688781738E+01     0.198280894756317E+01     0.121735773086548E+02     0.228318929672241E+01
     0.411687898635864E+01     0.198355376720428E+01     0.121717882156372E+02     0.228420019149780E+01
     0.412615108489990E+01     0.198431992530823E+01     0.121705732345581E+02     0.228524088859558E+01
     0.413542366027832E+01     0.198500335216522E+01     0.121680946350098E+02     0.228616786003113E+01
     0.414469575881958E+01     0.198543190956116E+01     0.121612434387207E+02     0.228674244880676E+01
     0.415396785736084E+01     0.198582220077515E+01     0.121539554595947E+02     0.228726434707642E+01
     0.416324043273926E+01     0.198673045635223E+01     0.121556310653687E+02     0.228850317001343E+01
     0.417251253128052E+01     0.198724734783173E+01     0.121506748199463E+02     0.228920054435730E+01
     0.418178462982178E+01     0.198765516281128E+01     0.121437015533447E+02     0.228974676132202E+01
     0.419105720520020E+01     0.198831212520599E+01     0.121415452957153E+02     0.229063868522644E+01
     0.420032930374146E+01     0.198886370658875E+01     0.121375131607056E+02     0.229138493537903E+01
     0.420960140228271E+01     0.198952221870422E+01     0.121354093551636E+02     0.229227948188782E+01
     0.421887397766113E+01     0.199012851715088E+01     0.121326780319214E+02     0.229310226440430E+01
     0.422814607620239E+01     0.199038612842560E+01     0.121236753463745E+02     0.229344105720520E+01
     0.423741817474365E+01     0.199111557006836E+01     0.121230945587158E+02     0.229443478584290E+01
     0.424669027328491E+01     0.199171781539917E+01     0.121206598281860E+02     0.229525256156921E+01
     0.425596284866333E+01     0.199227118492126E+01     0.121170845031738E+02     0.229600238800049E+01
     0.426523494720459E+01     0.199278759956360E+01     0.121133718490601E+02     0.229670166969299E+01
     0.427450704574585E+01     0.199331629276276E+01     0.121095647811890E+02     0.229741764068604E+01
     0.428377962112427E+01     0.199366390705109E+01     0.121029634475708E+02     0.229788255691528E+01
     0.429305171966553E+01     0.199387180805206E+01     0.120939903259277E+02     0.229815316200256E+01
     0.430232381820679E+01     0.199441456794739E+01     0.120907897949219E+02     0.229888939857483E+01
     0.431159639358521E+01     0.199514698982239E+01     0.120910406112671E+02     0.229988956451416E+01
     0.432086849212646E+01     0.199563300609589E+01     0.120875205993652E+02     0.230054783821106E+01
     0.433014059066772E+01     0.199584686756134E+01     0.120789346694946E+02     0.230082726478577E+01
     0.433941316604614E+01     0.199652564525604E+01     0.120787401199341E+02     0.230175375938416E+01
     0.434868526458740E+01     0.199704802036285E+01     0.120758962631226E+02     0.230246305465698E+01
     0.435795736312866E+01     0.199757158756256E+01     0.120729742050171E+02     0.230317378044128E+01
     0.436722993850708E+01     0.199772262573242E+01     0.120638265609741E+02     0.230336642265320E+01
     0.437650203704834E+01     0.199814498424530E+01     0.120596370697021E+02     0.230393719673157E+01
     0.438577413558960E+01     0.199884438514709E+01     0.120605545043945E+02     0.230489397048950E+01
     0.439504671096802E+01     0.199924981594086E+01     0.120555295944214E+02     0.230544042587280E+01
     0.440431880950928E+01     0.199985110759735E+01     0.120546302795410E+02     0.230626106262207E+01
     0.441359090805054E+01     0.200034332275391E+01     0.120514945983887E+02     0.230692911148071E+01
     0.442286348342896E+01     0.200068926811218E+01     0.120461778640747E+02     0.230739355087280E+01
     0.443213558197021E+01     0.200098276138306E+01     0.120396680831909E+02     0.230778455734253E+01
     0.444140768051147E+01     0.200146245956421E+01     0.120368471145630E+02     0.230843615531921E+01
     0.445067977905273E+01     0.200150322914124E+01     0.120263671875000E+02     0.230847525596619E+01
     0.445995235443115E+01     0.200224781036377E+01     0.120280179977417E+02     0.230949616432190E+01
     0.446922445297241E+01     0.200255560874939E+01     0.120225496292114E+02     0.230990839004517E+01
     0.447849655151367E+01     0.200288367271423E+01     0.120171184539795E+02     0.231034827232361E+01
     0.448776912689209E+01     0.200350046157837E+01     0.120176067352295E+02     0.231119275093079E+01
     0.449704122543335E+01     0.200366854667664E+01     0.120099525451660E+02     0.231141042709351E+01
     0.450631332397461E+01     0.200442123413086E+01     0.120129146575928E+02     0.231244516372681E+01
     0.451558589935303E+01     0.200441789627075E+01     0.120025806427002E+02     0.231242346763611E+01
     0.452485799789429E+01     0.200470137596130E+01     0.119968252182007E+02     0.231280159950256E+01
     0.453413009643555E+01     0.200521445274353E+01     0.119950819015503E+02     0.231350111961365E+01
     0.454340267181396E+01     0.200586533546448E+01     0.119961671829224E+02     0.231439423561096E+01
     0.455267477035522E+01     0.200589942932129E+01     0.119861822128296E+02     0.231442356109619E+01
     0.456194686889648E+01     0.200650930404663E+01     0.119864540100098E+02     0.231525921821594E+01
     0.457121944427490E+01     0.200699758529663E+01     0.119846343994141E+02     0.231592512130737E+01
     0.458049154281616E+01     0.200737237930298E+01     0.119810113906860E+02     0.231643199920654E+01
     0.458976364135742E+01     0.200751042366028E+01     0.119728517532349E+02     0.231660676002502E+01
     0.459903621673584E+01     0.200816202163696E+01     0.119744110107422E+02     0.231750202178955E+01
     0.460830831527710E+01     0.200811409950256E+01     0.119633846282959E+02     0.231741666793823E+01
     0.461758041381836E+01     0.200848150253296E+01     0.119598360061646E+02     0.231791400909424E+01
     0.462685251235962E+01     0.200889277458191E+01     0.119569873809814E+02     0.231847214698792E+01
     0.463612508773804E+01     0.200918626785278E+01     0.119523897171021E+02     0.231886601448059E+01
     0.464539718627930E+01     0.200993990898132E+01     0.119559059143066E+02     0.231990528106689E+01
     0.465466928482056E+01     0.201016879081726E+01     0.119502296447754E+02     0.232020854949951E+01
     0.466394186019897E+01     0.201021671295166E+01     0.119411506652832E+02     0.232025742530823E+01
     0.467321395874023E+01     0.201047849655151E+01     0.119362401962280E+02     0.232060718536377E+01
     0.468248605728149E+01     0.201122903823853E+01     0.119401702880859E+02     0.232164335250854E+01
     0.469175863265991E+01     0.201127743721008E+01     0.119312562942505E+02     0.232169318199158E+01
     0.470103073120117E+01     0.201174831390381E+01     0.119302158355713E+02     0.232233691215515E+01
     0.471030282974243E+01     0.201192855834961E+01     0.119239625930786E+02     0.232257199287415E+01
     0.471957540512085E+01     0.201238131523132E+01     0.119229106903076E+02     0.232319140434265E+01
     0.472884750366211E+01     0.201252818107605E+01     0.119161453247070E+02     0.232337951660156E+01
     0.473811960220337E+01     0.201288533210754E+01     0.119133653640747E+02     0.232386398315430E+01
     0.474739217758179E+01     0.201329803466797E+01     0.119117908477783E+02     0.232442712783813E+01
     0.475666427612305E+01     0.201325130462646E+01     0.119018831253052E+02     0.232434344291687E+01
     0.476593637466431E+01     0.201389360427856E+01     0.119043397903442E+02     0.232522964477539E+01
     0.477520895004272E+01     0.201411843299866E+01     0.118994245529175E+02     0.232552838325500E+01
     0.478448104858398E+01     0.201453781127930E+01     0.118980607986450E+02     0.232610082626343E+01
     0.479375314712524E+01     0.201470065116882E+01     0.118921270370483E+02     0.232631254196167E+01
     0.480302572250366E+01     0.201498031616211E+01     0.118884239196777E+02     0.232668876647949E+01
     0.481229782104492E+01     0.201525926589966E+01     0.118847751617432E+02     0.232706427574158E+01
     0.482156991958618E+01     0.201532292366028E+01     0.118772706985474E+02     0.232713627815247E+01
     0.483084201812744E+01     0.201545000076294E+01     0.118711662292480E+02     0.232729816436768E+01
     0.484011459350586E+01     0.201615285873413E+01     0.118752250671387E+02     0.232827138900757E+01
     0.484938669204712E+01     0.201647830009460E+01     0.118725843429565E+02     0.232871246337891E+01
     0.485865879058838E+01     0.201650333404541E+01     0.118646173477173E+02     0.232873034477234E+01
     0.486793136596680E+01     0.201696681976318E+01     0.118647441864014E+02     0.232936668395996E+01
     0.487720346450806E+01     0.201715087890625E+01     0.118596735000610E+02     0.232960891723633E+01
     0.488647556304932E+01     0.201742577552795E+01     0.118565340042114E+02     0.232997965812683E+01
     0.489574813842773E+01     0.201745104789734E+01     0.118487110137939E+02     0.232999753952026E+01
     0.490502023696899E+01     0.201772165298462E+01     0.118454284667969E+02     0.233036208152771E+01
     0.491429233551025E+01     0.201814007759094E+01     0.118450374603271E+02     0.233093571662903E+01
     0.492356491088867E+01     0.201837897300720E+01     0.118413143157959E+02     0.233125543594360E+01
     0.493283700942993E+01     0.201871824264526E+01     0.118395786285400E+02     0.233171796798706E+01
     0.494210910797119E+01     0.201880168914795E+01     0.118330392837524E+02     0.233181810379028E+01
     0.495138168334961E+01     0.201911115646362E+01     0.118309574127197E+02     0.233223843574524E+01
     0.496065378189087E+01     0.201931905746460E+01     0.118270225524902E+02     0.233251523971558E+01
     0.496992588043213E+01     0.201929974555969E+01     0.118188705444336E+02     0.233247041702271E+01
     0.497919845581055E+01     0.201954960823059E+01     0.118157148361206E+02     0.233280658721924E+01
     0.498847055435181E+01     0.201977992057800E+01     0.118121995925903E+02     0.233311486244202E+01
     0.499774265289307E+01     0.201986765861511E+01     0.118064746856689E+02     0.233322238922119E+01
     0.500701522827148E+01     0.202047514915466E+01     0.118099594116211E+02     0.233406472206116E+01
     0.501628732681274E+01     0.202055454254150E+01     0.118039178848267E+02     0.233416008949280E+01
     0.502555942535400E+01     0.202090811729431E+01     0.118031053543091E+02     0.233464384078979E+01
     0.503483152389526E+01     0.202069664001465E+01     0.117919797897339E+02     0.233432745933533E+01
     0.504410409927368E+01     0.202085614204407E+01     0.117877016067505E+02     0.233453607559204E+01
     0.505337619781494E+01     0.202144122123718E+01     0.117911033630371E+02     0.233534789085388E+01
     0.506264829635620E+01     0.202150201797485E+01     0.117849912643433E+02     0.233541727066040E+01
     0.507192087173462E+01     0.202176904678345E+01     0.117828264236450E+02     0.233577895164490E+01
     0.508119297027588E+01     0.202173495292664E+01     0.117751588821411E+02     0.233571386337280E+01
     0.509046506881714E+01     0.202204227447510E+01     0.117737016677856E+02     0.233613228797913E+01
     0.509973764419556E+01     0.202229833602905E+01     0.117715110778809E+02     0.233647894859314E+01
     0.510900974273682E+01     0.202218937873840E+01     0.117627468109131E+02     0.233630776405334E+01
     0.511828184127808E+01     0.202260446548462E+01     0.117633428573608E+02     0.233687949180603E+01
     0.512755441665649E+01     0.202257871627808E+01     0.117562503814697E+02     0.233682656288147E+01
     0.513682651519775E+01     0.202314329147339E+01     0.117596817016602E+02     0.233761096000671E+01
     0.514609861373901E+01     0.202288961410522E+01     0.117485256195068E+02     0.233723425865173E+01
     0.515537118911743E+01     0.202352118492126E+01     0.117533149719238E+02     0.233811402320862E+01
     0.516464328765869E+01     0.202340459823608E+01     0.117445106506348E+02     0.233793187141418E+01
     0.517391538619995E+01     0.202339577674866E+01     0.117379951477051E+02     0.233790302276611E+01
     0.518318796157837E+01     0.202387738227844E+01     0.117400684356689E+02     0.233857011795044E+01
     0.519246006011963E+01     0.202401971817017E+01     0.117362670898438E+02     0.233875584602356E+01
     0.520173215866089E+01     0.202391409873962E+01     0.117279996871948E+02     0.233858919143677E+01
     0.521100473403931E+01     0.202406740188599E+01     0.117246236801147E+02     0.233879113197327E+01
     0.522027683258057E+01     0.202422618865967E+01     0.117211332321167E+02     0.233899998664856E+01
     0.522954893112183E+01     0.202479267120361E+01     0.117252016067505E+02     0.233978891372681E+01
     0.523882102966309E+01     0.202460455894470E+01     0.117155904769897E+02     0.233950519561768E+01
     0.524809360504150E+01     0.202490520477295E+01     0.117156572341919E+02     0.233991837501526E+01
     0.525736570358276E+01     0.202484130859375E+01     0.117095966339111E+02     0.233981442451477E+01
     0.526663780212402E+01     0.202526068687439E+01     0.117119207382202E+02     0.234039688110352E+01
     0.527591037750244E+01     0.202511453628540E+01     0.117037849426270E+02     0.234017419815063E+01
     0.528518247604370E+01     0.202558851242065E+01     0.117071285247803E+02     0.234083414077759E+01
     0.529445457458496E+01     0.202535223960876E+01     0.116972141265869E+02     0.234048295021057E+01
     0.530372714996338E+01     0.202573370933533E+01     0.116986865997314E+02     0.234101057052612E+01
     0.531299924850464E+01     0.202578401565552E+01     0.116940851211548E+02     0.234106707572937E+01
     0.532227134704590E+01     0.202567291259766E+01     0.116866827011108E+02     0.234089398384094E+01
     0.533154392242432E+01     0.202579355239868E+01     0.116834917068481E+02     0.234105086326599E+01
     0.534081602096558E+01     0.202626967430115E+01     0.116868038177490E+02     0.234171366691589E+01
     0.535008811950684E+01     0.202611517906189E+01     0.116784934997559E+02     0.234147834777832E+01
     0.535936069488525E+01     0.202653026580811E+01     0.116809864044189E+02     0.234205532073975E+01
     0.536863279342651E+01     0.202633619308472E+01     0.116718873977661E+02     0.234176301956177E+01
     0.537790489196777E+01     0.202644848823547E+01     0.116687459945679E+02     0.234190821647644E+01
     0.538717746734619E+01     0.202645540237427E+01     0.116636323928833E+02     0.234190273284912E+01
     0.539644956588745E+01     0.202677607536316E+01     0.116642904281616E+02     0.234234499931335E+01
     0.540572166442871E+01     0.202708935737610E+01     0.116650190353394E+02     0.234277677536011E+01
     0.541499376296997E+01     0.202722334861755E+01     0.116623363494873E+02     0.234295296669006E+01
     0.542426633834839E+01     0.202684974670410E+01     0.116503295898438E+02     0.234240484237671E+01
     0.543353843688965E+01     0.202738547325134E+01     0.116551313400269E+02     0.234315419197083E+01
     0.544281053543091E+01     0.202748179435730E+01     0.116519222259521E+02     0.234327673912048E+01
     0.545208311080933E+01     0.202715373039246E+01     0.116407260894775E+02     0.234279298782349E+01
     0.546135520935059E+01     0.202722811698914E+01     0.116372299194336E+02     0.234288477897644E+01
     0.547062730789185E+01     0.202781677246094E+01     0.116431579589844E+02     0.234371018409729E+01
     0.547989988327026E+01     0.202752494812012E+01     0.116337680816650E+02     0.234328150749207E+01
     0.548917198181152E+01     0.202772259712219E+01     0.116341056823730E+02     0.234355354309082E+01
     0.549844408035278E+01     0.202791619300842E+01     0.116338424682617E+02     0.234381842613220E+01
     0.550771665573120E+01     0.202781629562378E+01     0.116279888153076E+02     0.234366321563721E+01
     0.551698875427246E+01     0.202813959121704E+01     0.116302089691162E+02     0.234411311149597E+01
     0.552626085281372E+01     0.202775263786316E+01     0.116188335418701E+02     0.234354710578918E+01
     0.553553342819214E+01     0.202823805809021E+01     0.116237907409668E+02     0.234422826766968E+01
     0.554480552673340E+01     0.202826786041260E+01     0.116201734542847E+02     0.234425783157349E+01
     0.555407762527466E+01     0.202800869941711E+01     0.116111993789673E+02     0.234387397766113E+01
     0.556335020065308E+01     0.202843332290649E+01     0.116150598526001E+02     0.234446811676025E+01
     0.557262229919434E+01     0.202813458442688E+01     0.116052274703979E+02     0.234402704238892E+01
     0.558189439773560E+01     0.202807736396790E+01     0.116001977920532E+02     0.234393191337585E+01
     0.559116697311401E+01     0.202857589721680E+01     0.116053733825684E+02     0.234463214874268E+01
     0.560043907165527E+01     0.202866244316101E+01     0.116029005050659E+02     0.234474229812622E+01
     0.560971117019653E+01     0.202870130538940E+01     0.115995941162109E+02     0.234478497505188E+01
     0.561898326873779E+01     0.202855801582336E+01     0.115928554534912E+02     0.234456634521484E+01
     0.562825584411621E+01     0.202887201309204E+01     0.115948610305786E+02     0.234500241279602E+01
     0.563752794265747E+01     0.202888107299805E+01     0.115910100936890E+02     0.234500217437744E+01
     0.564680004119873E+01     0.202892136573792E+01     0.115878162384033E+02     0.234504652023315E+01
     0.565607261657715E+01     0.202888083457947E+01     0.115830478668213E+02     0.234497475624084E+01
     0.566534471511841E+01     0.202910423278809E+01     0.115835599899292E+02     0.234528207778931E+01
     0.567461681365967E+01     0.202892351150513E+01     0.115761337280273E+02     0.234500932693481E+01
     0.568388938903809E+01     0.202904152870178E+01     0.115745353698730E+02     0.234516501426697E+01
     0.569316148757935E+01     0.202899694442749E+01     0.115699148178101E+02     0.234508800506592E+01
     0.570243358612061E+01     0.202920556068420E+01     0.115701379776001E+02     0.234537386894226E+01
     0.571170616149902E+01     0.202897047996521E+01     0.115619726181030E+02     0.234502363204956E+01
     0.572097826004028E+01     0.202894616127014E+01     0.115578193664551E+02     0.234497523307800E+01
     0.573025035858154E+01     0.202899169921875E+01     0.115549354553223E+02     0.234502720832825E+01
     0.573952293395996E+01     0.202899312973022E+01     0.115514116287231E+02     0.234501624107361E+01
     0.574879503250122E+01     0.202904343605042E+01     0.115486812591553E+02     0.234507489204407E+01
     0.575806713104248E+01     0.202902889251709E+01     0.115449991226196E+02     0.234504151344299E+01
     0.576733970642090E+01     0.202935314178467E+01     0.115482292175293E+02     0.234549617767334E+01
     0.577661180496216E+01     0.202949023246765E+01     0.115480346679688E+02     0.234568238258362E+01
     0.578588390350342E+01     0.202947497367859E+01     0.115446557998657E+02     0.234564924240112E+01
     0.579515647888184E+01     0.202929830551147E+01     0.115382394790649E+02     0.234538388252258E+01
     0.580442857742310E+01     0.202955222129822E+01     0.115401363372803E+02     0.234573721885681E+01
     0.581370067596436E+01     0.202945494651794E+01     0.115351619720459E+02     0.234558582305908E+01
     0.582297277450562E+01     0.202929329872131E+01     0.115291061401367E+02     0.234534215927124E+01
     0.583224534988403E+01     0.202961039543152E+01     0.115321025848389E+02     0.234578585624695E+01
     0.584151744842529E+01     0.202938938140869E+01     0.115247879028320E+02     0.234545636177063E+01
     0.585078954696655E+01     0.202965259552002E+01     0.115269212722778E+02     0.234582281112671E+01
     0.586006212234497E+01     0.202969360351562E+01     0.115247802734375E+02     0.234587025642395E+01
     0.586933422088623E+01     0.202936720848083E+01     0.115156421661377E+02     0.234538984298706E+01
     0.587860631942749E+01     0.202958297729492E+01     0.115168390274048E+02     0.234568810462952E+01
     0.588787889480591E+01     0.202931451797485E+01     0.115089035034180E+02     0.234529066085815E+01
     0.589715099334717E+01     0.202964663505554E+01     0.115123653411865E+02     0.234575653076172E+01
     0.590642309188843E+01     0.202957129478455E+01     0.115080595016479E+02     0.234563636779785E+01
     0.591569566726685E+01     0.202976894378662E+01     0.115091571807861E+02     0.234590935707092E+01
     0.592496776580811E+01     0.202963352203369E+01     0.115036411285400E+02     0.234570264816284E+01
     0.593423986434937E+01     0.202955532073975E+01     0.114993858337402E+02     0.234557867050171E+01
     0.594351243972778E+01     0.202935147285461E+01     0.114928531646729E+02     0.234527373313904E+01
     0.595278453826904E+01     0.202966475486755E+01     0.114959945678711E+02     0.234571266174316E+01
     0.596205663681030E+01     0.202962994575500E+01     0.114926424026489E+02     0.234565091133118E+01
     0.597132921218872E+01     0.202935028076172E+01     0.114846944808960E+02     0.234523701667786E+01
     0.598060131072998E+01     0.202937841415405E+01     0.114825763702393E+02     0.234526586532593E+01
     0.598987340927124E+01     0.202950835227966E+01     0.114823074340820E+02     0.234544086456299E+01
     0.599914598464966E+01     0.202973175048828E+01     0.114841260910034E+02     0.234575152397156E+01
     0.600841808319092E+01     0.202975273132324E+01     0.114819688796997E+02     0.234577012062073E+01
     0.601769018173218E+01     0.202944827079773E+01     0.114734430313110E+02     0.234531974792480E+01
     0.602696228027344E+01     0.202929043769836E+01     0.114679813385010E+02     0.234508109092712E+01
     0.603623485565186E+01     0.202963638305664E+01     0.114720058441162E+02     0.234556746482849E+01
     0.604550695419312E+01     0.202946400642395E+01     0.114662160873413E+02     0.234530782699585E+01
     0.605477905273438E+01     0.202964997291565E+01     0.114673976898193E+02     0.234556460380554E+01
     0.606405162811279E+01     0.202943325042725E+01     0.114607105255127E+02     0.234524035453796E+01
     0.607332372665405E+01     0.202934074401855E+01     0.114565200805664E+02     0.234509563446045E+01
     0.608259582519531E+01     0.202924585342407E+01     0.114526901245117E+02     0.234494900703430E+01
     0.609186840057373E+01     0.202947211265564E+01     0.114550600051880E+02     0.234526586532593E+01
     0.610114049911499E+01     0.202961802482605E+01     0.114560756683350E+02     0.234546685218811E+01
     0.611041259765625E+01     0.202931952476501E+01     0.114482059478760E+02     0.234502649307251E+01
     0.611968517303467E+01     0.202911448478699E+01     0.114424123764038E+02     0.234472107887268E+01
     0.612895727157593E+01     0.202905845642090E+01     0.114393224716187E+02     0.234463000297546E+01
     0.613822937011719E+01     0.202954530715942E+01     0.114466810226440E+02     0.234532213211060E+01
     0.614750194549561E+01     0.202948975563049E+01     0.114435796737671E+02     0.234523177146912E+01
     0.615677404403687E+01     0.202925014495850E+01     0.114368038177490E+02     0.234487557411194E+01
     0.616604614257812E+01     0.202923917770386E+01     0.114346399307251E+02     0.234484982490540E+01
     0.617531871795654E+01     0.202927947044373E+01     0.114334878921509E+02     0.234489750862122E+01
     0.618459081649780E+01     0.202901744842529E+01     0.114264955520630E+02     0.234450912475586E+01
     0.619386291503906E+01     0.202929282188416E+01     0.114299116134644E+02     0.234489631652832E+01
     0.620313501358032E+01     0.202921557426453E+01     0.114264535903931E+02     0.234477448463440E+01
     0.621240758895874E+01     0.202896261215210E+01     0.114196910858154E+02     0.234439897537231E+01
     0.622167968750000E+01     0.202925705909729E+01     0.114236021041870E+02     0.234481382369995E+01
     0.623095178604126E+01     0.202909612655640E+01     0.114185342788696E+02     0.234457111358643E+01
     0.624022436141968E+01     0.202914953231812E+01     0.114178113937378E+02     0.234463810920715E+01
     0.624949645996094E+01     0.202902317047119E+01     0.114134931564331E+02     0.234444522857666E+01
     0.625876855850220E+01     0.202873945236206E+01     0.114062118530273E+02     0.234402489662170E+01
     0.626804113388062E+01     0.202864789962769E+01     0.114027585983276E+02     0.234388279914856E+01
     0.627731323242188E+01     0.202894186973572E+01     0.114066438674927E+02     0.234429717063904E+01
     0.628658533096313E+01     0.202870631217957E+01     0.114002952575684E+02     0.234394645690918E+01
     0.629585790634155E+01     0.202885985374451E+01     0.114016475677490E+02     0.234415841102600E+01
     0.630513000488281E+01     0.202879142761230E+01     0.113986072540283E+02     0.234404897689819E+01
     0.631440210342407E+01     0.202854061126709E+01     0.113920612335205E+02     0.234367609024048E+01
     0.632367467880249E+01     0.202834773063660E+01     0.113868055343628E+02     0.234338712692261E+01
     0.633294677734375E+01     0.202826619148254E+01     0.113836841583252E+02     0.234325957298279E+01
     0.634221887588501E+01     0.202849531173706E+01     0.113863620758057E+02     0.234358072280884E+01
     0.635149145126343E+01     0.202836108207703E+01     0.113822069168091E+02     0.234337639808655E+01
     0.636076354980469E+01     0.202821540832520E+01     0.113778820037842E+02     0.234315562248230E+01
     0.637003564834595E+01     0.202816390991211E+01     0.113753681182861E+02     0.234307122230530E+01
     0.637930822372437E+01     0.202835178375244E+01     0.113774709701538E+02     0.234333252906799E+01
     0.638858032226562E+01     0.202814722061157E+01     0.113720111846924E+02     0.234302687644958E+01
     0.639785242080688E+01     0.202797651290894E+01     0.113673381805420E+02     0.234277009963989E+01
     0.640712451934814E+01     0.202791357040405E+01     0.113646955490112E+02     0.234266924858093E+01
     0.641639709472656E+01     0.202791881561279E+01     0.113633489608765E+02     0.234266686439514E+01
     0.642566919326782E+01     0.202789783477783E+01     0.113615007400513E+02     0.234262633323669E+01
     0.643494129180908E+01     0.202766990661621E+01     0.113560543060303E+02     0.234228825569153E+01
     0.644421386718750E+01     0.202779865264893E+01     0.113573179244995E+02     0.234246635437012E+01
     0.645348596572876E+01     0.202768731117249E+01     0.113540563583374E+02     0.234229683876038E+01
     0.646275806427002E+01     0.202761173248291E+01     0.113515110015869E+02     0.234217905998230E+01
     0.647203063964844E+01     0.202746438980103E+01     0.113476343154907E+02     0.234195733070374E+01
     0.648130273818970E+01     0.202768087387085E+01     0.113505792617798E+02     0.234226250648499E+01
     0.649057483673096E+01     0.202765655517578E+01     0.113490037918091E+02     0.234221839904785E+01
     0.649984741210938E+01     0.202755165100098E+01     0.113458166122437E+02     0.234205770492554E+01
     0.650911951065063E+01     0.202729320526123E+01     0.113397541046143E+02     0.234167432785034E+01
     0.651839160919189E+01     0.202756810188293E+01     0.113440160751343E+02     0.234206342697144E+01
     0.652766418457031E+01     0.202735710144043E+01     0.113387403488159E+02     0.234174919128418E+01
     0.653693628311157E+01     0.202722501754761E+01     0.113350782394409E+02     0.234154820442200E+01
     0.654620838165283E+01     0.202736449241638E+01     0.113368511199951E+02     0.234174156188965E+01
     0.655548095703125E+01     0.202695631980896E+01     0.113278446197510E+02     0.234114098548889E+01
     0.656475305557251E+01     0.202703952789307E+01     0.113283681869507E+02     0.234125280380249E+01
     0.657402515411377E+01     0.202685666084290E+01     0.113238601684570E+02     0.234097862243652E+01
     0.658329772949219E+01     0.202681636810303E+01     0.113220787048340E+02     0.234091114997864E+01
     0.659256982803345E+01     0.202688741683960E+01     0.113224983215332E+02     0.234100532531738E+01
     0.660184192657471E+01     0.202671790122986E+01     0.113182573318481E+02     0.234075069427490E+01
     0.661111402511597E+01     0.202654457092285E+01     0.113140029907227E+02     0.234049081802368E+01
     0.662038660049438E+01     0.202666687965393E+01     0.113154592514038E+02     0.234065890312195E+01
     0.662965869903564E+01     0.202646136283875E+01     0.113105611801147E+02     0.234035205841064E+01
     0.663893079757690E+01     0.202646946907043E+01     0.113098611831665E+02     0.234035491943359E+01
     0.664820337295532E+01     0.202620124816895E+01     0.113038644790649E+02     0.233995747566223E+01
     0.665747547149658E+01     0.202621936798096E+01     0.113033504486084E+02     0.233997511863708E+01
     0.666674757003784E+01     0.202621507644653E+01     0.113024415969849E+02     0.233995962142944E+01
     0.667602014541626E+01     0.202610063552856E+01     0.112994174957275E+02     0.233978486061096E+01
     0.668529224395752E+01     0.202594137191772E+01     0.112955513000488E+02     0.233954501152039E+01
     0.669456434249878E+01     0.202613782882690E+01     0.112987699508667E+02     0.233982157707214E+01
     0.670383691787720E+01     0.202563238143921E+01     0.112881336212158E+02     0.233907914161682E+01
     0.671310901641846E+01     0.202565240859985E+01     0.112877168655396E+02     0.233909916877747E+01
     0.672238111495972E+01     0.202584314346313E+01     0.112908401489258E+02     0.233936715126038E+01
     0.673165369033813E+01     0.202538943290710E+01     0.112812728881836E+02     0.233870005607605E+01
     0.674092578887939E+01     0.202543020248413E+01     0.112813291549683E+02     0.233875060081482E+01
     0.675019788742065E+01     0.202534389495850E+01     0.112789945602417E+02     0.233861637115479E+01
     0.675947046279907E+01     0.202537131309509E+01     0.112789354324341E+02     0.233864736557007E+01
     0.676874256134033E+01     0.202534103393555E+01     0.112778015136719E+02     0.233859491348267E+01
     0.677801465988159E+01     0.202500152587891E+01     0.112705202102661E+02     0.233809304237366E+01
     0.678728723526001E+01     0.202516984939575E+01     0.112733421325684E+02     0.233832907676697E+01
     0.679655933380127E+01     0.202483105659485E+01     0.112660665512085E+02     0.233782839775085E+01
     0.680583143234253E+01     0.202467632293701E+01     0.112626485824585E+02     0.233759665489197E+01
     0.681510353088379E+01     0.202472329139709E+01     0.112631053924561E+02     0.233765769004822E+01
     0.682437610626221E+01     0.202475309371948E+01     0.112633190155029E+02     0.233769392967224E+01
     0.683364820480347E+01     0.202434563636780E+01     0.112550230026245E+02     0.233709478378296E+01
     0.684292030334473E+01     0.202447748184204E+01     0.112570657730103E+02     0.233727860450745E+01
     0.685219287872314E+01     0.202451753616333E+01     0.112575359344482E+02     0.233732938766479E+01
     0.686146497726440E+01     0.202417087554932E+01     0.112503423690796E+02     0.233681797981262E+01
     0.687073707580566E+01     0.202410888671875E+01     0.112487516403198E+02     0.233672070503235E+01
     0.688000965118408E+01     0.202391791343689E+01     0.112447357177734E+02     0.233643531799316E+01
     0.688928174972534E+01     0.202398538589478E+01     0.112456436157227E+02     0.233652615547180E+01
     0.689855384826660E+01     0.202401781082153E+01     0.112460136413574E+02     0.233656597137451E+01
     0.690782642364502E+01     0.202357769012451E+01     0.112371854782104E+02     0.233591842651367E+01
     0.691709852218628E+01     0.202381110191345E+01     0.112413539886475E+02     0.233624982833862E+01
     0.692637062072754E+01     0.202351737022400E+01     0.112352914810181E+02     0.233581519126892E+01
     0.693564319610596E+01     0.202352309226990E+01     0.112351264953613E+02     0.233581542968750E+01
     0.694491529464722E+01     0.202338218688965E+01     0.112321109771729E+02     0.233560228347778E+01
     0.695418739318848E+01     0.202344274520874E+01     0.112331733703613E+02     0.233568286895752E+01
     0.696345996856689E+01     0.202294039726257E+01     0.112231473922729E+02     0.233494448661804E+01
     0.697273206710815E+01     0.202323079109192E+01     0.112286195755005E+02     0.233535933494568E+01
     0.698200416564941E+01     0.202297019958496E+01     0.112232313156128E+02     0.233497262001038E+01
     0.699127626419067E+01     0.202282810211182E+01     0.112202816009521E+02     0.233475828170776E+01
     0.700054883956909E+01     0.202275824546814E+01     0.112187728881836E+02     0.233464884757996E+01
     0.700982093811035E+01     0.202276945114136E+01     0.112189493179321E+02     0.233465790748596E+01
     0.701909303665161E+01     0.202265238761902E+01     0.112165384292603E+02     0.233448004722595E+01
     0.702836561203003E+01     0.202261781692505E+01     0.112158737182617E+02     0.233442211151123E+01
     0.703763771057129E+01     0.202221417427063E+01     0.112076978683472E+02     0.233382678031921E+01
     0.704690980911255E+01     0.202195191383362E+01     0.112026052474976E+02     0.233343791961670E+01
     0.705618238449097E+01     0.202218532562256E+01     0.112070960998535E+02     0.233377051353455E+01
     0.706545448303223E+01     0.202178955078125E+01     0.111992721557617E+02     0.233318614959717E+01
     0.707472658157349E+01     0.202171087265015E+01     0.111976909637451E+02     0.233306407928467E+01
     0.708399915695190E+01     0.202183866500854E+01     0.112002696990967E+02     0.233324289321899E+01
     0.709327125549316E+01     0.202162837982178E+01     0.111960916519165E+02     0.233292913436890E+01
     0.710254335403442E+01     0.202169966697693E+01     0.111977491378784E+02     0.233302593231201E+01
     0.711181592941284E+01     0.202118396759033E+01     0.111874923706055E+02     0.233226728439331E+01
     0.712108802795410E+01     0.202134656906128E+01     0.111907825469971E+02     0.233249688148499E+01
     0.713036012649536E+01     0.202127504348755E+01     0.111895294189453E+02     0.233238530158997E+01
     0.713963270187378E+01     0.202073836326599E+01     0.111790723800659E+02     0.233159661293030E+01
     0.714890480041504E+01     0.202110910415649E+01     0.111866455078125E+02     0.233212924003601E+01
     0.715817689895630E+01     0.202089810371399E+01     0.111824789047241E+02     0.233181428909302E+01
     0.716744947433472E+01     0.202085304260254E+01     0.111818895339966E+02     0.233174180984497E+01
     0.717672157287598E+01     0.202037262916565E+01     0.111723423004150E+02     0.233103394508362E+01
     0.718599367141724E+01     0.202012395858765E+01     0.111677160263062E+02     0.233066534996033E+01
     0.719526576995850E+01     0.202039527893066E+01     0.111731948852539E+02     0.233105492591858E+01
     0.720453834533691E+01     0.202015805244446E+01     0.111686143875122E+02     0.233070278167725E+01
     0.721381044387817E+01     0.202011251449585E+01     0.111679544448853E+02     0.233063030242920E+01
     0.722308254241943E+01     0.202006292343140E+01     0.111672763824463E+02     0.233055186271667E+01
     0.723235511779785E+01     0.201966285705566E+01     0.111595373153687E+02     0.232996201515198E+01
     0.724162721633911E+01     0.201953482627869E+01     0.111572647094727E+02     0.232976865768433E+01
     0.725089931488037E+01     0.201944684982300E+01     0.111557826995850E+02     0.232963395118713E+01
     0.726017189025879E+01     0.201918840408325E+01     0.111510753631592E+02     0.232925057411194E+01
     0.726944398880005E+01     0.201939868927002E+01     0.111554574966431E+02     0.232955074310303E+01
     0.727871608734131E+01     0.201909232139587E+01     0.111496715545654E+02     0.232909750938416E+01
     0.728798866271973E+01     0.201907849311829E+01     0.111497411727905E+02     0.232907080650330E+01
     0.729726076126099E+01     0.201913762092590E+01     0.111514730453491E+02     0.232915067672729E+01
     0.730653285980225E+01     0.201874923706055E+01     0.111439256668091E+02     0.232857751846313E+01
     0.731580543518066E+01     0.201880860328674E+01     0.111455955505371E+02     0.232865810394287E+01
     0.732507753372192E+01     0.201868271827698E+01     0.111434974670410E+02     0.232846784591675E+01
     0.733434963226318E+01     0.201856207847595E+01     0.111415433883667E+02     0.232828521728516E+01
     0.734362220764160E+01     0.201840186119080E+01     0.111387615203857E+02     0.232804512977600E+01
     0.735289430618286E+01     0.201814651489258E+01     0.111340446472168E+02     0.232766628265381E+01
     0.736216640472412E+01     0.201822519302368E+01     0.111363000869751E+02     0.232777476310730E+01
     0.737143898010254E+01     0.201807451248169E+01     0.111337480545044E+02     0.232754850387573E+01
     0.738071107864380E+01     0.201793575286865E+01     0.111314849853516E+02     0.232733964920044E+01
     0.738998317718506E+01     0.201776456832886E+01     0.111285305023193E+02     0.232708311080933E+01
     0.739925527572632E+01     0.201738429069519E+01     0.111213607788086E+02     0.232652163505554E+01
     0.740852785110474E+01     0.201747679710388E+01     0.111238355636597E+02     0.232665061950684E+01
